2016-01-19 16:06:30 Error: [MissingConnectionException] Database connection "Mysql" is missing, or could not be created.
Exception Attributes: array (
  'class' => 'Mysql',
  'message' => 'SQLSTATE[HY000] [1049] Unknown database \'xonxao\'',
  'enabled' => true,
)
Request URL: /
Stack Trace:
#0 D:\xampp\htdocs\leminhhoan-01-master\lib\Cake\Model\Datasource\DboSource.php(260): Mysql->connect()
#1 D:\xampp\htdocs\leminhhoan-01-master\lib\Cake\Model\ConnectionManager.php(105): DboSource->__construct(Array)
#2 D:\xampp\htdocs\leminhhoan-01-master\lib\Cake\Model\Model.php(3626): ConnectionManager::getDataSource('default')
#3 D:\xampp\htdocs\leminhhoan-01-master\lib\Cake\Model\Model.php(1155): Model->setDataSource('default')
#4 D:\xampp\htdocs\leminhhoan-01-master\lib\Cake\Model\Model.php(3653): Model->setSource('videos')
#5 D:\xampp\htdocs\leminhhoan-01-master\lib\Cake\Model\Model.php(3031): Model->getDataSource()
#6 D:\xampp\htdocs\leminhhoan-01-master\lib\Cake\Model\Model.php(3003): Model->_readDataSource('all', Array)
#7 D:\xampp\htdocs\leminhhoan-01-master\app\Controller\VideoController.php(58): Model->find('all', Array)
#8 [internal function]: VideoController->index('home')
#9 D:\xampp\htdocs\leminhhoan-01-master\lib\Cake\Controller\Controller.php(490): ReflectionMethod->invokeArgs(Object(VideoController), Array)
#10 D:\xampp\htdocs\leminhhoan-01-master\lib\Cake\Routing\Dispatcher.php(193): Controller->invokeAction(Object(CakeRequest))
#11 D:\xampp\htdocs\leminhhoan-01-master\lib\Cake\Routing\Dispatcher.php(167): Dispatcher->_invoke(Object(VideoController), Object(CakeRequest))
#12 D:\xampp\htdocs\leminhhoan-01-master\app\webroot\index.php(111): Dispatcher->dispatch(Object(CakeRequest), Object(CakeResponse))
#13 {main}
2016-01-20 04:52:14 Error: [MissingControllerException] Controller class HuongleeController could not be found.
Exception Attributes: array (
  'class' => 'HuongleeController',
  'plugin' => NULL,
)
Request URL: /huonglee/
Stack Trace:
#0 D:\xampp\htdocs\leminhhoan-01-master\app\webroot\index.php(111): Dispatcher->dispatch(Object(CakeRequest), Object(CakeResponse))
#1 {main}
2016-01-20 10:03:22 Error: [MissingControllerException] Controller class WordpressController could not be found.
Exception Attributes: array (
  'class' => 'WordpressController',
  'plugin' => NULL,
)
Request URL: /wordpress/
Stack Trace:
#0 D:\xampp\htdocs\leminhhoan-01-master\app\webroot\index.php(111): Dispatcher->dispatch(Object(CakeRequest), Object(CakeResponse))
#1 {main}
2016-01-20 10:03:31 Error: [MissingConnectionException] Database connection "Mysql" is missing, or could not be created.
Exception Attributes: array (
  'class' => 'Mysql',
  'message' => 'SQLSTATE[HY000] [1049] Unknown database \'xonxao\'',
  'enabled' => true,
)
Request URL: /
Stack Trace:
#0 D:\xampp\htdocs\leminhhoan-01-master\lib\Cake\Model\Datasource\DboSource.php(260): Mysql->connect()
#1 D:\xampp\htdocs\leminhhoan-01-master\lib\Cake\Model\ConnectionManager.php(105): DboSource->__construct(Array)
#2 D:\xampp\htdocs\leminhhoan-01-master\lib\Cake\Model\Model.php(3626): ConnectionManager::getDataSource('default')
#3 D:\xampp\htdocs\leminhhoan-01-master\lib\Cake\Model\Model.php(1155): Model->setDataSource('default')
#4 D:\xampp\htdocs\leminhhoan-01-master\lib\Cake\Model\Model.php(3653): Model->setSource('videos')
#5 D:\xampp\htdocs\leminhhoan-01-master\lib\Cake\Model\Model.php(3031): Model->getDataSource()
#6 D:\xampp\htdocs\leminhhoan-01-master\lib\Cake\Model\Model.php(3003): Model->_readDataSource('all', Array)
#7 D:\xampp\htdocs\leminhhoan-01-master\app\Controller\VideoController.php(58): Model->find('all', Array)
#8 [internal function]: VideoController->index('home')
#9 D:\xampp\htdocs\leminhhoan-01-master\lib\Cake\Controller\Controller.php(490): ReflectionMethod->invokeArgs(Object(VideoController), Array)
#10 D:\xampp\htdocs\leminhhoan-01-master\lib\Cake\Routing\Dispatcher.php(193): Controller->invokeAction(Object(CakeRequest))
#11 D:\xampp\htdocs\leminhhoan-01-master\lib\Cake\Routing\Dispatcher.php(167): Dispatcher->_invoke(Object(VideoController), Object(CakeRequest))
#12 D:\xampp\htdocs\leminhhoan-01-master\app\webroot\index.php(111): Dispatcher->dispatch(Object(CakeRequest), Object(CakeResponse))
#13 {main}
2016-01-20 10:03:35 Error: [MissingConnectionException] Database connection "Mysql" is missing, or could not be created.
Exception Attributes: array (
  'class' => 'Mysql',
  'message' => 'SQLSTATE[HY000] [1049] Unknown database \'xonxao\'',
  'enabled' => true,
)
Request URL: /
Stack Trace:
#0 D:\xampp\htdocs\leminhhoan-01-master\lib\Cake\Model\Datasource\DboSource.php(260): Mysql->connect()
#1 D:\xampp\htdocs\leminhhoan-01-master\lib\Cake\Model\ConnectionManager.php(105): DboSource->__construct(Array)
#2 D:\xampp\htdocs\leminhhoan-01-master\lib\Cake\Model\Model.php(3626): ConnectionManager::getDataSource('default')
#3 D:\xampp\htdocs\leminhhoan-01-master\lib\Cake\Model\Model.php(1155): Model->setDataSource('default')
#4 D:\xampp\htdocs\leminhhoan-01-master\lib\Cake\Model\Model.php(3653): Model->setSource('videos')
#5 D:\xampp\htdocs\leminhhoan-01-master\lib\Cake\Model\Model.php(3031): Model->getDataSource()
#6 D:\xampp\htdocs\leminhhoan-01-master\lib\Cake\Model\Model.php(3003): Model->_readDataSource('all', Array)
#7 D:\xampp\htdocs\leminhhoan-01-master\app\Controller\VideoController.php(58): Model->find('all', Array)
#8 [internal function]: VideoController->index('home')
#9 D:\xampp\htdocs\leminhhoan-01-master\lib\Cake\Controller\Controller.php(490): ReflectionMethod->invokeArgs(Object(VideoController), Array)
#10 D:\xampp\htdocs\leminhhoan-01-master\lib\Cake\Routing\Dispatcher.php(193): Controller->invokeAction(Object(CakeRequest))
#11 D:\xampp\htdocs\leminhhoan-01-master\lib\Cake\Routing\Dispatcher.php(167): Dispatcher->_invoke(Object(VideoController), Object(CakeRequest))
#12 D:\xampp\htdocs\leminhhoan-01-master\app\webroot\index.php(111): Dispatcher->dispatch(Object(CakeRequest), Object(CakeResponse))
#13 {main}
2016-01-20 10:04:22 Error: [MissingConnectionException] Database connection "Mysql" is missing, or could not be created.
Exception Attributes: array (
  'class' => 'Mysql',
  'message' => 'SQLSTATE[HY000] [1049] Unknown database \'xonxao\'',
  'enabled' => true,
)
Request URL: /
Stack Trace:
#0 D:\xampp\htdocs\leminhhoan-01-master\lib\Cake\Model\Datasource\DboSource.php(260): Mysql->connect()
#1 D:\xampp\htdocs\leminhhoan-01-master\lib\Cake\Model\ConnectionManager.php(105): DboSource->__construct(Array)
#2 D:\xampp\htdocs\leminhhoan-01-master\lib\Cake\Model\Model.php(3626): ConnectionManager::getDataSource('default')
#3 D:\xampp\htdocs\leminhhoan-01-master\lib\Cake\Model\Model.php(1155): Model->setDataSource('default')
#4 D:\xampp\htdocs\leminhhoan-01-master\lib\Cake\Model\Model.php(3653): Model->setSource('videos')
#5 D:\xampp\htdocs\leminhhoan-01-master\lib\Cake\Model\Model.php(3031): Model->getDataSource()
#6 D:\xampp\htdocs\leminhhoan-01-master\lib\Cake\Model\Model.php(3003): Model->_readDataSource('all', Array)
#7 D:\xampp\htdocs\leminhhoan-01-master\app\Controller\VideoController.php(58): Model->find('all', Array)
#8 [internal function]: VideoController->index('home')
#9 D:\xampp\htdocs\leminhhoan-01-master\lib\Cake\Controller\Controller.php(490): ReflectionMethod->invokeArgs(Object(VideoController), Array)
#10 D:\xampp\htdocs\leminhhoan-01-master\lib\Cake\Routing\Dispatcher.php(193): Controller->invokeAction(Object(CakeRequest))
#11 D:\xampp\htdocs\leminhhoan-01-master\lib\Cake\Routing\Dispatcher.php(167): Dispatcher->_invoke(Object(VideoController), Object(CakeRequest))
#12 D:\xampp\htdocs\leminhhoan-01-master\app\webroot\index.php(111): Dispatcher->dispatch(Object(CakeRequest), Object(CakeResponse))
#13 {main}
2016-01-20 12:35:52 Error: [MissingConnectionException] Database connection "Mysql" is missing, or could not be created.
Exception Attributes: array (
  'class' => 'Mysql',
  'message' => 'SQLSTATE[HY000] [1049] Unknown database \'xonxao\'',
  'enabled' => true,
)
Request URL: /
Stack Trace:
#0 D:\xampp\htdocs\leminhhoan-01-master\lib\Cake\Model\Datasource\DboSource.php(260): Mysql->connect()
#1 D:\xampp\htdocs\leminhhoan-01-master\lib\Cake\Model\ConnectionManager.php(105): DboSource->__construct(Array)
#2 D:\xampp\htdocs\leminhhoan-01-master\lib\Cake\Model\Model.php(3626): ConnectionManager::getDataSource('default')
#3 D:\xampp\htdocs\leminhhoan-01-master\lib\Cake\Model\Model.php(1155): Model->setDataSource('default')
#4 D:\xampp\htdocs\leminhhoan-01-master\lib\Cake\Model\Model.php(3653): Model->setSource('videos')
#5 D:\xampp\htdocs\leminhhoan-01-master\lib\Cake\Model\Model.php(3031): Model->getDataSource()
#6 D:\xampp\htdocs\leminhhoan-01-master\lib\Cake\Model\Model.php(3003): Model->_readDataSource('all', Array)
#7 D:\xampp\htdocs\leminhhoan-01-master\app\Controller\VideoController.php(58): Model->find('all', Array)
#8 [internal function]: VideoController->index('home')
#9 D:\xampp\htdocs\leminhhoan-01-master\lib\Cake\Controller\Controller.php(490): ReflectionMethod->invokeArgs(Object(VideoController), Array)
#10 D:\xampp\htdocs\leminhhoan-01-master\lib\Cake\Routing\Dispatcher.php(193): Controller->invokeAction(Object(CakeRequest))
#11 D:\xampp\htdocs\leminhhoan-01-master\lib\Cake\Routing\Dispatcher.php(167): Dispatcher->_invoke(Object(VideoController), Object(CakeRequest))
#12 D:\xampp\htdocs\leminhhoan-01-master\app\webroot\index.php(111): Dispatcher->dispatch(Object(CakeRequest), Object(CakeResponse))
#13 {main}
2016-01-21 05:08:56 Error: [MissingConnectionException] Database connection "Mysql" is missing, or could not be created.
Exception Attributes: array (
  'class' => 'Mysql',
  'message' => 'SQLSTATE[HY000] [1049] Unknown database \'xonxao\'',
  'enabled' => true,
)
Request URL: /
Stack Trace:
#0 D:\xampp\htdocs\leminhhoan-01-master\lib\Cake\Model\Datasource\DboSource.php(260): Mysql->connect()
#1 D:\xampp\htdocs\leminhhoan-01-master\lib\Cake\Model\ConnectionManager.php(105): DboSource->__construct(Array)
#2 D:\xampp\htdocs\leminhhoan-01-master\lib\Cake\Model\Model.php(3626): ConnectionManager::getDataSource('default')
#3 D:\xampp\htdocs\leminhhoan-01-master\lib\Cake\Model\Model.php(1155): Model->setDataSource('default')
#4 D:\xampp\htdocs\leminhhoan-01-master\lib\Cake\Model\Model.php(3653): Model->setSource('videos')
#5 D:\xampp\htdocs\leminhhoan-01-master\lib\Cake\Model\Model.php(3031): Model->getDataSource()
#6 D:\xampp\htdocs\leminhhoan-01-master\lib\Cake\Model\Model.php(3003): Model->_readDataSource('all', Array)
#7 D:\xampp\htdocs\leminhhoan-01-master\app\Controller\VideoController.php(58): Model->find('all', Array)
#8 [internal function]: VideoController->index('home')
#9 D:\xampp\htdocs\leminhhoan-01-master\lib\Cake\Controller\Controller.php(490): ReflectionMethod->invokeArgs(Object(VideoController), Array)
#10 D:\xampp\htdocs\leminhhoan-01-master\lib\Cake\Routing\Dispatcher.php(193): Controller->invokeAction(Object(CakeRequest))
#11 D:\xampp\htdocs\leminhhoan-01-master\lib\Cake\Routing\Dispatcher.php(167): Dispatcher->_invoke(Object(VideoController), Object(CakeRequest))
#12 D:\xampp\htdocs\leminhhoan-01-master\app\webroot\index.php(111): Dispatcher->dispatch(Object(CakeRequest), Object(CakeResponse))
#13 {main}
2016-01-21 05:52:38 Error: [MissingConnectionException] Database connection "Mysql" is missing, or could not be created.
Exception Attributes: array (
  'class' => 'Mysql',
  'message' => 'SQLSTATE[HY000] [1049] Unknown database \'xonxao\'',
  'enabled' => true,
)
Request URL: /
Stack Trace:
#0 D:\xampp\htdocs\leminhhoan-01-master\lib\Cake\Model\Datasource\DboSource.php(260): Mysql->connect()
#1 D:\xampp\htdocs\leminhhoan-01-master\lib\Cake\Model\ConnectionManager.php(105): DboSource->__construct(Array)
#2 D:\xampp\htdocs\leminhhoan-01-master\lib\Cake\Model\Model.php(3626): ConnectionManager::getDataSource('default')
#3 D:\xampp\htdocs\leminhhoan-01-master\lib\Cake\Model\Model.php(1155): Model->setDataSource('default')
#4 D:\xampp\htdocs\leminhhoan-01-master\lib\Cake\Model\Model.php(3653): Model->setSource('videos')
#5 D:\xampp\htdocs\leminhhoan-01-master\lib\Cake\Model\Model.php(3031): Model->getDataSource()
#6 D:\xampp\htdocs\leminhhoan-01-master\lib\Cake\Model\Model.php(3003): Model->_readDataSource('all', Array)
#7 D:\xampp\htdocs\leminhhoan-01-master\app\Controller\VideoController.php(58): Model->find('all', Array)
#8 [internal function]: VideoController->index('home')
#9 D:\xampp\htdocs\leminhhoan-01-master\lib\Cake\Controller\Controller.php(490): ReflectionMethod->invokeArgs(Object(VideoController), Array)
#10 D:\xampp\htdocs\leminhhoan-01-master\lib\Cake\Routing\Dispatcher.php(193): Controller->invokeAction(Object(CakeRequest))
#11 D:\xampp\htdocs\leminhhoan-01-master\lib\Cake\Routing\Dispatcher.php(167): Dispatcher->_invoke(Object(VideoController), Object(CakeRequest))
#12 D:\xampp\htdocs\leminhhoan-01-master\app\webroot\index.php(111): Dispatcher->dispatch(Object(CakeRequest), Object(CakeResponse))
#13 {main}
2016-01-21 05:58:54 Error: [MissingConnectionException] Database connection "Mysql" is missing, or could not be created.
Exception Attributes: array (
  'class' => 'Mysql',
  'message' => 'SQLSTATE[HY000] [1049] Unknown database \'xonxao\'',
  'enabled' => true,
)
Request URL: /
Stack Trace:
#0 D:\xampp\htdocs\leminhhoan-01-master\lib\Cake\Model\Datasource\DboSource.php(260): Mysql->connect()
#1 D:\xampp\htdocs\leminhhoan-01-master\lib\Cake\Model\ConnectionManager.php(105): DboSource->__construct(Array)
#2 D:\xampp\htdocs\leminhhoan-01-master\lib\Cake\Model\Model.php(3626): ConnectionManager::getDataSource('default')
#3 D:\xampp\htdocs\leminhhoan-01-master\lib\Cake\Model\Model.php(1155): Model->setDataSource('default')
#4 D:\xampp\htdocs\leminhhoan-01-master\lib\Cake\Model\Model.php(3653): Model->setSource('videos')
#5 D:\xampp\htdocs\leminhhoan-01-master\lib\Cake\Model\Model.php(3031): Model->getDataSource()
#6 D:\xampp\htdocs\leminhhoan-01-master\lib\Cake\Model\Model.php(3003): Model->_readDataSource('all', Array)
#7 D:\xampp\htdocs\leminhhoan-01-master\app\Controller\VideoController.php(58): Model->find('all', Array)
#8 [internal function]: VideoController->index('home')
#9 D:\xampp\htdocs\leminhhoan-01-master\lib\Cake\Controller\Controller.php(490): ReflectionMethod->invokeArgs(Object(VideoController), Array)
#10 D:\xampp\htdocs\leminhhoan-01-master\lib\Cake\Routing\Dispatcher.php(193): Controller->invokeAction(Object(CakeRequest))
#11 D:\xampp\htdocs\leminhhoan-01-master\lib\Cake\Routing\Dispatcher.php(167): Dispatcher->_invoke(Object(VideoController), Object(CakeRequest))
#12 D:\xampp\htdocs\leminhhoan-01-master\app\webroot\index.php(111): Dispatcher->dispatch(Object(CakeRequest), Object(CakeResponse))
#13 {main}
2016-01-21 06:02:45 Error: [MissingConnectionException] Database connection "Mysql" is missing, or could not be created.
Exception Attributes: array (
  'class' => 'Mysql',
  'message' => 'SQLSTATE[HY000] [1049] Unknown database \'xonxao\'',
  'enabled' => true,
)
Request URL: /
Stack Trace:
#0 D:\xampp\htdocs\leminhhoan-01-master\lib\Cake\Model\Datasource\DboSource.php(260): Mysql->connect()
#1 D:\xampp\htdocs\leminhhoan-01-master\lib\Cake\Model\ConnectionManager.php(105): DboSource->__construct(Array)
#2 D:\xampp\htdocs\leminhhoan-01-master\lib\Cake\Model\Model.php(3626): ConnectionManager::getDataSource('default')
#3 D:\xampp\htdocs\leminhhoan-01-master\lib\Cake\Model\Model.php(1155): Model->setDataSource('default')
#4 D:\xampp\htdocs\leminhhoan-01-master\lib\Cake\Model\Model.php(3653): Model->setSource('videos')
#5 D:\xampp\htdocs\leminhhoan-01-master\lib\Cake\Model\Model.php(3031): Model->getDataSource()
#6 D:\xampp\htdocs\leminhhoan-01-master\lib\Cake\Model\Model.php(3003): Model->_readDataSource('all', Array)
#7 D:\xampp\htdocs\leminhhoan-01-master\app\Controller\VideoController.php(58): Model->find('all', Array)
#8 [internal function]: VideoController->index('home')
#9 D:\xampp\htdocs\leminhhoan-01-master\lib\Cake\Controller\Controller.php(490): ReflectionMethod->invokeArgs(Object(VideoController), Array)
#10 D:\xampp\htdocs\leminhhoan-01-master\lib\Cake\Routing\Dispatcher.php(193): Controller->invokeAction(Object(CakeRequest))
#11 D:\xampp\htdocs\leminhhoan-01-master\lib\Cake\Routing\Dispatcher.php(167): Dispatcher->_invoke(Object(VideoController), Object(CakeRequest))
#12 D:\xampp\htdocs\leminhhoan-01-master\app\webroot\index.php(111): Dispatcher->dispatch(Object(CakeRequest), Object(CakeResponse))
#13 {main}
2016-01-21 06:12:28 Error: [MissingConnectionException] Database connection "Mysql" is missing, or could not be created.
Exception Attributes: array (
  'class' => 'Mysql',
  'message' => 'SQLSTATE[HY000] [1049] Unknown database \'xonxao\'',
  'enabled' => true,
)
Request URL: /
Stack Trace:
#0 D:\xampp\htdocs\leminhhoan-01-master\lib\Cake\Model\Datasource\DboSource.php(260): Mysql->connect()
#1 D:\xampp\htdocs\leminhhoan-01-master\lib\Cake\Model\ConnectionManager.php(105): DboSource->__construct(Array)
#2 D:\xampp\htdocs\leminhhoan-01-master\lib\Cake\Model\Model.php(3626): ConnectionManager::getDataSource('default')
#3 D:\xampp\htdocs\leminhhoan-01-master\lib\Cake\Model\Model.php(1155): Model->setDataSource('default')
#4 D:\xampp\htdocs\leminhhoan-01-master\lib\Cake\Model\Model.php(3653): Model->setSource('videos')
#5 D:\xampp\htdocs\leminhhoan-01-master\lib\Cake\Model\Model.php(3031): Model->getDataSource()
#6 D:\xampp\htdocs\leminhhoan-01-master\lib\Cake\Model\Model.php(3003): Model->_readDataSource('all', Array)
#7 D:\xampp\htdocs\leminhhoan-01-master\app\Controller\VideoController.php(58): Model->find('all', Array)
#8 [internal function]: VideoController->index('home')
#9 D:\xampp\htdocs\leminhhoan-01-master\lib\Cake\Controller\Controller.php(490): ReflectionMethod->invokeArgs(Object(VideoController), Array)
#10 D:\xampp\htdocs\leminhhoan-01-master\lib\Cake\Routing\Dispatcher.php(193): Controller->invokeAction(Object(CakeRequest))
#11 D:\xampp\htdocs\leminhhoan-01-master\lib\Cake\Routing\Dispatcher.php(167): Dispatcher->_invoke(Object(VideoController), Object(CakeRequest))
#12 D:\xampp\htdocs\leminhhoan-01-master\app\webroot\index.php(111): Dispatcher->dispatch(Object(CakeRequest), Object(CakeResponse))
#13 {main}
2016-01-21 06:14:51 Error: [MissingConnectionException] Database connection "Mysql" is missing, or could not be created.
Exception Attributes: array (
  'class' => 'Mysql',
  'message' => 'SQLSTATE[HY000] [1049] Unknown database \'xonxao\'',
  'enabled' => true,
)
Request URL: /
Stack Trace:
#0 D:\xampp\htdocs\leminhhoan-01-master\lib\Cake\Model\Datasource\DboSource.php(260): Mysql->connect()
#1 D:\xampp\htdocs\leminhhoan-01-master\lib\Cake\Model\ConnectionManager.php(105): DboSource->__construct(Array)
#2 D:\xampp\htdocs\leminhhoan-01-master\lib\Cake\Model\Model.php(3626): ConnectionManager::getDataSource('default')
#3 D:\xampp\htdocs\leminhhoan-01-master\lib\Cake\Model\Model.php(1155): Model->setDataSource('default')
#4 D:\xampp\htdocs\leminhhoan-01-master\lib\Cake\Model\Model.php(3653): Model->setSource('videos')
#5 D:\xampp\htdocs\leminhhoan-01-master\lib\Cake\Model\Model.php(3031): Model->getDataSource()
#6 D:\xampp\htdocs\leminhhoan-01-master\lib\Cake\Model\Model.php(3003): Model->_readDataSource('all', Array)
#7 D:\xampp\htdocs\leminhhoan-01-master\app\Controller\VideoController.php(58): Model->find('all', Array)
#8 [internal function]: VideoController->index('home')
#9 D:\xampp\htdocs\leminhhoan-01-master\lib\Cake\Controller\Controller.php(490): ReflectionMethod->invokeArgs(Object(VideoController), Array)
#10 D:\xampp\htdocs\leminhhoan-01-master\lib\Cake\Routing\Dispatcher.php(193): Controller->invokeAction(Object(CakeRequest))
#11 D:\xampp\htdocs\leminhhoan-01-master\lib\Cake\Routing\Dispatcher.php(167): Dispatcher->_invoke(Object(VideoController), Object(CakeRequest))
#12 D:\xampp\htdocs\leminhhoan-01-master\app\webroot\index.php(111): Dispatcher->dispatch(Object(CakeRequest), Object(CakeResponse))
#13 {main}
2016-01-21 06:18:58 Error: [MissingConnectionException] Database connection "Mysql" is missing, or could not be created.
Exception Attributes: array (
  'class' => 'Mysql',
  'message' => 'SQLSTATE[HY000] [1049] Unknown database \'xonxao\'',
  'enabled' => true,
)
Request URL: /
Stack Trace:
#0 D:\xampp\htdocs\leminhhoan-01-master\lib\Cake\Model\Datasource\DboSource.php(260): Mysql->connect()
#1 D:\xampp\htdocs\leminhhoan-01-master\lib\Cake\Model\ConnectionManager.php(105): DboSource->__construct(Array)
#2 D:\xampp\htdocs\leminhhoan-01-master\lib\Cake\Model\Model.php(3626): ConnectionManager::getDataSource('default')
#3 D:\xampp\htdocs\leminhhoan-01-master\lib\Cake\Model\Model.php(1155): Model->setDataSource('default')
#4 D:\xampp\htdocs\leminhhoan-01-master\lib\Cake\Model\Model.php(3653): Model->setSource('videos')
#5 D:\xampp\htdocs\leminhhoan-01-master\lib\Cake\Model\Model.php(3031): Model->getDataSource()
#6 D:\xampp\htdocs\leminhhoan-01-master\lib\Cake\Model\Model.php(3003): Model->_readDataSource('all', Array)
#7 D:\xampp\htdocs\leminhhoan-01-master\app\Controller\VideoController.php(58): Model->find('all', Array)
#8 [internal function]: VideoController->index('home')
#9 D:\xampp\htdocs\leminhhoan-01-master\lib\Cake\Controller\Controller.php(490): ReflectionMethod->invokeArgs(Object(VideoController), Array)
#10 D:\xampp\htdocs\leminhhoan-01-master\lib\Cake\Routing\Dispatcher.php(193): Controller->invokeAction(Object(CakeRequest))
#11 D:\xampp\htdocs\leminhhoan-01-master\lib\Cake\Routing\Dispatcher.php(167): Dispatcher->_invoke(Object(VideoController), Object(CakeRequest))
#12 D:\xampp\htdocs\leminhhoan-01-master\app\webroot\index.php(111): Dispatcher->dispatch(Object(CakeRequest), Object(CakeResponse))
#13 {main}
2016-01-21 09:27:31 Error: [MissingConnectionException] Database connection "Mysql" is missing, or could not be created.
Exception Attributes: array (
  'class' => 'Mysql',
  'message' => 'SQLSTATE[HY000] [1049] Unknown database \'xonxao\'',
  'enabled' => true,
)
Request URL: /
Stack Trace:
#0 D:\xampp\htdocs\leminhhoan-01-master\lib\Cake\Model\Datasource\DboSource.php(260): Mysql->connect()
#1 D:\xampp\htdocs\leminhhoan-01-master\lib\Cake\Model\ConnectionManager.php(105): DboSource->__construct(Array)
#2 D:\xampp\htdocs\leminhhoan-01-master\lib\Cake\Model\Model.php(3626): ConnectionManager::getDataSource('default')
#3 D:\xampp\htdocs\leminhhoan-01-master\lib\Cake\Model\Model.php(1155): Model->setDataSource('default')
#4 D:\xampp\htdocs\leminhhoan-01-master\lib\Cake\Model\Model.php(3653): Model->setSource('news')
#5 D:\xampp\htdocs\leminhhoan-01-master\lib\Cake\Model\Model.php(3031): Model->getDataSource()
#6 D:\xampp\htdocs\leminhhoan-01-master\lib\Cake\Model\Model.php(3003): Model->_readDataSource('all', Array)
#7 D:\xampp\htdocs\leminhhoan-01-master\app\Controller\CommentController.php(12): Model->find('all', Array)
#8 [internal function]: CommentController->menuleft()
#9 D:\xampp\htdocs\leminhhoan-01-master\lib\Cake\Controller\Controller.php(490): ReflectionMethod->invokeArgs(Object(CommentController), Array)
#10 D:\xampp\htdocs\leminhhoan-01-master\lib\Cake\Routing\Dispatcher.php(193): Controller->invokeAction(Object(CakeRequest))
#11 D:\xampp\htdocs\leminhhoan-01-master\lib\Cake\Routing\Dispatcher.php(167): Dispatcher->_invoke(Object(CommentController), Object(CakeRequest))
#12 D:\xampp\htdocs\leminhhoan-01-master\lib\Cake\Core\Object.php(104): Dispatcher->dispatch(Object(CakeRequest), Object(CakeResponse), Array)
#13 D:\xampp\htdocs\leminhhoan-01-master\app\View\Elements\left.ctp(4): Object->requestAction('comment/menulef...')
#14 D:\xampp\htdocs\leminhhoan-01-master\lib\Cake\View\View.php(971): include('D:\xampp\htdocs...')
#15 D:\xampp\htdocs\leminhhoan-01-master\lib\Cake\View\View.php(933): View->_evaluate('D:\xampp\htdocs...', Array)
#16 D:\xampp\htdocs\leminhhoan-01-master\lib\Cake\View\View.php(1224): View->_render('D:\xampp\htdocs...', Array)
#17 D:\xampp\htdocs\leminhhoan-01-master\lib\Cake\View\View.php(418): View->_renderElement('D:\xampp\htdocs...', Array, Array)
#18 D:\xampp\htdocs\leminhhoan-01-master\app\View\Layouts\default.ctp(26): View->element('left')
#19 D:\xampp\htdocs\leminhhoan-01-master\lib\Cake\View\View.php(971): include('D:\xampp\htdocs...')
#20 D:\xampp\htdocs\leminhhoan-01-master\lib\Cake\View\View.php(933): View->_evaluate('D:\xampp\htdocs...', Array)
#21 D:\xampp\htdocs\leminhhoan-01-master\lib\Cake\View\View.php(546): View->_render('D:\xampp\htdocs...')
#22 D:\xampp\htdocs\leminhhoan-01-master\lib\Cake\View\View.php(481): View->renderLayout('', 'default')
#23 D:\xampp\htdocs\leminhhoan-01-master\lib\Cake\Controller\Controller.php(960): View->render(NULL, NULL)
#24 D:\xampp\htdocs\leminhhoan-01-master\lib\Cake\Routing\Dispatcher.php(200): Controller->render()
#25 D:\xampp\htdocs\leminhhoan-01-master\lib\Cake\Routing\Dispatcher.php(167): Dispatcher->_invoke(Object(HomeController), Object(CakeRequest))
#26 D:\xampp\htdocs\leminhhoan-01-master\app\webroot\index.php(111): Dispatcher->dispatch(Object(CakeRequest), Object(CakeResponse))
#27 {main}
2016-01-21 09:28:29 Error: Fatal Error (1): Allowed memory size of 134217728 bytes exhausted (tried to allocate 905745 bytes) in [D:\xampp\htdocs\leminhhoan-01-master\lib\Cake\Utility\CakeText.php, line 241]
2016-01-21 09:28:29 Error: [FatalErrorException] Allowed memory size of 134217728 bytes exhausted (tried to allocate 905745 bytes)
Request URL: /
Stack Trace:
#0 D:\xampp\htdocs\leminhhoan-01-master\lib\Cake\Error\ErrorHandler.php(213): ErrorHandler::handleFatalError(1, 'Allowed memory ...', 'D:\xampp\htdocs...', 241)
#1 [internal function]: ErrorHandler::handleError(1, 'Allowed memory ...', 'D:\xampp\htdocs...', 241, Array)
#2 D:\xampp\htdocs\leminhhoan-01-master\lib\Cake\Core\App.php(933): call_user_func('ErrorHandler::h...', 1, 'Allowed memory ...', 'D:\xampp\htdocs...', 241, Array)
#3 D:\xampp\htdocs\leminhhoan-01-master\lib\Cake\Core\App.php(906): App::_checkFatalError()
#4 [internal function]: App::shutdown()
#5 {main}
2016-01-21 09:30:44 Error: [MissingActionException] Action CommentController::menuleft1() could not be found.
Exception Attributes: array (
  'controller' => 'CommentController',
  'action' => 'menuleft1',
)
Request URL: /
Stack Trace:
#0 D:\xampp\htdocs\leminhhoan-01-master\lib\Cake\Routing\Dispatcher.php(193): Controller->invokeAction(Object(CakeRequest))
#1 D:\xampp\htdocs\leminhhoan-01-master\lib\Cake\Routing\Dispatcher.php(167): Dispatcher->_invoke(Object(CommentController), Object(CakeRequest))
#2 D:\xampp\htdocs\leminhhoan-01-master\lib\Cake\Core\Object.php(104): Dispatcher->dispatch(Object(CakeRequest), Object(CakeResponse), Array)
#3 D:\xampp\htdocs\leminhhoan-01-master\app\View\Elements\left.ctp(8): Object->requestAction('comment/menulef...')
#4 D:\xampp\htdocs\leminhhoan-01-master\lib\Cake\View\View.php(971): include('D:\xampp\htdocs...')
#5 D:\xampp\htdocs\leminhhoan-01-master\lib\Cake\View\View.php(933): View->_evaluate('D:\xampp\htdocs...', Array)
#6 D:\xampp\htdocs\leminhhoan-01-master\lib\Cake\View\View.php(1224): View->_render('D:\xampp\htdocs...', Array)
#7 D:\xampp\htdocs\leminhhoan-01-master\lib\Cake\View\View.php(418): View->_renderElement('D:\xampp\htdocs...', Array, Array)
#8 D:\xampp\htdocs\leminhhoan-01-master\app\View\Layouts\default.ctp(26): View->element('left')
#9 D:\xampp\htdocs\leminhhoan-01-master\lib\Cake\View\View.php(971): include('D:\xampp\htdocs...')
#10 D:\xampp\htdocs\leminhhoan-01-master\lib\Cake\View\View.php(933): View->_evaluate('D:\xampp\htdocs...', Array)
#11 D:\xampp\htdocs\leminhhoan-01-master\lib\Cake\View\View.php(546): View->_render('D:\xampp\htdocs...')
#12 D:\xampp\htdocs\leminhhoan-01-master\lib\Cake\View\View.php(481): View->renderLayout('', 'default')
#13 D:\xampp\htdocs\leminhhoan-01-master\lib\Cake\Controller\Controller.php(960): View->render(NULL, NULL)
#14 D:\xampp\htdocs\leminhhoan-01-master\lib\Cake\Routing\Dispatcher.php(200): Controller->render()
#15 D:\xampp\htdocs\leminhhoan-01-master\lib\Cake\Routing\Dispatcher.php(167): Dispatcher->_invoke(Object(HomeController), Object(CakeRequest))
#16 D:\xampp\htdocs\leminhhoan-01-master\app\webroot\index.php(111): Dispatcher->dispatch(Object(CakeRequest), Object(CakeResponse))
#17 {main}
2016-01-21 09:30:44 Error: [MissingActionException] Action CommentController::menuleft1() could not be found.
Exception Attributes: array (
  'controller' => 'CommentController',
  'action' => 'menuleft1',
)
Request URL: /
Stack Trace:
#0 D:\xampp\htdocs\leminhhoan-01-master\lib\Cake\Routing\Dispatcher.php(193): Controller->invokeAction(Object(CakeRequest))
#1 D:\xampp\htdocs\leminhhoan-01-master\lib\Cake\Routing\Dispatcher.php(167): Dispatcher->_invoke(Object(CommentController), Object(CakeRequest))
#2 D:\xampp\htdocs\leminhhoan-01-master\lib\Cake\Core\Object.php(104): Dispatcher->dispatch(Object(CakeRequest), Object(CakeResponse), Array)
#3 D:\xampp\htdocs\leminhhoan-01-master\app\View\Elements\left.ctp(8): Object->requestAction('comment/menulef...')
#4 D:\xampp\htdocs\leminhhoan-01-master\lib\Cake\View\View.php(971): include('D:\xampp\htdocs...')
#5 D:\xampp\htdocs\leminhhoan-01-master\lib\Cake\View\View.php(933): View->_evaluate('D:\xampp\htdocs...', Array)
#6 D:\xampp\htdocs\leminhhoan-01-master\lib\Cake\View\View.php(1224): View->_render('D:\xampp\htdocs...', Array)
#7 D:\xampp\htdocs\leminhhoan-01-master\lib\Cake\View\View.php(418): View->_renderElement('D:\xampp\htdocs...', Array, Array)
#8 D:\xampp\htdocs\leminhhoan-01-master\app\View\Layouts\default.ctp(26): View->element('left')
#9 D:\xampp\htdocs\leminhhoan-01-master\lib\Cake\View\View.php(971): include('D:\xampp\htdocs...')
#10 D:\xampp\htdocs\leminhhoan-01-master\lib\Cake\View\View.php(933): View->_evaluate('D:\xampp\htdocs...', Array)
#11 D:\xampp\htdocs\leminhhoan-01-master\lib\Cake\View\View.php(546): View->_render('D:\xampp\htdocs...')
#12 D:\xampp\htdocs\leminhhoan-01-master\lib\Cake\View\View.php(481): View->renderLayout('', 'default')
#13 D:\xampp\htdocs\leminhhoan-01-master\lib\Cake\Controller\Controller.php(960): View->render(NULL, NULL)
#14 D:\xampp\htdocs\leminhhoan-01-master\lib\Cake\Routing\Dispatcher.php(200): Controller->render()
#15 D:\xampp\htdocs\leminhhoan-01-master\lib\Cake\Routing\Dispatcher.php(167): Dispatcher->_invoke(Object(HomeController), Object(CakeRequest))
#16 D:\xampp\htdocs\leminhhoan-01-master\app\webroot\index.php(111): Dispatcher->dispatch(Object(CakeRequest), Object(CakeResponse))
#17 {main}
2016-01-21 09:33:29 Error: [MissingActionException] Action CommentController::menuleft1() could not be found.
Exception Attributes: array (
  'controller' => 'CommentController',
  'action' => 'menuleft1',
)
Request URL: /
Stack Trace:
#0 D:\xampp\htdocs\leminhhoan-01-master\lib\Cake\Routing\Dispatcher.php(193): Controller->invokeAction(Object(CakeRequest))
#1 D:\xampp\htdocs\leminhhoan-01-master\lib\Cake\Routing\Dispatcher.php(167): Dispatcher->_invoke(Object(CommentController), Object(CakeRequest))
#2 D:\xampp\htdocs\leminhhoan-01-master\lib\Cake\Core\Object.php(104): Dispatcher->dispatch(Object(CakeRequest), Object(CakeResponse), Array)
#3 D:\xampp\htdocs\leminhhoan-01-master\app\View\Elements\left.ctp(8): Object->requestAction('comment/menulef...')
#4 D:\xampp\htdocs\leminhhoan-01-master\lib\Cake\View\View.php(971): include('D:\xampp\htdocs...')
#5 D:\xampp\htdocs\leminhhoan-01-master\lib\Cake\View\View.php(933): View->_evaluate('D:\xampp\htdocs...', Array)
#6 D:\xampp\htdocs\leminhhoan-01-master\lib\Cake\View\View.php(1224): View->_render('D:\xampp\htdocs...', Array)
#7 D:\xampp\htdocs\leminhhoan-01-master\lib\Cake\View\View.php(418): View->_renderElement('D:\xampp\htdocs...', Array, Array)
#8 D:\xampp\htdocs\leminhhoan-01-master\app\View\Layouts\default.ctp(26): View->element('left')
#9 D:\xampp\htdocs\leminhhoan-01-master\lib\Cake\View\View.php(971): include('D:\xampp\htdocs...')
#10 D:\xampp\htdocs\leminhhoan-01-master\lib\Cake\View\View.php(933): View->_evaluate('D:\xampp\htdocs...', Array)
#11 D:\xampp\htdocs\leminhhoan-01-master\lib\Cake\View\View.php(546): View->_render('D:\xampp\htdocs...')
#12 D:\xampp\htdocs\leminhhoan-01-master\lib\Cake\View\View.php(481): View->renderLayout('', 'default')
#13 D:\xampp\htdocs\leminhhoan-01-master\lib\Cake\Controller\Controller.php(960): View->render(NULL, NULL)
#14 D:\xampp\htdocs\leminhhoan-01-master\lib\Cake\Routing\Dispatcher.php(200): Controller->render()
#15 D:\xampp\htdocs\leminhhoan-01-master\lib\Cake\Routing\Dispatcher.php(167): Dispatcher->_invoke(Object(HomeController), Object(CakeRequest))
#16 D:\xampp\htdocs\leminhhoan-01-master\app\webroot\index.php(111): Dispatcher->dispatch(Object(CakeRequest), Object(CakeResponse))
#17 {main}
2016-01-21 09:35:06 Error: [MissingActionException] Action CommentController::menuleft1() could not be found.
Exception Attributes: array (
  'controller' => 'CommentController',
  'action' => 'menuleft1',
)
Request URL: /
Stack Trace:
#0 D:\xampp\htdocs\leminhhoan-01-master\lib\Cake\Routing\Dispatcher.php(193): Controller->invokeAction(Object(CakeRequest))
#1 D:\xampp\htdocs\leminhhoan-01-master\lib\Cake\Routing\Dispatcher.php(167): Dispatcher->_invoke(Object(CommentController), Object(CakeRequest))
#2 D:\xampp\htdocs\leminhhoan-01-master\lib\Cake\Core\Object.php(104): Dispatcher->dispatch(Object(CakeRequest), Object(CakeResponse), Array)
#3 D:\xampp\htdocs\leminhhoan-01-master\app\View\Elements\left.ctp(8): Object->requestAction('Comment/menulef...')
#4 D:\xampp\htdocs\leminhhoan-01-master\lib\Cake\View\View.php(971): include('D:\xampp\htdocs...')
#5 D:\xampp\htdocs\leminhhoan-01-master\lib\Cake\View\View.php(933): View->_evaluate('D:\xampp\htdocs...', Array)
#6 D:\xampp\htdocs\leminhhoan-01-master\lib\Cake\View\View.php(1224): View->_render('D:\xampp\htdocs...', Array)
#7 D:\xampp\htdocs\leminhhoan-01-master\lib\Cake\View\View.php(418): View->_renderElement('D:\xampp\htdocs...', Array, Array)
#8 D:\xampp\htdocs\leminhhoan-01-master\app\View\Layouts\default.ctp(26): View->element('left')
#9 D:\xampp\htdocs\leminhhoan-01-master\lib\Cake\View\View.php(971): include('D:\xampp\htdocs...')
#10 D:\xampp\htdocs\leminhhoan-01-master\lib\Cake\View\View.php(933): View->_evaluate('D:\xampp\htdocs...', Array)
#11 D:\xampp\htdocs\leminhhoan-01-master\lib\Cake\View\View.php(546): View->_render('D:\xampp\htdocs...')
#12 D:\xampp\htdocs\leminhhoan-01-master\lib\Cake\View\View.php(481): View->renderLayout('', 'default')
#13 D:\xampp\htdocs\leminhhoan-01-master\lib\Cake\Controller\Controller.php(960): View->render(NULL, NULL)
#14 D:\xampp\htdocs\leminhhoan-01-master\lib\Cake\Routing\Dispatcher.php(200): Controller->render()
#15 D:\xampp\htdocs\leminhhoan-01-master\lib\Cake\Routing\Dispatcher.php(167): Dispatcher->_invoke(Object(HomeController), Object(CakeRequest))
#16 D:\xampp\htdocs\leminhhoan-01-master\app\webroot\index.php(111): Dispatcher->dispatch(Object(CakeRequest), Object(CakeResponse))
#17 {main}
2016-01-21 09:35:22 Error: [MissingActionException] Action CommentController::menuleft1() could not be found.
Exception Attributes: array (
  'controller' => 'CommentController',
  'action' => 'menuleft1',
)
Request URL: /
Stack Trace:
#0 D:\xampp\htdocs\leminhhoan-01-master\lib\Cake\Routing\Dispatcher.php(193): Controller->invokeAction(Object(CakeRequest))
#1 D:\xampp\htdocs\leminhhoan-01-master\lib\Cake\Routing\Dispatcher.php(167): Dispatcher->_invoke(Object(CommentController), Object(CakeRequest))
#2 D:\xampp\htdocs\leminhhoan-01-master\lib\Cake\Core\Object.php(104): Dispatcher->dispatch(Object(CakeRequest), Object(CakeResponse), Array)
#3 D:\xampp\htdocs\leminhhoan-01-master\app\View\Elements\left.ctp(8): Object->requestAction('Comment/menulef...')
#4 D:\xampp\htdocs\leminhhoan-01-master\lib\Cake\View\View.php(971): include('D:\xampp\htdocs...')
#5 D:\xampp\htdocs\leminhhoan-01-master\lib\Cake\View\View.php(933): View->_evaluate('D:\xampp\htdocs...', Array)
#6 D:\xampp\htdocs\leminhhoan-01-master\lib\Cake\View\View.php(1224): View->_render('D:\xampp\htdocs...', Array)
#7 D:\xampp\htdocs\leminhhoan-01-master\lib\Cake\View\View.php(418): View->_renderElement('D:\xampp\htdocs...', Array, Array)
#8 D:\xampp\htdocs\leminhhoan-01-master\app\View\Layouts\default.ctp(26): View->element('left')
#9 D:\xampp\htdocs\leminhhoan-01-master\lib\Cake\View\View.php(971): include('D:\xampp\htdocs...')
#10 D:\xampp\htdocs\leminhhoan-01-master\lib\Cake\View\View.php(933): View->_evaluate('D:\xampp\htdocs...', Array)
#11 D:\xampp\htdocs\leminhhoan-01-master\lib\Cake\View\View.php(546): View->_render('D:\xampp\htdocs...')
#12 D:\xampp\htdocs\leminhhoan-01-master\lib\Cake\View\View.php(481): View->renderLayout('', 'default')
#13 D:\xampp\htdocs\leminhhoan-01-master\lib\Cake\Controller\Controller.php(960): View->render(NULL, NULL)
#14 D:\xampp\htdocs\leminhhoan-01-master\lib\Cake\Routing\Dispatcher.php(200): Controller->render()
#15 D:\xampp\htdocs\leminhhoan-01-master\lib\Cake\Routing\Dispatcher.php(167): Dispatcher->_invoke(Object(HomeController), Object(CakeRequest))
#16 D:\xampp\htdocs\leminhhoan-01-master\app\webroot\index.php(111): Dispatcher->dispatch(Object(CakeRequest), Object(CakeResponse))
#17 {main}
2016-01-21 09:38:42 Error: [MissingActionException] Action CommentController::menuleft1() could not be found.
Exception Attributes: array (
  'controller' => 'CommentController',
  'action' => 'menuleft1',
)
Request URL: /
Stack Trace:
#0 D:\xampp\htdocs\leminhhoan-01-master\lib\Cake\Routing\Dispatcher.php(193): Controller->invokeAction(Object(CakeRequest))
#1 D:\xampp\htdocs\leminhhoan-01-master\lib\Cake\Routing\Dispatcher.php(167): Dispatcher->_invoke(Object(CommentController), Object(CakeRequest))
#2 D:\xampp\htdocs\leminhhoan-01-master\lib\Cake\Core\Object.php(104): Dispatcher->dispatch(Object(CakeRequest), Object(CakeResponse), Array)
#3 D:\xampp\htdocs\leminhhoan-01-master\app\View\Elements\left.ctp(8): Object->requestAction('Comment/menulef...')
#4 D:\xampp\htdocs\leminhhoan-01-master\lib\Cake\View\View.php(971): include('D:\xampp\htdocs...')
#5 D:\xampp\htdocs\leminhhoan-01-master\lib\Cake\View\View.php(933): View->_evaluate('D:\xampp\htdocs...', Array)
#6 D:\xampp\htdocs\leminhhoan-01-master\lib\Cake\View\View.php(1224): View->_render('D:\xampp\htdocs...', Array)
#7 D:\xampp\htdocs\leminhhoan-01-master\lib\Cake\View\View.php(418): View->_renderElement('D:\xampp\htdocs...', Array, Array)
#8 D:\xampp\htdocs\leminhhoan-01-master\app\View\Layouts\default.ctp(26): View->element('left')
#9 D:\xampp\htdocs\leminhhoan-01-master\lib\Cake\View\View.php(971): include('D:\xampp\htdocs...')
#10 D:\xampp\htdocs\leminhhoan-01-master\lib\Cake\View\View.php(933): View->_evaluate('D:\xampp\htdocs...', Array)
#11 D:\xampp\htdocs\leminhhoan-01-master\lib\Cake\View\View.php(546): View->_render('D:\xampp\htdocs...')
#12 D:\xampp\htdocs\leminhhoan-01-master\lib\Cake\View\View.php(481): View->renderLayout('', 'default')
#13 D:\xampp\htdocs\leminhhoan-01-master\lib\Cake\Controller\Controller.php(960): View->render(NULL, NULL)
#14 D:\xampp\htdocs\leminhhoan-01-master\lib\Cake\Routing\Dispatcher.php(200): Controller->render()
#15 D:\xampp\htdocs\leminhhoan-01-master\lib\Cake\Routing\Dispatcher.php(167): Dispatcher->_invoke(Object(HomeController), Object(CakeRequest))
#16 D:\xampp\htdocs\leminhhoan-01-master\app\webroot\index.php(111): Dispatcher->dispatch(Object(CakeRequest), Object(CakeResponse))
#17 {main}
2016-01-21 09:39:19 Error: [MissingActionException] Action CommentController::menuleft() could not be found.
Exception Attributes: array (
  'controller' => 'CommentController',
  'action' => 'menuleft',
)
Request URL: /
Stack Trace:
#0 D:\xampp\htdocs\leminhhoan-01-master\lib\Cake\Routing\Dispatcher.php(193): Controller->invokeAction(Object(CakeRequest))
#1 D:\xampp\htdocs\leminhhoan-01-master\lib\Cake\Routing\Dispatcher.php(167): Dispatcher->_invoke(Object(CommentController), Object(CakeRequest))
#2 D:\xampp\htdocs\leminhhoan-01-master\lib\Cake\Core\Object.php(104): Dispatcher->dispatch(Object(CakeRequest), Object(CakeResponse), Array)
#3 D:\xampp\htdocs\leminhhoan-01-master\app\View\Elements\left.ctp(4): Object->requestAction('Comment/menulef...')
#4 D:\xampp\htdocs\leminhhoan-01-master\lib\Cake\View\View.php(971): include('D:\xampp\htdocs...')
#5 D:\xampp\htdocs\leminhhoan-01-master\lib\Cake\View\View.php(933): View->_evaluate('D:\xampp\htdocs...', Array)
#6 D:\xampp\htdocs\leminhhoan-01-master\lib\Cake\View\View.php(1224): View->_render('D:\xampp\htdocs...', Array)
#7 D:\xampp\htdocs\leminhhoan-01-master\lib\Cake\View\View.php(418): View->_renderElement('D:\xampp\htdocs...', Array, Array)
#8 D:\xampp\htdocs\leminhhoan-01-master\app\View\Layouts\default.ctp(26): View->element('left')
#9 D:\xampp\htdocs\leminhhoan-01-master\lib\Cake\View\View.php(971): include('D:\xampp\htdocs...')
#10 D:\xampp\htdocs\leminhhoan-01-master\lib\Cake\View\View.php(933): View->_evaluate('D:\xampp\htdocs...', Array)
#11 D:\xampp\htdocs\leminhhoan-01-master\lib\Cake\View\View.php(546): View->_render('D:\xampp\htdocs...')
#12 D:\xampp\htdocs\leminhhoan-01-master\lib\Cake\View\View.php(481): View->renderLayout('', 'default')
#13 D:\xampp\htdocs\leminhhoan-01-master\lib\Cake\Controller\Controller.php(960): View->render(NULL, NULL)
#14 D:\xampp\htdocs\leminhhoan-01-master\lib\Cake\Routing\Dispatcher.php(200): Controller->render()
#15 D:\xampp\htdocs\leminhhoan-01-master\lib\Cake\Routing\Dispatcher.php(167): Dispatcher->_invoke(Object(HomeController), Object(CakeRequest))
#16 D:\xampp\htdocs\leminhhoan-01-master\app\webroot\index.php(111): Dispatcher->dispatch(Object(CakeRequest), Object(CakeResponse))
#17 {main}
2016-01-21 09:39:43 Error: [MissingActionException] Action CommentController::left1() could not be found.
Exception Attributes: array (
  'controller' => 'CommentController',
  'action' => 'left1',
)
Request URL: /
Stack Trace:
#0 D:\xampp\htdocs\leminhhoan-01-master\lib\Cake\Routing\Dispatcher.php(193): Controller->invokeAction(Object(CakeRequest))
#1 D:\xampp\htdocs\leminhhoan-01-master\lib\Cake\Routing\Dispatcher.php(167): Dispatcher->_invoke(Object(CommentController), Object(CakeRequest))
#2 D:\xampp\htdocs\leminhhoan-01-master\lib\Cake\Core\Object.php(104): Dispatcher->dispatch(Object(CakeRequest), Object(CakeResponse), Array)
#3 D:\xampp\htdocs\leminhhoan-01-master\app\View\Elements\left.ctp(8): Object->requestAction('Comment/left1')
#4 D:\xampp\htdocs\leminhhoan-01-master\lib\Cake\View\View.php(971): include('D:\xampp\htdocs...')
#5 D:\xampp\htdocs\leminhhoan-01-master\lib\Cake\View\View.php(933): View->_evaluate('D:\xampp\htdocs...', Array)
#6 D:\xampp\htdocs\leminhhoan-01-master\lib\Cake\View\View.php(1224): View->_render('D:\xampp\htdocs...', Array)
#7 D:\xampp\htdocs\leminhhoan-01-master\lib\Cake\View\View.php(418): View->_renderElement('D:\xampp\htdocs...', Array, Array)
#8 D:\xampp\htdocs\leminhhoan-01-master\app\View\Layouts\default.ctp(26): View->element('left')
#9 D:\xampp\htdocs\leminhhoan-01-master\lib\Cake\View\View.php(971): include('D:\xampp\htdocs...')
#10 D:\xampp\htdocs\leminhhoan-01-master\lib\Cake\View\View.php(933): View->_evaluate('D:\xampp\htdocs...', Array)
#11 D:\xampp\htdocs\leminhhoan-01-master\lib\Cake\View\View.php(546): View->_render('D:\xampp\htdocs...')
#12 D:\xampp\htdocs\leminhhoan-01-master\lib\Cake\View\View.php(481): View->renderLayout('', 'default')
#13 D:\xampp\htdocs\leminhhoan-01-master\lib\Cake\Controller\Controller.php(960): View->render(NULL, NULL)
#14 D:\xampp\htdocs\leminhhoan-01-master\lib\Cake\Routing\Dispatcher.php(200): Controller->render()
#15 D:\xampp\htdocs\leminhhoan-01-master\lib\Cake\Routing\Dispatcher.php(167): Dispatcher->_invoke(Object(HomeController), Object(CakeRequest))
#16 D:\xampp\htdocs\leminhhoan-01-master\app\webroot\index.php(111): Dispatcher->dispatch(Object(CakeRequest), Object(CakeResponse))
#17 {main}
2016-01-21 10:18:13 Error: [MissingActionException] Action CommentController::right10() could not be found.
Exception Attributes: array (
  'controller' => 'CommentController',
  'action' => 'right10',
)
Request URL: /
Stack Trace:
#0 D:\xampp\htdocs\leminhhoan-01-master\lib\Cake\Routing\Dispatcher.php(193): Controller->invokeAction(Object(CakeRequest))
#1 D:\xampp\htdocs\leminhhoan-01-master\lib\Cake\Routing\Dispatcher.php(167): Dispatcher->_invoke(Object(CommentController), Object(CakeRequest))
#2 D:\xampp\htdocs\leminhhoan-01-master\lib\Cake\Core\Object.php(104): Dispatcher->dispatch(Object(CakeRequest), Object(CakeResponse), Array)
#3 D:\xampp\htdocs\leminhhoan-01-master\app\View\Elements\right.ctp(13): Object->requestAction('Comment/right10')
#4 D:\xampp\htdocs\leminhhoan-01-master\lib\Cake\View\View.php(971): include('D:\xampp\htdocs...')
#5 D:\xampp\htdocs\leminhhoan-01-master\lib\Cake\View\View.php(933): View->_evaluate('D:\xampp\htdocs...', Array)
#6 D:\xampp\htdocs\leminhhoan-01-master\lib\Cake\View\View.php(1224): View->_render('D:\xampp\htdocs...', Array)
#7 D:\xampp\htdocs\leminhhoan-01-master\lib\Cake\View\View.php(418): View->_renderElement('D:\xampp\htdocs...', Array, Array)
#8 D:\xampp\htdocs\leminhhoan-01-master\app\View\Layouts\default.ctp(43): View->element('right')
#9 D:\xampp\htdocs\leminhhoan-01-master\lib\Cake\View\View.php(971): include('D:\xampp\htdocs...')
#10 D:\xampp\htdocs\leminhhoan-01-master\lib\Cake\View\View.php(933): View->_evaluate('D:\xampp\htdocs...', Array)
#11 D:\xampp\htdocs\leminhhoan-01-master\lib\Cake\View\View.php(546): View->_render('D:\xampp\htdocs...')
#12 D:\xampp\htdocs\leminhhoan-01-master\lib\Cake\View\View.php(481): View->renderLayout('', 'default')
#13 D:\xampp\htdocs\leminhhoan-01-master\lib\Cake\Controller\Controller.php(960): View->render(NULL, NULL)
#14 D:\xampp\htdocs\leminhhoan-01-master\lib\Cake\Routing\Dispatcher.php(200): Controller->render()
#15 D:\xampp\htdocs\leminhhoan-01-master\lib\Cake\Routing\Dispatcher.php(167): Dispatcher->_invoke(Object(HomeController), Object(CakeRequest))
#16 D:\xampp\htdocs\leminhhoan-01-master\app\webroot\index.php(111): Dispatcher->dispatch(Object(CakeRequest), Object(CakeResponse))
#17 {main}
2016-01-21 10:26:18 Error: [MissingActionException] Action CommentController::right10() could not be found.
Exception Attributes: array (
  'controller' => 'CommentController',
  'action' => 'right10',
)
Request URL: /
Stack Trace:
#0 D:\xampp\htdocs\leminhhoan-01-master\lib\Cake\Routing\Dispatcher.php(193): Controller->invokeAction(Object(CakeRequest))
#1 D:\xampp\htdocs\leminhhoan-01-master\lib\Cake\Routing\Dispatcher.php(167): Dispatcher->_invoke(Object(CommentController), Object(CakeRequest))
#2 D:\xampp\htdocs\leminhhoan-01-master\lib\Cake\Core\Object.php(104): Dispatcher->dispatch(Object(CakeRequest), Object(CakeResponse), Array)
#3 D:\xampp\htdocs\leminhhoan-01-master\app\View\Elements\right.ctp(13): Object->requestAction('Comment/right10')
#4 D:\xampp\htdocs\leminhhoan-01-master\lib\Cake\View\View.php(971): include('D:\xampp\htdocs...')
#5 D:\xampp\htdocs\leminhhoan-01-master\lib\Cake\View\View.php(933): View->_evaluate('D:\xampp\htdocs...', Array)
#6 D:\xampp\htdocs\leminhhoan-01-master\lib\Cake\View\View.php(1224): View->_render('D:\xampp\htdocs...', Array)
#7 D:\xampp\htdocs\leminhhoan-01-master\lib\Cake\View\View.php(418): View->_renderElement('D:\xampp\htdocs...', Array, Array)
#8 D:\xampp\htdocs\leminhhoan-01-master\app\View\Layouts\default.ctp(43): View->element('right')
#9 D:\xampp\htdocs\leminhhoan-01-master\lib\Cake\View\View.php(971): include('D:\xampp\htdocs...')
#10 D:\xampp\htdocs\leminhhoan-01-master\lib\Cake\View\View.php(933): View->_evaluate('D:\xampp\htdocs...', Array)
#11 D:\xampp\htdocs\leminhhoan-01-master\lib\Cake\View\View.php(546): View->_render('D:\xampp\htdocs...')
#12 D:\xampp\htdocs\leminhhoan-01-master\lib\Cake\View\View.php(481): View->renderLayout('', 'default')
#13 D:\xampp\htdocs\leminhhoan-01-master\lib\Cake\Controller\Controller.php(960): View->render(NULL, NULL)
#14 D:\xampp\htdocs\leminhhoan-01-master\lib\Cake\Routing\Dispatcher.php(200): Controller->render()
#15 D:\xampp\htdocs\leminhhoan-01-master\lib\Cake\Routing\Dispatcher.php(167): Dispatcher->_invoke(Object(HomeController), Object(CakeRequest))
#16 D:\xampp\htdocs\leminhhoan-01-master\app\webroot\index.php(111): Dispatcher->dispatch(Object(CakeRequest), Object(CakeResponse))
#17 {main}
2016-01-21 10:38:02 Error: [PDOException] SQLSTATE[42S22]: Column not found: 1054 Unknown column 'Right.cat_id' in 'where clause'
Request URL: /
Stack Trace:
#0 D:\xampp\htdocs\leminhhoan-01-master\lib\Cake\Model\Datasource\DboSource.php(461): PDOStatement->execute(Array)
#1 D:\xampp\htdocs\leminhhoan-01-master\lib\Cake\Model\Datasource\DboSource.php(427): DboSource->_execute('SELECT `Right`....', Array)
#2 D:\xampp\htdocs\leminhhoan-01-master\lib\Cake\Model\Datasource\DboSource.php(669): DboSource->execute('SELECT `Right`....', Array, Array)
#3 D:\xampp\htdocs\leminhhoan-01-master\lib\Cake\Model\Datasource\DboSource.php(1118): DboSource->fetchAll('SELECT `Right`....', false)
#4 D:\xampp\htdocs\leminhhoan-01-master\lib\Cake\Model\Model.php(3031): DboSource->read(Object(AppModel), Array)
#5 D:\xampp\htdocs\leminhhoan-01-master\lib\Cake\Model\Model.php(3003): Model->_readDataSource('all', Array)
#6 D:\xampp\htdocs\leminhhoan-01-master\app\Controller\CommentController.php(29): Model->find('all', Array)
#7 [internal function]: CommentController->get_newsale()
#8 D:\xampp\htdocs\leminhhoan-01-master\lib\Cake\Controller\Controller.php(490): ReflectionMethod->invokeArgs(Object(CommentController), Array)
#9 D:\xampp\htdocs\leminhhoan-01-master\lib\Cake\Routing\Dispatcher.php(193): Controller->invokeAction(Object(CakeRequest))
#10 D:\xampp\htdocs\leminhhoan-01-master\lib\Cake\Routing\Dispatcher.php(167): Dispatcher->_invoke(Object(CommentController), Object(CakeRequest))
#11 D:\xampp\htdocs\leminhhoan-01-master\lib\Cake\Core\Object.php(104): Dispatcher->dispatch(Object(CakeRequest), Object(CakeResponse), Array)
#12 D:\xampp\htdocs\leminhhoan-01-master\app\View\Elements\right.ctp(4): Object->requestAction('Comment/get_new...')
#13 D:\xampp\htdocs\leminhhoan-01-master\lib\Cake\View\View.php(971): include('D:\xampp\htdocs...')
#14 D:\xampp\htdocs\leminhhoan-01-master\lib\Cake\View\View.php(933): View->_evaluate('D:\xampp\htdocs...', Array)
#15 D:\xampp\htdocs\leminhhoan-01-master\lib\Cake\View\View.php(1224): View->_render('D:\xampp\htdocs...', Array)
#16 D:\xampp\htdocs\leminhhoan-01-master\lib\Cake\View\View.php(418): View->_renderElement('D:\xampp\htdocs...', Array, Array)
#17 D:\xampp\htdocs\leminhhoan-01-master\app\View\Layouts\default.ctp(43): View->element('right')
#18 D:\xampp\htdocs\leminhhoan-01-master\lib\Cake\View\View.php(971): include('D:\xampp\htdocs...')
#19 D:\xampp\htdocs\leminhhoan-01-master\lib\Cake\View\View.php(933): View->_evaluate('D:\xampp\htdocs...', Array)
#20 D:\xampp\htdocs\leminhhoan-01-master\lib\Cake\View\View.php(546): View->_render('D:\xampp\htdocs...')
#21 D:\xampp\htdocs\leminhhoan-01-master\lib\Cake\View\View.php(481): View->renderLayout('', 'default')
#22 D:\xampp\htdocs\leminhhoan-01-master\lib\Cake\Controller\Controller.php(960): View->render(NULL, NULL)
#23 D:\xampp\htdocs\leminhhoan-01-master\lib\Cake\Routing\Dispatcher.php(200): Controller->render()
#24 D:\xampp\htdocs\leminhhoan-01-master\lib\Cake\Routing\Dispatcher.php(167): Dispatcher->_invoke(Object(HomeController), Object(CakeRequest))
#25 D:\xampp\htdocs\leminhhoan-01-master\app\webroot\index.php(111): Dispatcher->dispatch(Object(CakeRequest), Object(CakeResponse))
#26 {main}
2016-01-21 10:56:03 Error: Fatal Error (4): syntax error, unexpected end of file in [D:\xampp\htdocs\leminhhoan-01-master\app\View\Elements\right.ctp, line 30]
2016-01-21 10:56:03 Error: [FatalErrorException] syntax error, unexpected end of file
Request URL: /
Stack Trace:
#0 D:\xampp\htdocs\leminhhoan-01-master\lib\Cake\Error\ErrorHandler.php(213): ErrorHandler::handleFatalError(4, 'syntax error, u...', 'D:\xampp\htdocs...', 30)
#1 [internal function]: ErrorHandler::handleError(4, 'syntax error, u...', 'D:\xampp\htdocs...', 30, Array)
#2 D:\xampp\htdocs\leminhhoan-01-master\lib\Cake\Core\App.php(933): call_user_func('ErrorHandler::h...', 4, 'syntax error, u...', 'D:\xampp\htdocs...', 30, Array)
#3 D:\xampp\htdocs\leminhhoan-01-master\lib\Cake\Core\App.php(906): App::_checkFatalError()
#4 [internal function]: App::shutdown()
#5 {main}
2016-01-21 10:56:20 Error: Fatal Error (4): syntax error, unexpected end of file in [D:\xampp\htdocs\leminhhoan-01-master\app\View\Elements\right.ctp, line 30]
2016-01-21 10:56:20 Error: [FatalErrorException] syntax error, unexpected end of file
Request URL: /
Stack Trace:
#0 D:\xampp\htdocs\leminhhoan-01-master\lib\Cake\Error\ErrorHandler.php(213): ErrorHandler::handleFatalError(4, 'syntax error, u...', 'D:\xampp\htdocs...', 30)
#1 [internal function]: ErrorHandler::handleError(4, 'syntax error, u...', 'D:\xampp\htdocs...', 30, Array)
#2 D:\xampp\htdocs\leminhhoan-01-master\lib\Cake\Core\App.php(933): call_user_func('ErrorHandler::h...', 4, 'syntax error, u...', 'D:\xampp\htdocs...', 30, Array)
#3 D:\xampp\htdocs\leminhhoan-01-master\lib\Cake\Core\App.php(906): App::_checkFatalError()
#4 [internal function]: App::shutdown()
#5 {main}
2016-01-21 11:02:31 Error: [MissingActionException] Action CommentController::get_newsale10() could not be found.
Exception Attributes: array (
  'controller' => 'CommentController',
  'action' => 'get_newsale10',
)
Request URL: /
Stack Trace:
#0 D:\xampp\htdocs\leminhhoan-01-master\lib\Cake\Routing\Dispatcher.php(193): Controller->invokeAction(Object(CakeRequest))
#1 D:\xampp\htdocs\leminhhoan-01-master\lib\Cake\Routing\Dispatcher.php(167): Dispatcher->_invoke(Object(CommentController), Object(CakeRequest))
#2 D:\xampp\htdocs\leminhhoan-01-master\lib\Cake\Core\Object.php(104): Dispatcher->dispatch(Object(CakeRequest), Object(CakeResponse), Array)
#3 D:\xampp\htdocs\leminhhoan-01-master\app\View\Elements\right.ctp(13): Object->requestAction('Comment/get_new...')
#4 D:\xampp\htdocs\leminhhoan-01-master\lib\Cake\View\View.php(971): include('D:\xampp\htdocs...')
#5 D:\xampp\htdocs\leminhhoan-01-master\lib\Cake\View\View.php(933): View->_evaluate('D:\xampp\htdocs...', Array)
#6 D:\xampp\htdocs\leminhhoan-01-master\lib\Cake\View\View.php(1224): View->_render('D:\xampp\htdocs...', Array)
#7 D:\xampp\htdocs\leminhhoan-01-master\lib\Cake\View\View.php(418): View->_renderElement('D:\xampp\htdocs...', Array, Array)
#8 D:\xampp\htdocs\leminhhoan-01-master\app\View\Layouts\default.ctp(43): View->element('right')
#9 D:\xampp\htdocs\leminhhoan-01-master\lib\Cake\View\View.php(971): include('D:\xampp\htdocs...')
#10 D:\xampp\htdocs\leminhhoan-01-master\lib\Cake\View\View.php(933): View->_evaluate('D:\xampp\htdocs...', Array)
#11 D:\xampp\htdocs\leminhhoan-01-master\lib\Cake\View\View.php(546): View->_render('D:\xampp\htdocs...')
#12 D:\xampp\htdocs\leminhhoan-01-master\lib\Cake\View\View.php(481): View->renderLayout('', 'default')
#13 D:\xampp\htdocs\leminhhoan-01-master\lib\Cake\Controller\Controller.php(960): View->render(NULL, NULL)
#14 D:\xampp\htdocs\leminhhoan-01-master\lib\Cake\Routing\Dispatcher.php(200): Controller->render()
#15 D:\xampp\htdocs\leminhhoan-01-master\lib\Cake\Routing\Dispatcher.php(167): Dispatcher->_invoke(Object(HomeController), Object(CakeRequest))
#16 D:\xampp\htdocs\leminhhoan-01-master\app\webroot\index.php(111): Dispatcher->dispatch(Object(CakeRequest), Object(CakeResponse))
#17 {main}
2016-01-21 14:33:43 Error: [MissingActionException] Action CommentController::get_newsale() could not be found.
Exception Attributes: array (
  'controller' => 'CommentController',
  'action' => 'get_newsale',
)
Request URL: /
Stack Trace:
#0 D:\xampp\htdocs\leminhhoan-01-master\lib\Cake\Routing\Dispatcher.php(193): Controller->invokeAction(Object(CakeRequest))
#1 D:\xampp\htdocs\leminhhoan-01-master\lib\Cake\Routing\Dispatcher.php(167): Dispatcher->_invoke(Object(CommentController), Object(CakeRequest))
#2 D:\xampp\htdocs\leminhhoan-01-master\lib\Cake\Core\Object.php(104): Dispatcher->dispatch(Object(CakeRequest), Object(CakeResponse), Array)
#3 D:\xampp\htdocs\leminhhoan-01-master\app\View\Elements\right.ctp(4): Object->requestAction('Comment/get_new...')
#4 D:\xampp\htdocs\leminhhoan-01-master\lib\Cake\View\View.php(971): include('D:\xampp\htdocs...')
#5 D:\xampp\htdocs\leminhhoan-01-master\lib\Cake\View\View.php(933): View->_evaluate('D:\xampp\htdocs...', Array)
#6 D:\xampp\htdocs\leminhhoan-01-master\lib\Cake\View\View.php(1224): View->_render('D:\xampp\htdocs...', Array)
#7 D:\xampp\htdocs\leminhhoan-01-master\lib\Cake\View\View.php(418): View->_renderElement('D:\xampp\htdocs...', Array, Array)
#8 D:\xampp\htdocs\leminhhoan-01-master\app\View\Layouts\default.ctp(43): View->element('right')
#9 D:\xampp\htdocs\leminhhoan-01-master\lib\Cake\View\View.php(971): include('D:\xampp\htdocs...')
#10 D:\xampp\htdocs\leminhhoan-01-master\lib\Cake\View\View.php(933): View->_evaluate('D:\xampp\htdocs...', Array)
#11 D:\xampp\htdocs\leminhhoan-01-master\lib\Cake\View\View.php(546): View->_render('D:\xampp\htdocs...')
#12 D:\xampp\htdocs\leminhhoan-01-master\lib\Cake\View\View.php(481): View->renderLayout('', 'default')
#13 D:\xampp\htdocs\leminhhoan-01-master\lib\Cake\Controller\Controller.php(960): View->render(NULL, NULL)
#14 D:\xampp\htdocs\leminhhoan-01-master\lib\Cake\Routing\Dispatcher.php(200): Controller->render()
#15 D:\xampp\htdocs\leminhhoan-01-master\lib\Cake\Routing\Dispatcher.php(167): Dispatcher->_invoke(Object(HomeController), Object(CakeRequest))
#16 D:\xampp\htdocs\leminhhoan-01-master\app\webroot\index.php(111): Dispatcher->dispatch(Object(CakeRequest), Object(CakeResponse))
#17 {main}
2016-01-21 14:49:37 Error: Fatal Error (4): syntax error, unexpected ';' in [D:\xampp\htdocs\leminhhoan-01-master\app\Controller\HomeController.php, line 33]
2016-01-21 14:49:37 Error: [FatalErrorException] syntax error, unexpected ';'
Request URL: /
Stack Trace:
#0 D:\xampp\htdocs\leminhhoan-01-master\lib\Cake\Error\ErrorHandler.php(213): ErrorHandler::handleFatalError(4, 'syntax error, u...', 'D:\xampp\htdocs...', 33)
#1 [internal function]: ErrorHandler::handleError(4, 'syntax error, u...', 'D:\xampp\htdocs...', 33, Array)
#2 D:\xampp\htdocs\leminhhoan-01-master\lib\Cake\Core\App.php(933): call_user_func('ErrorHandler::h...', 4, 'syntax error, u...', 'D:\xampp\htdocs...', 33, Array)
#3 D:\xampp\htdocs\leminhhoan-01-master\lib\Cake\Core\App.php(906): App::_checkFatalError()
#4 [internal function]: App::shutdown()
#5 {main}
2016-01-21 14:49:38 Error: [MissingControllerException] Controller class CssController could not be found.
Exception Attributes: array (
  'class' => 'CssController',
  'plugin' => NULL,
)
Request URL: /css/cake.generic.css
Stack Trace:
#0 D:\xampp\htdocs\leminhhoan-01-master\app\webroot\index.php(111): Dispatcher->dispatch(Object(CakeRequest), Object(CakeResponse))
#1 {main}
2016-01-21 14:49:53 Error: Fatal Error (4): syntax error, unexpected ';' in [D:\xampp\htdocs\leminhhoan-01-master\app\Controller\HomeController.php, line 33]
2016-01-21 14:49:53 Error: [FatalErrorException] syntax error, unexpected ';'
Request URL: /
Stack Trace:
#0 D:\xampp\htdocs\leminhhoan-01-master\lib\Cake\Error\ErrorHandler.php(213): ErrorHandler::handleFatalError(4, 'syntax error, u...', 'D:\xampp\htdocs...', 33)
#1 [internal function]: ErrorHandler::handleError(4, 'syntax error, u...', 'D:\xampp\htdocs...', 33, Array)
#2 D:\xampp\htdocs\leminhhoan-01-master\lib\Cake\Core\App.php(933): call_user_func('ErrorHandler::h...', 4, 'syntax error, u...', 'D:\xampp\htdocs...', 33, Array)
#3 D:\xampp\htdocs\leminhhoan-01-master\lib\Cake\Core\App.php(906): App::_checkFatalError()
#4 [internal function]: App::shutdown()
#5 {main}
2016-01-21 14:50:03 Error: Fatal Error (4): syntax error, unexpected ';' in [D:\xampp\htdocs\leminhhoan-01-master\app\Controller\HomeController.php, line 33]
2016-01-21 14:50:03 Error: [FatalErrorException] syntax error, unexpected ';'
Request URL: /
Stack Trace:
#0 D:\xampp\htdocs\leminhhoan-01-master\lib\Cake\Error\ErrorHandler.php(213): ErrorHandler::handleFatalError(4, 'syntax error, u...', 'D:\xampp\htdocs...', 33)
#1 [internal function]: ErrorHandler::handleError(4, 'syntax error, u...', 'D:\xampp\htdocs...', 33, Array)
#2 D:\xampp\htdocs\leminhhoan-01-master\lib\Cake\Core\App.php(933): call_user_func('ErrorHandler::h...', 4, 'syntax error, u...', 'D:\xampp\htdocs...', 33, Array)
#3 D:\xampp\htdocs\leminhhoan-01-master\lib\Cake\Core\App.php(906): App::_checkFatalError()
#4 [internal function]: App::shutdown()
#5 {main}
2016-01-21 14:50:26 Error: [PDOException] SQLSTATE[42S22]: Column not found: 1054 Unknown column 'Right.status' in 'where clause'
Request URL: /
Stack Trace:
#0 D:\xampp\htdocs\leminhhoan-01-master\lib\Cake\Model\Datasource\DboSource.php(461): PDOStatement->execute(Array)
#1 D:\xampp\htdocs\leminhhoan-01-master\lib\Cake\Model\Datasource\DboSource.php(427): DboSource->_execute('SELECT `RightCa...', Array)
#2 D:\xampp\htdocs\leminhhoan-01-master\lib\Cake\Model\Datasource\DboSource.php(669): DboSource->execute('SELECT `RightCa...', Array, Array)
#3 D:\xampp\htdocs\leminhhoan-01-master\lib\Cake\Model\Datasource\DboSource.php(1118): DboSource->fetchAll('SELECT `RightCa...', false)
#4 D:\xampp\htdocs\leminhhoan-01-master\lib\Cake\Model\Model.php(3031): DboSource->read(Object(AppModel), Array)
#5 D:\xampp\htdocs\leminhhoan-01-master\lib\Cake\Model\Model.php(3003): Model->_readDataSource('list', Array)
#6 D:\xampp\htdocs\leminhhoan-01-master\app\Controller\HomeController.php(33): Model->find('list', Array)
#7 [internal function]: HomeController->index('home')
#8 D:\xampp\htdocs\leminhhoan-01-master\lib\Cake\Controller\Controller.php(490): ReflectionMethod->invokeArgs(Object(HomeController), Array)
#9 D:\xampp\htdocs\leminhhoan-01-master\lib\Cake\Routing\Dispatcher.php(193): Controller->invokeAction(Object(CakeRequest))
#10 D:\xampp\htdocs\leminhhoan-01-master\lib\Cake\Routing\Dispatcher.php(167): Dispatcher->_invoke(Object(HomeController), Object(CakeRequest))
#11 D:\xampp\htdocs\leminhhoan-01-master\app\webroot\index.php(111): Dispatcher->dispatch(Object(CakeRequest), Object(CakeResponse))
#12 {main}
2016-01-21 14:50:53 Error: [PDOException] SQLSTATE[42S22]: Column not found: 1054 Unknown column 'Right.righ_categoty_id' in 'where clause'
Request URL: /
Stack Trace:
#0 D:\xampp\htdocs\leminhhoan-01-master\lib\Cake\Model\Datasource\DboSource.php(461): PDOStatement->execute(Array)
#1 D:\xampp\htdocs\leminhhoan-01-master\lib\Cake\Model\Datasource\DboSource.php(427): DboSource->_execute('SELECT `Right`....', Array)
#2 D:\xampp\htdocs\leminhhoan-01-master\lib\Cake\Model\Datasource\DboSource.php(669): DboSource->execute('SELECT `Right`....', Array, Array)
#3 D:\xampp\htdocs\leminhhoan-01-master\lib\Cake\Model\Datasource\DboSource.php(1118): DboSource->fetchAll('SELECT `Right`....', false)
#4 D:\xampp\htdocs\leminhhoan-01-master\lib\Cake\Model\Model.php(3031): DboSource->read(Object(AppModel), Array)
#5 D:\xampp\htdocs\leminhhoan-01-master\lib\Cake\Model\Model.php(3003): Model->_readDataSource('list', Array)
#6 D:\xampp\htdocs\leminhhoan-01-master\app\Controller\HomeController.php(33): Model->find('list', Array)
#7 [internal function]: HomeController->index('home')
#8 D:\xampp\htdocs\leminhhoan-01-master\lib\Cake\Controller\Controller.php(490): ReflectionMethod->invokeArgs(Object(HomeController), Array)
#9 D:\xampp\htdocs\leminhhoan-01-master\lib\Cake\Routing\Dispatcher.php(193): Controller->invokeAction(Object(CakeRequest))
#10 D:\xampp\htdocs\leminhhoan-01-master\lib\Cake\Routing\Dispatcher.php(167): Dispatcher->_invoke(Object(HomeController), Object(CakeRequest))
#11 D:\xampp\htdocs\leminhhoan-01-master\app\webroot\index.php(111): Dispatcher->dispatch(Object(CakeRequest), Object(CakeResponse))
#12 {main}
2016-01-21 14:51:47 Error: [PDOException] SQLSTATE[42S22]: Column not found: 1054 Unknown column 'Right.right_categoty_id' in 'where clause'
Request URL: /
Stack Trace:
#0 D:\xampp\htdocs\leminhhoan-01-master\lib\Cake\Model\Datasource\DboSource.php(461): PDOStatement->execute(Array)
#1 D:\xampp\htdocs\leminhhoan-01-master\lib\Cake\Model\Datasource\DboSource.php(427): DboSource->_execute('SELECT `Right`....', Array)
#2 D:\xampp\htdocs\leminhhoan-01-master\lib\Cake\Model\Datasource\DboSource.php(669): DboSource->execute('SELECT `Right`....', Array, Array)
#3 D:\xampp\htdocs\leminhhoan-01-master\lib\Cake\Model\Datasource\DboSource.php(1118): DboSource->fetchAll('SELECT `Right`....', false)
#4 D:\xampp\htdocs\leminhhoan-01-master\lib\Cake\Model\Model.php(3031): DboSource->read(Object(AppModel), Array)
#5 D:\xampp\htdocs\leminhhoan-01-master\lib\Cake\Model\Model.php(3003): Model->_readDataSource('list', Array)
#6 D:\xampp\htdocs\leminhhoan-01-master\app\Controller\HomeController.php(33): Model->find('list', Array)
#7 [internal function]: HomeController->index('home')
#8 D:\xampp\htdocs\leminhhoan-01-master\lib\Cake\Controller\Controller.php(490): ReflectionMethod->invokeArgs(Object(HomeController), Array)
#9 D:\xampp\htdocs\leminhhoan-01-master\lib\Cake\Routing\Dispatcher.php(193): Controller->invokeAction(Object(CakeRequest))
#10 D:\xampp\htdocs\leminhhoan-01-master\lib\Cake\Routing\Dispatcher.php(167): Dispatcher->_invoke(Object(HomeController), Object(CakeRequest))
#11 D:\xampp\htdocs\leminhhoan-01-master\app\webroot\index.php(111): Dispatcher->dispatch(Object(CakeRequest), Object(CakeResponse))
#12 {main}
2016-01-21 14:52:24 Error: [PDOException] SQLSTATE[42S22]: Column not found: 1054 Unknown column 'Right.right_categoty_id' in 'where clause'
Request URL: /
Stack Trace:
#0 D:\xampp\htdocs\leminhhoan-01-master\lib\Cake\Model\Datasource\DboSource.php(461): PDOStatement->execute(Array)
#1 D:\xampp\htdocs\leminhhoan-01-master\lib\Cake\Model\Datasource\DboSource.php(427): DboSource->_execute('SELECT `Right`....', Array)
#2 D:\xampp\htdocs\leminhhoan-01-master\lib\Cake\Model\Datasource\DboSource.php(669): DboSource->execute('SELECT `Right`....', Array, Array)
#3 D:\xampp\htdocs\leminhhoan-01-master\lib\Cake\Model\Datasource\DboSource.php(1118): DboSource->fetchAll('SELECT `Right`....', false)
#4 D:\xampp\htdocs\leminhhoan-01-master\lib\Cake\Model\Model.php(3031): DboSource->read(Object(AppModel), Array)
#5 D:\xampp\htdocs\leminhhoan-01-master\lib\Cake\Model\Model.php(3003): Model->_readDataSource('all', Array)
#6 D:\xampp\htdocs\leminhhoan-01-master\app\Controller\HomeController.php(33): Model->find('all', Array)
#7 [internal function]: HomeController->index('home')
#8 D:\xampp\htdocs\leminhhoan-01-master\lib\Cake\Controller\Controller.php(490): ReflectionMethod->invokeArgs(Object(HomeController), Array)
#9 D:\xampp\htdocs\leminhhoan-01-master\lib\Cake\Routing\Dispatcher.php(193): Controller->invokeAction(Object(CakeRequest))
#10 D:\xampp\htdocs\leminhhoan-01-master\lib\Cake\Routing\Dispatcher.php(167): Dispatcher->_invoke(Object(HomeController), Object(CakeRequest))
#11 D:\xampp\htdocs\leminhhoan-01-master\app\webroot\index.php(111): Dispatcher->dispatch(Object(CakeRequest), Object(CakeResponse))
#12 {main}
2016-01-21 15:32:27 Error: Fatal Error (64): Cannot use [] for reading in [D:\xampp\htdocs\leminhhoan-01-master\app\View\Home\index.ctp, line 308]
2016-01-21 15:32:27 Error: [FatalErrorException] Cannot use [] for reading
Request URL: /
Stack Trace:
#0 D:\xampp\htdocs\leminhhoan-01-master\lib\Cake\Error\ErrorHandler.php(213): ErrorHandler::handleFatalError(64, 'Cannot use [] f...', 'D:\xampp\htdocs...', 308)
#1 [internal function]: ErrorHandler::handleError(64, 'Cannot use [] f...', 'D:\xampp\htdocs...', 308, Array)
#2 D:\xampp\htdocs\leminhhoan-01-master\lib\Cake\Core\App.php(933): call_user_func('ErrorHandler::h...', 64, 'Cannot use [] f...', 'D:\xampp\htdocs...', 308, Array)
#3 D:\xampp\htdocs\leminhhoan-01-master\lib\Cake\Core\App.php(906): App::_checkFatalError()
#4 [internal function]: App::shutdown()
#5 {main}
2016-01-21 15:32:54 Error: Fatal Error (64): Cannot use [] for reading in [D:\xampp\htdocs\leminhhoan-01-master\app\View\Home\index.ctp, line 308]
2016-01-21 15:32:54 Error: [FatalErrorException] Cannot use [] for reading
Request URL: /
Stack Trace:
#0 D:\xampp\htdocs\leminhhoan-01-master\lib\Cake\Error\ErrorHandler.php(213): ErrorHandler::handleFatalError(64, 'Cannot use [] f...', 'D:\xampp\htdocs...', 308)
#1 [internal function]: ErrorHandler::handleError(64, 'Cannot use [] f...', 'D:\xampp\htdocs...', 308, Array)
#2 D:\xampp\htdocs\leminhhoan-01-master\lib\Cake\Core\App.php(933): call_user_func('ErrorHandler::h...', 64, 'Cannot use [] f...', 'D:\xampp\htdocs...', 308, Array)
#3 D:\xampp\htdocs\leminhhoan-01-master\lib\Cake\Core\App.php(906): App::_checkFatalError()
#4 [internal function]: App::shutdown()
#5 {main}
2016-01-21 15:33:10 Error: Fatal Error (64): Cannot use [] for reading in [D:\xampp\htdocs\leminhhoan-01-master\app\View\Home\index.ctp, line 308]
2016-01-21 15:33:10 Error: [FatalErrorException] Cannot use [] for reading
Request URL: /
Stack Trace:
#0 D:\xampp\htdocs\leminhhoan-01-master\lib\Cake\Error\ErrorHandler.php(213): ErrorHandler::handleFatalError(64, 'Cannot use [] f...', 'D:\xampp\htdocs...', 308)
#1 [internal function]: ErrorHandler::handleError(64, 'Cannot use [] f...', 'D:\xampp\htdocs...', 308, Array)
#2 D:\xampp\htdocs\leminhhoan-01-master\lib\Cake\Core\App.php(933): call_user_func('ErrorHandler::h...', 64, 'Cannot use [] f...', 'D:\xampp\htdocs...', 308, Array)
#3 D:\xampp\htdocs\leminhhoan-01-master\lib\Cake\Core\App.php(906): App::_checkFatalError()
#4 [internal function]: App::shutdown()
#5 {main}
2016-01-21 15:33:53 Error: Fatal Error (64): Cannot use [] for reading in [D:\xampp\htdocs\leminhhoan-01-master\app\View\Home\index.ctp, line 308]
2016-01-21 15:33:53 Error: [FatalErrorException] Cannot use [] for reading
Request URL: /
Stack Trace:
#0 D:\xampp\htdocs\leminhhoan-01-master\lib\Cake\Error\ErrorHandler.php(213): ErrorHandler::handleFatalError(64, 'Cannot use [] f...', 'D:\xampp\htdocs...', 308)
#1 [internal function]: ErrorHandler::handleError(64, 'Cannot use [] f...', 'D:\xampp\htdocs...', 308, Array)
#2 D:\xampp\htdocs\leminhhoan-01-master\lib\Cake\Core\App.php(933): call_user_func('ErrorHandler::h...', 64, 'Cannot use [] f...', 'D:\xampp\htdocs...', 308, Array)
#3 D:\xampp\htdocs\leminhhoan-01-master\lib\Cake\Core\App.php(906): App::_checkFatalError()
#4 [internal function]: App::shutdown()
#5 {main}
2016-01-21 15:34:04 Error: Fatal Error (64): Cannot use [] for reading in [D:\xampp\htdocs\leminhhoan-01-master\app\View\Home\index.ctp, line 308]
2016-01-21 15:34:04 Error: [FatalErrorException] Cannot use [] for reading
Request URL: /
Stack Trace:
#0 D:\xampp\htdocs\leminhhoan-01-master\lib\Cake\Error\ErrorHandler.php(213): ErrorHandler::handleFatalError(64, 'Cannot use [] f...', 'D:\xampp\htdocs...', 308)
#1 [internal function]: ErrorHandler::handleError(64, 'Cannot use [] f...', 'D:\xampp\htdocs...', 308, Array)
#2 D:\xampp\htdocs\leminhhoan-01-master\lib\Cake\Core\App.php(933): call_user_func('ErrorHandler::h...', 64, 'Cannot use [] f...', 'D:\xampp\htdocs...', 308, Array)
#3 D:\xampp\htdocs\leminhhoan-01-master\lib\Cake\Core\App.php(906): App::_checkFatalError()
#4 [internal function]: App::shutdown()
#5 {main}
2016-01-21 15:34:24 Error: Fatal Error (64): Cannot use [] for reading in [D:\xampp\htdocs\leminhhoan-01-master\app\View\Home\index.ctp, line 308]
2016-01-21 15:34:24 Error: [FatalErrorException] Cannot use [] for reading
Request URL: /
Stack Trace:
#0 D:\xampp\htdocs\leminhhoan-01-master\lib\Cake\Error\ErrorHandler.php(213): ErrorHandler::handleFatalError(64, 'Cannot use [] f...', 'D:\xampp\htdocs...', 308)
#1 [internal function]: ErrorHandler::handleError(64, 'Cannot use [] f...', 'D:\xampp\htdocs...', 308, Array)
#2 D:\xampp\htdocs\leminhhoan-01-master\lib\Cake\Core\App.php(933): call_user_func('ErrorHandler::h...', 64, 'Cannot use [] f...', 'D:\xampp\htdocs...', 308, Array)
#3 D:\xampp\htdocs\leminhhoan-01-master\lib\Cake\Core\App.php(906): App::_checkFatalError()
#4 [internal function]: App::shutdown()
#5 {main}
2016-01-21 15:34:35 Error: Fatal Error (64): Cannot use [] for reading in [D:\xampp\htdocs\leminhhoan-01-master\app\View\Home\index.ctp, line 308]
2016-01-21 15:34:35 Error: [FatalErrorException] Cannot use [] for reading
Request URL: /
Stack Trace:
#0 D:\xampp\htdocs\leminhhoan-01-master\lib\Cake\Error\ErrorHandler.php(213): ErrorHandler::handleFatalError(64, 'Cannot use [] f...', 'D:\xampp\htdocs...', 308)
#1 [internal function]: ErrorHandler::handleError(64, 'Cannot use [] f...', 'D:\xampp\htdocs...', 308, Array)
#2 D:\xampp\htdocs\leminhhoan-01-master\lib\Cake\Core\App.php(933): call_user_func('ErrorHandler::h...', 64, 'Cannot use [] f...', 'D:\xampp\htdocs...', 308, Array)
#3 D:\xampp\htdocs\leminhhoan-01-master\lib\Cake\Core\App.php(906): App::_checkFatalError()
#4 [internal function]: App::shutdown()
#5 {main}
2016-01-21 15:34:46 Error: Fatal Error (64): Cannot use [] for reading in [D:\xampp\htdocs\leminhhoan-01-master\app\View\Home\index.ctp, line 308]
2016-01-21 15:34:46 Error: [FatalErrorException] Cannot use [] for reading
Request URL: /
Stack Trace:
#0 D:\xampp\htdocs\leminhhoan-01-master\lib\Cake\Error\ErrorHandler.php(213): ErrorHandler::handleFatalError(64, 'Cannot use [] f...', 'D:\xampp\htdocs...', 308)
#1 [internal function]: ErrorHandler::handleError(64, 'Cannot use [] f...', 'D:\xampp\htdocs...', 308, Array)
#2 D:\xampp\htdocs\leminhhoan-01-master\lib\Cake\Core\App.php(933): call_user_func('ErrorHandler::h...', 64, 'Cannot use [] f...', 'D:\xampp\htdocs...', 308, Array)
#3 D:\xampp\htdocs\leminhhoan-01-master\lib\Cake\Core\App.php(906): App::_checkFatalError()
#4 [internal function]: App::shutdown()
#5 {main}
2016-01-21 15:34:59 Error: Fatal Error (64): Cannot use [] for reading in [D:\xampp\htdocs\leminhhoan-01-master\app\View\Home\index.ctp, line 308]
2016-01-21 15:34:59 Error: [FatalErrorException] Cannot use [] for reading
Request URL: /
Stack Trace:
#0 D:\xampp\htdocs\leminhhoan-01-master\lib\Cake\Error\ErrorHandler.php(213): ErrorHandler::handleFatalError(64, 'Cannot use [] f...', 'D:\xampp\htdocs...', 308)
#1 [internal function]: ErrorHandler::handleError(64, 'Cannot use [] f...', 'D:\xampp\htdocs...', 308, Array)
#2 D:\xampp\htdocs\leminhhoan-01-master\lib\Cake\Core\App.php(933): call_user_func('ErrorHandler::h...', 64, 'Cannot use [] f...', 'D:\xampp\htdocs...', 308, Array)
#3 D:\xampp\htdocs\leminhhoan-01-master\lib\Cake\Core\App.php(906): App::_checkFatalError()
#4 [internal function]: App::shutdown()
#5 {main}
2016-01-21 15:35:19 Error: Fatal Error (64): Cannot use [] for reading in [D:\xampp\htdocs\leminhhoan-01-master\app\View\Home\index.ctp, line 308]
2016-01-21 15:35:19 Error: [FatalErrorException] Cannot use [] for reading
Request URL: /
Stack Trace:
#0 D:\xampp\htdocs\leminhhoan-01-master\lib\Cake\Error\ErrorHandler.php(213): ErrorHandler::handleFatalError(64, 'Cannot use [] f...', 'D:\xampp\htdocs...', 308)
#1 [internal function]: ErrorHandler::handleError(64, 'Cannot use [] f...', 'D:\xampp\htdocs...', 308, Array)
#2 D:\xampp\htdocs\leminhhoan-01-master\lib\Cake\Core\App.php(933): call_user_func('ErrorHandler::h...', 64, 'Cannot use [] f...', 'D:\xampp\htdocs...', 308, Array)
#3 D:\xampp\htdocs\leminhhoan-01-master\lib\Cake\Core\App.php(906): App::_checkFatalError()
#4 [internal function]: App::shutdown()
#5 {main}
2016-01-21 15:35:43 Error: Fatal Error (64): Cannot use [] for reading in [D:\xampp\htdocs\leminhhoan-01-master\app\View\Home\index.ctp, line 308]
2016-01-21 15:35:43 Error: [FatalErrorException] Cannot use [] for reading
Request URL: /
Stack Trace:
#0 D:\xampp\htdocs\leminhhoan-01-master\lib\Cake\Error\ErrorHandler.php(213): ErrorHandler::handleFatalError(64, 'Cannot use [] f...', 'D:\xampp\htdocs...', 308)
#1 [internal function]: ErrorHandler::handleError(64, 'Cannot use [] f...', 'D:\xampp\htdocs...', 308, Array)
#2 D:\xampp\htdocs\leminhhoan-01-master\lib\Cake\Core\App.php(933): call_user_func('ErrorHandler::h...', 64, 'Cannot use [] f...', 'D:\xampp\htdocs...', 308, Array)
#3 D:\xampp\htdocs\leminhhoan-01-master\lib\Cake\Core\App.php(906): App::_checkFatalError()
#4 [internal function]: App::shutdown()
#5 {main}
2016-01-21 15:35:54 Error: Fatal Error (64): Cannot use [] for reading in [D:\xampp\htdocs\leminhhoan-01-master\app\View\Home\index.ctp, line 308]
2016-01-21 15:35:54 Error: [FatalErrorException] Cannot use [] for reading
Request URL: /
Stack Trace:
#0 D:\xampp\htdocs\leminhhoan-01-master\lib\Cake\Error\ErrorHandler.php(213): ErrorHandler::handleFatalError(64, 'Cannot use [] f...', 'D:\xampp\htdocs...', 308)
#1 [internal function]: ErrorHandler::handleError(64, 'Cannot use [] f...', 'D:\xampp\htdocs...', 308, Array)
#2 D:\xampp\htdocs\leminhhoan-01-master\lib\Cake\Core\App.php(933): call_user_func('ErrorHandler::h...', 64, 'Cannot use [] f...', 'D:\xampp\htdocs...', 308, Array)
#3 D:\xampp\htdocs\leminhhoan-01-master\lib\Cake\Core\App.php(906): App::_checkFatalError()
#4 [internal function]: App::shutdown()
#5 {main}
2016-01-21 15:36:04 Error: Fatal Error (64): Cannot use [] for reading in [D:\xampp\htdocs\leminhhoan-01-master\app\View\Home\index.ctp, line 308]
2016-01-21 15:36:04 Error: [FatalErrorException] Cannot use [] for reading
Request URL: /
Stack Trace:
#0 D:\xampp\htdocs\leminhhoan-01-master\lib\Cake\Error\ErrorHandler.php(213): ErrorHandler::handleFatalError(64, 'Cannot use [] f...', 'D:\xampp\htdocs...', 308)
#1 [internal function]: ErrorHandler::handleError(64, 'Cannot use [] f...', 'D:\xampp\htdocs...', 308, Array)
#2 D:\xampp\htdocs\leminhhoan-01-master\lib\Cake\Core\App.php(933): call_user_func('ErrorHandler::h...', 64, 'Cannot use [] f...', 'D:\xampp\htdocs...', 308, Array)
#3 D:\xampp\htdocs\leminhhoan-01-master\lib\Cake\Core\App.php(906): App::_checkFatalError()
#4 [internal function]: App::shutdown()
#5 {main}
2016-01-21 15:36:17 Error: Fatal Error (64): Cannot use [] for reading in [D:\xampp\htdocs\leminhhoan-01-master\app\View\Home\index.ctp, line 308]
2016-01-21 15:36:17 Error: [FatalErrorException] Cannot use [] for reading
Request URL: /
Stack Trace:
#0 D:\xampp\htdocs\leminhhoan-01-master\lib\Cake\Error\ErrorHandler.php(213): ErrorHandler::handleFatalError(64, 'Cannot use [] f...', 'D:\xampp\htdocs...', 308)
#1 [internal function]: ErrorHandler::handleError(64, 'Cannot use [] f...', 'D:\xampp\htdocs...', 308, Array)
#2 D:\xampp\htdocs\leminhhoan-01-master\lib\Cake\Core\App.php(933): call_user_func('ErrorHandler::h...', 64, 'Cannot use [] f...', 'D:\xampp\htdocs...', 308, Array)
#3 D:\xampp\htdocs\leminhhoan-01-master\lib\Cake\Core\App.php(906): App::_checkFatalError()
#4 [internal function]: App::shutdown()
#5 {main}
2016-01-21 15:36:56 Error: Fatal Error (64): Cannot use [] for reading in [D:\xampp\htdocs\leminhhoan-01-master\app\View\Home\index.ctp, line 308]
2016-01-21 15:36:56 Error: [FatalErrorException] Cannot use [] for reading
Request URL: /
Stack Trace:
#0 D:\xampp\htdocs\leminhhoan-01-master\lib\Cake\Error\ErrorHandler.php(213): ErrorHandler::handleFatalError(64, 'Cannot use [] f...', 'D:\xampp\htdocs...', 308)
#1 [internal function]: ErrorHandler::handleError(64, 'Cannot use [] f...', 'D:\xampp\htdocs...', 308, Array)
#2 D:\xampp\htdocs\leminhhoan-01-master\lib\Cake\Core\App.php(933): call_user_func('ErrorHandler::h...', 64, 'Cannot use [] f...', 'D:\xampp\htdocs...', 308, Array)
#3 D:\xampp\htdocs\leminhhoan-01-master\lib\Cake\Core\App.php(906): App::_checkFatalError()
#4 [internal function]: App::shutdown()
#5 {main}
2016-01-21 15:37:20 Error: Fatal Error (4): syntax error, unexpected ']' in [D:\xampp\htdocs\leminhhoan-01-master\app\View\Home\index.ctp, line 308]
2016-01-21 15:37:20 Error: [FatalErrorException] syntax error, unexpected ']'
Request URL: /
Stack Trace:
#0 D:\xampp\htdocs\leminhhoan-01-master\lib\Cake\Error\ErrorHandler.php(213): ErrorHandler::handleFatalError(4, 'syntax error, u...', 'D:\xampp\htdocs...', 308)
#1 [internal function]: ErrorHandler::handleError(4, 'syntax error, u...', 'D:\xampp\htdocs...', 308, Array)
#2 D:\xampp\htdocs\leminhhoan-01-master\lib\Cake\Core\App.php(933): call_user_func('ErrorHandler::h...', 4, 'syntax error, u...', 'D:\xampp\htdocs...', 308, Array)
#3 D:\xampp\htdocs\leminhhoan-01-master\lib\Cake\Core\App.php(906): App::_checkFatalError()
#4 [internal function]: App::shutdown()
#5 {main}
2016-01-21 16:05:50 Error: Fatal Error (1): Call to a member function find() on a non-object in [D:\xampp\htdocs\leminhhoan-01-master\app\Controller\HomeController.php, line 90]
2016-01-21 16:05:50 Error: [FatalErrorException] Call to a member function find() on a non-object
Request URL: /
Stack Trace:
#0 D:\xampp\htdocs\leminhhoan-01-master\lib\Cake\Error\ErrorHandler.php(213): ErrorHandler::handleFatalError(1, 'Call to a membe...', 'D:\xampp\htdocs...', 90)
#1 [internal function]: ErrorHandler::handleError(1, 'Call to a membe...', 'D:\xampp\htdocs...', 90, Array)
#2 D:\xampp\htdocs\leminhhoan-01-master\lib\Cake\Core\App.php(933): call_user_func('ErrorHandler::h...', 1, 'Call to a membe...', 'D:\xampp\htdocs...', 90, Array)
#3 D:\xampp\htdocs\leminhhoan-01-master\lib\Cake\Core\App.php(906): App::_checkFatalError()
#4 [internal function]: App::shutdown()
#5 {main}
2016-01-21 16:07:03 Error: Fatal Error (1): Call to a member function find() on a non-object in [D:\xampp\htdocs\leminhhoan-01-master\app\Controller\HomeController.php, line 90]
2016-01-21 16:07:03 Error: [FatalErrorException] Call to a member function find() on a non-object
Request URL: /
Stack Trace:
#0 D:\xampp\htdocs\leminhhoan-01-master\lib\Cake\Error\ErrorHandler.php(213): ErrorHandler::handleFatalError(1, 'Call to a membe...', 'D:\xampp\htdocs...', 90)
#1 [internal function]: ErrorHandler::handleError(1, 'Call to a membe...', 'D:\xampp\htdocs...', 90, Array)
#2 D:\xampp\htdocs\leminhhoan-01-master\lib\Cake\Core\App.php(933): call_user_func('ErrorHandler::h...', 1, 'Call to a membe...', 'D:\xampp\htdocs...', 90, Array)
#3 D:\xampp\htdocs\leminhhoan-01-master\lib\Cake\Core\App.php(906): App::_checkFatalError()
#4 [internal function]: App::shutdown()
#5 {main}
2016-01-21 16:07:06 Error: Fatal Error (1): Call to a member function find() on a non-object in [D:\xampp\htdocs\leminhhoan-01-master\app\Controller\HomeController.php, line 90]
2016-01-21 16:07:06 Error: [FatalErrorException] Call to a member function find() on a non-object
Request URL: /
Stack Trace:
#0 D:\xampp\htdocs\leminhhoan-01-master\lib\Cake\Error\ErrorHandler.php(213): ErrorHandler::handleFatalError(1, 'Call to a membe...', 'D:\xampp\htdocs...', 90)
#1 [internal function]: ErrorHandler::handleError(1, 'Call to a membe...', 'D:\xampp\htdocs...', 90, Array)
#2 D:\xampp\htdocs\leminhhoan-01-master\lib\Cake\Core\App.php(933): call_user_func('ErrorHandler::h...', 1, 'Call to a membe...', 'D:\xampp\htdocs...', 90, Array)
#3 D:\xampp\htdocs\leminhhoan-01-master\lib\Cake\Core\App.php(906): App::_checkFatalError()
#4 [internal function]: App::shutdown()
#5 {main}
2016-01-21 16:07:11 Error: Fatal Error (1): Call to a member function find() on a non-object in [D:\xampp\htdocs\leminhhoan-01-master\app\Controller\HomeController.php, line 90]
2016-01-21 16:07:11 Error: [FatalErrorException] Call to a member function find() on a non-object
Request URL: /
Stack Trace:
#0 D:\xampp\htdocs\leminhhoan-01-master\lib\Cake\Error\ErrorHandler.php(213): ErrorHandler::handleFatalError(1, 'Call to a membe...', 'D:\xampp\htdocs...', 90)
#1 [internal function]: ErrorHandler::handleError(1, 'Call to a membe...', 'D:\xampp\htdocs...', 90, Array)
#2 D:\xampp\htdocs\leminhhoan-01-master\lib\Cake\Core\App.php(933): call_user_func('ErrorHandler::h...', 1, 'Call to a membe...', 'D:\xampp\htdocs...', 90, Array)
#3 D:\xampp\htdocs\leminhhoan-01-master\lib\Cake\Core\App.php(906): App::_checkFatalError()
#4 [internal function]: App::shutdown()
#5 {main}
2016-01-22 12:55:09 Error: Fatal Error (64): Cannot use [] for reading in [D:\xampp\htdocs\leminhhoan-01-master\app\Controller\HomeController.php, line 129]
2016-01-22 12:55:09 Error: [FatalErrorException] Cannot use [] for reading
Request URL: /
Stack Trace:
#0 D:\xampp\htdocs\leminhhoan-01-master\lib\Cake\Error\ErrorHandler.php(213): ErrorHandler::handleFatalError(64, 'Cannot use [] f...', 'D:\xampp\htdocs...', 129)
#1 [internal function]: ErrorHandler::handleError(64, 'Cannot use [] f...', 'D:\xampp\htdocs...', 129, Array)
#2 D:\xampp\htdocs\leminhhoan-01-master\lib\Cake\Core\App.php(933): call_user_func('ErrorHandler::h...', 64, 'Cannot use [] f...', 'D:\xampp\htdocs...', 129, Array)
#3 D:\xampp\htdocs\leminhhoan-01-master\lib\Cake\Core\App.php(906): App::_checkFatalError()
#4 [internal function]: App::shutdown()
#5 {main}
2016-01-22 13:10:01 Error: Fatal Error (64): Cannot use [] for reading in [D:\xampp\htdocs\leminhhoan-01-master\app\Controller\HomeController.php, line 129]
2016-01-22 13:10:01 Error: [FatalErrorException] Cannot use [] for reading
Request URL: /
Stack Trace:
#0 D:\xampp\htdocs\leminhhoan-01-master\lib\Cake\Error\ErrorHandler.php(213): ErrorHandler::handleFatalError(64, 'Cannot use [] f...', 'D:\xampp\htdocs...', 129)
#1 [internal function]: ErrorHandler::handleError(64, 'Cannot use [] f...', 'D:\xampp\htdocs...', 129, Array)
#2 D:\xampp\htdocs\leminhhoan-01-master\lib\Cake\Core\App.php(933): call_user_func('ErrorHandler::h...', 64, 'Cannot use [] f...', 'D:\xampp\htdocs...', 129, Array)
#3 D:\xampp\htdocs\leminhhoan-01-master\lib\Cake\Core\App.php(906): App::_checkFatalError()
#4 [internal function]: App::shutdown()
#5 {main}
2016-01-22 13:10:15 Error: Fatal Error (64): Cannot use [] for reading in [D:\xampp\htdocs\leminhhoan-01-master\app\Controller\HomeController.php, line 129]
2016-01-22 13:10:15 Error: [FatalErrorException] Cannot use [] for reading
Request URL: /
Stack Trace:
#0 D:\xampp\htdocs\leminhhoan-01-master\lib\Cake\Error\ErrorHandler.php(213): ErrorHandler::handleFatalError(64, 'Cannot use [] f...', 'D:\xampp\htdocs...', 129)
#1 [internal function]: ErrorHandler::handleError(64, 'Cannot use [] f...', 'D:\xampp\htdocs...', 129, Array)
#2 D:\xampp\htdocs\leminhhoan-01-master\lib\Cake\Core\App.php(933): call_user_func('ErrorHandler::h...', 64, 'Cannot use [] f...', 'D:\xampp\htdocs...', 129, Array)
#3 D:\xampp\htdocs\leminhhoan-01-master\lib\Cake\Core\App.php(906): App::_checkFatalError()
#4 [internal function]: App::shutdown()
#5 {main}
2016-01-22 13:15:15 Error: Fatal Error (4): syntax error, unexpected '=>' (T_DOUBLE_ARROW) in [D:\xampp\htdocs\leminhhoan-01-master\app\Controller\HomeController.php, line 129]
2016-01-22 13:15:15 Error: [FatalErrorException] syntax error, unexpected '=>' (T_DOUBLE_ARROW)
Request URL: /
Stack Trace:
#0 D:\xampp\htdocs\leminhhoan-01-master\lib\Cake\Error\ErrorHandler.php(213): ErrorHandler::handleFatalError(4, 'syntax error, u...', 'D:\xampp\htdocs...', 129)
#1 [internal function]: ErrorHandler::handleError(4, 'syntax error, u...', 'D:\xampp\htdocs...', 129, Array)
#2 D:\xampp\htdocs\leminhhoan-01-master\lib\Cake\Core\App.php(933): call_user_func('ErrorHandler::h...', 4, 'syntax error, u...', 'D:\xampp\htdocs...', 129, Array)
#3 D:\xampp\htdocs\leminhhoan-01-master\lib\Cake\Core\App.php(906): App::_checkFatalError()
#4 [internal function]: App::shutdown()
#5 {main}
