2016-01-19 16:06:59 Error: [MissingTableException] Table orders for model Order was not found in datasource default.
Exception Attributes: array (
  'table' => 'orders',
  'class' => 'Order',
  'ds' => 'default',
)
Request URL: /admin/
Stack Trace:
#0 D:\xampp\htdocs\leminhhoan-01-master\lib\Cake\Model\Model.php(3653): Model->setSource('orders')
#1 D:\xampp\htdocs\leminhhoan-01-master\lib\Cake\Model\Model.php(3031): Model->getDataSource()
#2 D:\xampp\htdocs\leminhhoan-01-master\lib\Cake\Model\Model.php(3003): Model->_readDataSource('all', Array)
#3 D:\xampp\htdocs\leminhhoan-01-master\lib\Cake\Controller\Component\PaginatorComponent.php(196): Model->find('all', Array)
#4 D:\xampp\htdocs\leminhhoan-01-master\lib\Cake\Controller\Controller.php(1086): PaginatorComponent->paginate('Order', Array, Array)
#5 D:\xampp\htdocs\leminhhoan-01-master\admin\Controller\HomeController.php(23): Controller->paginate('Order')
#6 [internal function]: HomeController->index()
#7 D:\xampp\htdocs\leminhhoan-01-master\lib\Cake\Controller\Controller.php(490): ReflectionMethod->invokeArgs(Object(HomeController), Array)
#8 D:\xampp\htdocs\leminhhoan-01-master\lib\Cake\Routing\Dispatcher.php(193): Controller->invokeAction(Object(CakeRequest))
#9 D:\xampp\htdocs\leminhhoan-01-master\lib\Cake\Routing\Dispatcher.php(167): Dispatcher->_invoke(Object(HomeController), Object(CakeRequest))
#10 D:\xampp\htdocs\leminhhoan-01-master\admin\webroot\index.php(92): Dispatcher->dispatch(Object(CakeRequest), Object(CakeResponse))
#11 {main}
2016-01-19 16:08:32 Error: [MissingControllerException] Controller class VideoController could not be found.
Exception Attributes: array (
  'class' => 'VideoController',
  'plugin' => NULL,
)
Request URL: /admin/video/video_hot/?code=home
Stack Trace:
#0 D:\xampp\htdocs\leminhhoan-01-master\admin\webroot\index.php(92): Dispatcher->dispatch(Object(CakeRequest), Object(CakeResponse))
#1 {main}
2016-01-19 16:18:17 Error: [MissingControllerException] Controller class AdvertisementController could not be found.
Exception Attributes: array (
  'class' => 'AdvertisementController',
  'plugin' => NULL,
)
Request URL: /admin/advertisement
Stack Trace:
#0 D:\xampp\htdocs\leminhhoan-01-master\admin\webroot\index.php(92): Dispatcher->dispatch(Object(CakeRequest), Object(CakeResponse))
#1 {main}
2016-01-19 16:18:22 Error: [MissingControllerException] Controller class MarketingController could not be found.
Exception Attributes: array (
  'class' => 'MarketingController',
  'plugin' => NULL,
)
Request URL: /admin/marketing/send
Stack Trace:
#0 D:\xampp\htdocs\leminhhoan-01-master\admin\webroot\index.php(92): Dispatcher->dispatch(Object(CakeRequest), Object(CakeResponse))
#1 {main}
2016-01-19 16:19:41 Error: [MissingControllerException] Controller class UserController could not be found.
Exception Attributes: array (
  'class' => 'UserController',
  'plugin' => NULL,
)
Request URL: /admin/user/add
Stack Trace:
#0 D:\xampp\htdocs\leminhhoan-01-master\admin\webroot\index.php(92): Dispatcher->dispatch(Object(CakeRequest), Object(CakeResponse))
#1 {main}
2016-01-19 16:19:52 Error: [MissingControllerException] Controller class UserController could not be found.
Exception Attributes: array (
  'class' => 'UserController',
  'plugin' => NULL,
)
Request URL: /admin/user
Stack Trace:
#0 D:\xampp\htdocs\leminhhoan-01-master\admin\webroot\index.php(92): Dispatcher->dispatch(Object(CakeRequest), Object(CakeResponse))
#1 {main}
2016-01-19 16:20:00 Error: [MissingTableException] Table users for model User was not found in datasource default.
Exception Attributes: array (
  'table' => 'users',
  'class' => 'User',
  'ds' => 'default',
)
Request URL: /admin/administrator/add
Stack Trace:
#0 D:\xampp\htdocs\leminhhoan-01-master\lib\Cake\Model\Model.php(3653): Model->setSource('users')
#1 D:\xampp\htdocs\leminhhoan-01-master\lib\Cake\Model\Model.php(3031): Model->getDataSource()
#2 D:\xampp\htdocs\leminhhoan-01-master\lib\Cake\Model\Model.php(3003): Model->_readDataSource('list', Array)
#3 D:\xampp\htdocs\leminhhoan-01-master\admin\Controller\AdministratorController.php(84): Model->find('list', Array)
#4 [internal function]: AdministratorController->add()
#5 D:\xampp\htdocs\leminhhoan-01-master\lib\Cake\Controller\Controller.php(490): ReflectionMethod->invokeArgs(Object(AdministratorController), Array)
#6 D:\xampp\htdocs\leminhhoan-01-master\lib\Cake\Routing\Dispatcher.php(193): Controller->invokeAction(Object(CakeRequest))
#7 D:\xampp\htdocs\leminhhoan-01-master\lib\Cake\Routing\Dispatcher.php(167): Dispatcher->_invoke(Object(AdministratorController), Object(CakeRequest))
#8 D:\xampp\htdocs\leminhhoan-01-master\admin\webroot\index.php(92): Dispatcher->dispatch(Object(CakeRequest), Object(CakeResponse))
#9 {main}
2016-01-19 16:20:36 Error: [MissingTableException] Table users for model User was not found in datasource default.
Exception Attributes: array (
  'table' => 'users',
  'class' => 'User',
  'ds' => 'default',
)
Request URL: /admin/administrator/add
Stack Trace:
#0 D:\xampp\htdocs\leminhhoan-01-master\lib\Cake\Model\Model.php(3653): Model->setSource('users')
#1 D:\xampp\htdocs\leminhhoan-01-master\lib\Cake\Model\Model.php(3031): Model->getDataSource()
#2 D:\xampp\htdocs\leminhhoan-01-master\lib\Cake\Model\Model.php(3003): Model->_readDataSource('list', Array)
#3 D:\xampp\htdocs\leminhhoan-01-master\admin\Controller\AdministratorController.php(84): Model->find('list', Array)
#4 [internal function]: AdministratorController->add()
#5 D:\xampp\htdocs\leminhhoan-01-master\lib\Cake\Controller\Controller.php(490): ReflectionMethod->invokeArgs(Object(AdministratorController), Array)
#6 D:\xampp\htdocs\leminhhoan-01-master\lib\Cake\Routing\Dispatcher.php(193): Controller->invokeAction(Object(CakeRequest))
#7 D:\xampp\htdocs\leminhhoan-01-master\lib\Cake\Routing\Dispatcher.php(167): Dispatcher->_invoke(Object(AdministratorController), Object(CakeRequest))
#8 D:\xampp\htdocs\leminhhoan-01-master\admin\webroot\index.php(92): Dispatcher->dispatch(Object(CakeRequest), Object(CakeResponse))
#9 {main}
2016-01-19 16:20:50 Error: [MissingTableException] Table users for model User was not found in datasource default.
Exception Attributes: array (
  'table' => 'users',
  'class' => 'User',
  'ds' => 'default',
)
Request URL: /admin/administrator/add
Stack Trace:
#0 D:\xampp\htdocs\leminhhoan-01-master\lib\Cake\Model\Model.php(3653): Model->setSource('users')
#1 D:\xampp\htdocs\leminhhoan-01-master\lib\Cake\Model\Model.php(3031): Model->getDataSource()
#2 D:\xampp\htdocs\leminhhoan-01-master\lib\Cake\Model\Model.php(3003): Model->_readDataSource('list', Array)
#3 D:\xampp\htdocs\leminhhoan-01-master\admin\Controller\AdministratorController.php(84): Model->find('list', Array)
#4 [internal function]: AdministratorController->add()
#5 D:\xampp\htdocs\leminhhoan-01-master\lib\Cake\Controller\Controller.php(490): ReflectionMethod->invokeArgs(Object(AdministratorController), Array)
#6 D:\xampp\htdocs\leminhhoan-01-master\lib\Cake\Routing\Dispatcher.php(193): Controller->invokeAction(Object(CakeRequest))
#7 D:\xampp\htdocs\leminhhoan-01-master\lib\Cake\Routing\Dispatcher.php(167): Dispatcher->_invoke(Object(AdministratorController), Object(CakeRequest))
#8 D:\xampp\htdocs\leminhhoan-01-master\admin\webroot\index.php(92): Dispatcher->dispatch(Object(CakeRequest), Object(CakeResponse))
#9 {main}
2016-01-19 16:20:57 Error: [MissingTableException] Table users for model User was not found in datasource default.
Exception Attributes: array (
  'table' => 'users',
  'class' => 'User',
  'ds' => 'default',
)
Request URL: /admin/administrator/add
Stack Trace:
#0 D:\xampp\htdocs\leminhhoan-01-master\lib\Cake\Model\Model.php(3653): Model->setSource('users')
#1 D:\xampp\htdocs\leminhhoan-01-master\lib\Cake\Model\Model.php(3031): Model->getDataSource()
#2 D:\xampp\htdocs\leminhhoan-01-master\lib\Cake\Model\Model.php(3003): Model->_readDataSource('list', Array)
#3 D:\xampp\htdocs\leminhhoan-01-master\admin\Controller\AdministratorController.php(84): Model->find('list', Array)
#4 [internal function]: AdministratorController->add()
#5 D:\xampp\htdocs\leminhhoan-01-master\lib\Cake\Controller\Controller.php(490): ReflectionMethod->invokeArgs(Object(AdministratorController), Array)
#6 D:\xampp\htdocs\leminhhoan-01-master\lib\Cake\Routing\Dispatcher.php(193): Controller->invokeAction(Object(CakeRequest))
#7 D:\xampp\htdocs\leminhhoan-01-master\lib\Cake\Routing\Dispatcher.php(167): Dispatcher->_invoke(Object(AdministratorController), Object(CakeRequest))
#8 D:\xampp\htdocs\leminhhoan-01-master\admin\webroot\index.php(92): Dispatcher->dispatch(Object(CakeRequest), Object(CakeResponse))
#9 {main}
2016-01-19 16:21:13 Error: [MissingTableException] Table users for model User was not found in datasource default.
Exception Attributes: array (
  'table' => 'users',
  'class' => 'User',
  'ds' => 'default',
)
Request URL: /admin/administrator/add
Stack Trace:
#0 D:\xampp\htdocs\leminhhoan-01-master\lib\Cake\Model\Model.php(3653): Model->setSource('users')
#1 D:\xampp\htdocs\leminhhoan-01-master\lib\Cake\Model\Model.php(3031): Model->getDataSource()
#2 D:\xampp\htdocs\leminhhoan-01-master\lib\Cake\Model\Model.php(3003): Model->_readDataSource('list', Array)
#3 D:\xampp\htdocs\leminhhoan-01-master\admin\Controller\AdministratorController.php(84): Model->find('list', Array)
#4 [internal function]: AdministratorController->add()
#5 D:\xampp\htdocs\leminhhoan-01-master\lib\Cake\Controller\Controller.php(490): ReflectionMethod->invokeArgs(Object(AdministratorController), Array)
#6 D:\xampp\htdocs\leminhhoan-01-master\lib\Cake\Routing\Dispatcher.php(193): Controller->invokeAction(Object(CakeRequest))
#7 D:\xampp\htdocs\leminhhoan-01-master\lib\Cake\Routing\Dispatcher.php(167): Dispatcher->_invoke(Object(AdministratorController), Object(CakeRequest))
#8 D:\xampp\htdocs\leminhhoan-01-master\admin\webroot\index.php(92): Dispatcher->dispatch(Object(CakeRequest), Object(CakeResponse))
#9 {main}
2016-01-20 12:58:21 Error: [MissingControllerException] Controller class ProductController could not be found.
Exception Attributes: array (
  'class' => 'ProductController',
  'plugin' => NULL,
)
Request URL: /admin/product
Stack Trace:
#0 D:\xampp\htdocs\leminhhoan-01-master\admin\webroot\index.php(92): Dispatcher->dispatch(Object(CakeRequest), Object(CakeResponse))
#1 {main}
2016-01-20 12:59:47 Error: [MissingControllerException] Controller class ProductController could not be found.
Exception Attributes: array (
  'class' => 'ProductController',
  'plugin' => NULL,
)
Request URL: /admin/product
Stack Trace:
#0 D:\xampp\htdocs\leminhhoan-01-master\admin\webroot\index.php(92): Dispatcher->dispatch(Object(CakeRequest), Object(CakeResponse))
#1 {main}
2016-01-20 13:05:32 Error: [MissingControllerException] Controller class ProductController could not be found.
Exception Attributes: array (
  'class' => 'ProductController',
  'plugin' => NULL,
)
Request URL: /admin/product
Stack Trace:
#0 D:\xampp\htdocs\leminhhoan-01-master\admin\webroot\index.php(92): Dispatcher->dispatch(Object(CakeRequest), Object(CakeResponse))
#1 {main}
2016-01-20 13:21:04 Error: [MissingActionException] Action GalleryCategoryController::view() could not be found.
Exception Attributes: array (
  'controller' => 'GalleryCategoryController',
  'action' => 'view',
)
Request URL: /admin/gallerycategory/view
Stack Trace:
#0 D:\xampp\htdocs\leminhhoan-01-master\lib\Cake\Routing\Dispatcher.php(193): Controller->invokeAction(Object(CakeRequest))
#1 D:\xampp\htdocs\leminhhoan-01-master\lib\Cake\Routing\Dispatcher.php(167): Dispatcher->_invoke(Object(GalleryCategoryController), Object(CakeRequest))
#2 D:\xampp\htdocs\leminhhoan-01-master\admin\webroot\index.php(92): Dispatcher->dispatch(Object(CakeRequest), Object(CakeResponse))
#3 {main}
2016-01-20 14:16:07 Error: [MissingTableException] Table menulefts for model Menuleft was not found in datasource default.
Exception Attributes: array (
  'table' => 'menulefts',
  'class' => 'Menuleft',
  'ds' => 'default',
)
Request URL: /admin/menuleft
Stack Trace:
#0 D:\xampp\htdocs\leminhhoan-01-master\lib\Cake\Model\Model.php(3653): Model->setSource('menulefts')
#1 D:\xampp\htdocs\leminhhoan-01-master\lib\Cake\Model\Model.php(3031): Model->getDataSource()
#2 D:\xampp\htdocs\leminhhoan-01-master\lib\Cake\Model\Model.php(3003): Model->_readDataSource('all', Array)
#3 D:\xampp\htdocs\leminhhoan-01-master\lib\Cake\Controller\Component\PaginatorComponent.php(196): Model->find('all', Array)
#4 D:\xampp\htdocs\leminhhoan-01-master\lib\Cake\Controller\Controller.php(1086): PaginatorComponent->paginate('Menuleft', Array, Array)
#5 D:\xampp\htdocs\leminhhoan-01-master\admin\Controller\MenuleftController.php(29): Controller->paginate('Menuleft')
#6 [internal function]: MenuleftController->index()
#7 D:\xampp\htdocs\leminhhoan-01-master\lib\Cake\Controller\Controller.php(490): ReflectionMethod->invokeArgs(Object(MenuleftController), Array)
#8 D:\xampp\htdocs\leminhhoan-01-master\lib\Cake\Routing\Dispatcher.php(193): Controller->invokeAction(Object(CakeRequest))
#9 D:\xampp\htdocs\leminhhoan-01-master\lib\Cake\Routing\Dispatcher.php(167): Dispatcher->_invoke(Object(MenuleftController), Object(CakeRequest))
#10 D:\xampp\htdocs\leminhhoan-01-master\admin\webroot\index.php(92): Dispatcher->dispatch(Object(CakeRequest), Object(CakeResponse))
#11 {main}
2016-01-20 14:19:40 Error: [PDOException] SQLSTATE[42000]: Syntax error or access violation: 1064 You have an error in your SQL syntax; check the manual that corresponds to your MySQL server version for the right syntax to use near 'generateTreeList' at line 1
Request URL: /admin/menuleft/add
Stack Trace:
#0 D:\xampp\htdocs\leminhhoan-01-master\lib\Cake\Model\Datasource\DboSource.php(461): PDOStatement->execute(Array)
#1 D:\xampp\htdocs\leminhhoan-01-master\lib\Cake\Model\Datasource\DboSource.php(427): DboSource->_execute('generateTreeLis...', Array)
#2 D:\xampp\htdocs\leminhhoan-01-master\lib\Cake\Model\Datasource\DboSource.php(669): DboSource->execute('generateTreeLis...', Array, Array)
#3 D:\xampp\htdocs\leminhhoan-01-master\lib\Cake\Model\Datasource\DboSource.php(612): DboSource->fetchAll('generateTreeLis...', Array, Array)
#4 D:\xampp\htdocs\leminhhoan-01-master\lib\Cake\Model\Model.php(827): DboSource->query('generateTreeLis...', Array, Object(AppModel))
#5 D:\xampp\htdocs\leminhhoan-01-master\admin\Controller\MenuleftController.php(50): Model->__call('generateTreeLis...', Array)
#6 D:\xampp\htdocs\leminhhoan-01-master\admin\Controller\MenuleftController.php(50): AppModel->generateTreeList(NULL, NULL, NULL, ' _ ')
#7 [internal function]: MenuleftController->add()
#8 D:\xampp\htdocs\leminhhoan-01-master\lib\Cake\Controller\Controller.php(490): ReflectionMethod->invokeArgs(Object(MenuleftController), Array)
#9 D:\xampp\htdocs\leminhhoan-01-master\lib\Cake\Routing\Dispatcher.php(193): Controller->invokeAction(Object(CakeRequest))
#10 D:\xampp\htdocs\leminhhoan-01-master\lib\Cake\Routing\Dispatcher.php(167): Dispatcher->_invoke(Object(MenuleftController), Object(CakeRequest))
#11 D:\xampp\htdocs\leminhhoan-01-master\admin\webroot\index.php(92): Dispatcher->dispatch(Object(CakeRequest), Object(CakeResponse))
#12 {main}
2016-01-20 14:26:29 Error: [PDOException] SQLSTATE[42000]: Syntax error or access violation: 1064 You have an error in your SQL syntax; check the manual that corresponds to your MySQL server version for the right syntax to use near 'generateTreeList' at line 1
Request URL: /admin/menuleft/edit/8
Stack Trace:
#0 D:\xampp\htdocs\leminhhoan-01-master\lib\Cake\Model\Datasource\DboSource.php(461): PDOStatement->execute(Array)
#1 D:\xampp\htdocs\leminhhoan-01-master\lib\Cake\Model\Datasource\DboSource.php(427): DboSource->_execute('generateTreeLis...', Array)
#2 D:\xampp\htdocs\leminhhoan-01-master\lib\Cake\Model\Datasource\DboSource.php(669): DboSource->execute('generateTreeLis...', Array, Array)
#3 D:\xampp\htdocs\leminhhoan-01-master\lib\Cake\Model\Datasource\DboSource.php(612): DboSource->fetchAll('generateTreeLis...', Array, Array)
#4 D:\xampp\htdocs\leminhhoan-01-master\lib\Cake\Model\Model.php(827): DboSource->query('generateTreeLis...', Array, Object(AppModel))
#5 D:\xampp\htdocs\leminhhoan-01-master\admin\Controller\MenuleftController.php(75): Model->__call('generateTreeLis...', Array)
#6 D:\xampp\htdocs\leminhhoan-01-master\admin\Controller\MenuleftController.php(75): AppModel->generateTreeList(NULL, NULL, NULL, ' _ ')
#7 [internal function]: MenuleftController->edit('8')
#8 D:\xampp\htdocs\leminhhoan-01-master\lib\Cake\Controller\Controller.php(490): ReflectionMethod->invokeArgs(Object(MenuleftController), Array)
#9 D:\xampp\htdocs\leminhhoan-01-master\lib\Cake\Routing\Dispatcher.php(193): Controller->invokeAction(Object(CakeRequest))
#10 D:\xampp\htdocs\leminhhoan-01-master\lib\Cake\Routing\Dispatcher.php(167): Dispatcher->_invoke(Object(MenuleftController), Object(CakeRequest))
#11 D:\xampp\htdocs\leminhhoan-01-master\admin\webroot\index.php(92): Dispatcher->dispatch(Object(CakeRequest), Object(CakeResponse))
#12 {main}
2016-01-20 14:29:49 Error: [PDOException] SQLSTATE[42000]: Syntax error or access violation: 1064 You have an error in your SQL syntax; check the manual that corresponds to your MySQL server version for the right syntax to use near 'generateTreeList' at line 1
Request URL: /admin/menuleft/copy/10
Stack Trace:
#0 D:\xampp\htdocs\leminhhoan-01-master\lib\Cake\Model\Datasource\DboSource.php(461): PDOStatement->execute(Array)
#1 D:\xampp\htdocs\leminhhoan-01-master\lib\Cake\Model\Datasource\DboSource.php(427): DboSource->_execute('generateTreeLis...', Array)
#2 D:\xampp\htdocs\leminhhoan-01-master\lib\Cake\Model\Datasource\DboSource.php(669): DboSource->execute('generateTreeLis...', Array, Array)
#3 D:\xampp\htdocs\leminhhoan-01-master\lib\Cake\Model\Datasource\DboSource.php(612): DboSource->fetchAll('generateTreeLis...', Array, Array)
#4 D:\xampp\htdocs\leminhhoan-01-master\lib\Cake\Model\Model.php(827): DboSource->query('generateTreeLis...', Array, Object(AppModel))
#5 D:\xampp\htdocs\leminhhoan-01-master\admin\Controller\MenuleftController.php(91): Model->__call('generateTreeLis...', Array)
#6 D:\xampp\htdocs\leminhhoan-01-master\admin\Controller\MenuleftController.php(91): AppModel->generateTreeList(NULL, NULL, NULL, ' _ ')
#7 [internal function]: MenuleftController->copy('10')
#8 D:\xampp\htdocs\leminhhoan-01-master\lib\Cake\Controller\Controller.php(490): ReflectionMethod->invokeArgs(Object(MenuleftController), Array)
#9 D:\xampp\htdocs\leminhhoan-01-master\lib\Cake\Routing\Dispatcher.php(193): Controller->invokeAction(Object(CakeRequest))
#10 D:\xampp\htdocs\leminhhoan-01-master\lib\Cake\Routing\Dispatcher.php(167): Dispatcher->_invoke(Object(MenuleftController), Object(CakeRequest))
#11 D:\xampp\htdocs\leminhhoan-01-master\admin\webroot\index.php(92): Dispatcher->dispatch(Object(CakeRequest), Object(CakeResponse))
#12 {main}
2016-01-20 14:57:42 Error: [MissingTableException] Table right_categories for model RightCategory was not found in datasource default.
Exception Attributes: array (
  'table' => 'right_categories',
  'class' => 'RightCategory',
  'ds' => 'default',
)
Request URL: /admin/right_category
Stack Trace:
#0 D:\xampp\htdocs\leminhhoan-01-master\lib\Cake\Model\Model.php(3653): Model->setSource('right_categorie...')
#1 D:\xampp\htdocs\leminhhoan-01-master\lib\Cake\Model\Model.php(3031): Model->getDataSource()
#2 D:\xampp\htdocs\leminhhoan-01-master\lib\Cake\Model\Model.php(3003): Model->_readDataSource('all', Array)
#3 D:\xampp\htdocs\leminhhoan-01-master\lib\Cake\Controller\Component\PaginatorComponent.php(196): Model->find('all', Array)
#4 D:\xampp\htdocs\leminhhoan-01-master\lib\Cake\Controller\Controller.php(1086): PaginatorComponent->paginate('RightCategory', Array, Array)
#5 D:\xampp\htdocs\leminhhoan-01-master\admin\Controller\RightcategoryController.php(36): Controller->paginate('RightCategory')
#6 [internal function]: RightcategoryController->index()
#7 D:\xampp\htdocs\leminhhoan-01-master\lib\Cake\Controller\Controller.php(490): ReflectionMethod->invokeArgs(Object(RightcategoryController), Array)
#8 D:\xampp\htdocs\leminhhoan-01-master\lib\Cake\Routing\Dispatcher.php(193): Controller->invokeAction(Object(CakeRequest))
#9 D:\xampp\htdocs\leminhhoan-01-master\lib\Cake\Routing\Dispatcher.php(167): Dispatcher->_invoke(Object(RightcategoryController), Object(CakeRequest))
#10 D:\xampp\htdocs\leminhhoan-01-master\admin\webroot\index.php(92): Dispatcher->dispatch(Object(CakeRequest), Object(CakeResponse))
#11 {main}
2016-01-20 15:00:19 Error: [MissingTableException] Table right_categories for model RightCategory was not found in datasource default.
Exception Attributes: array (
  'table' => 'right_categories',
  'class' => 'RightCategory',
  'ds' => 'default',
)
Request URL: /admin/right_category
Stack Trace:
#0 D:\xampp\htdocs\leminhhoan-01-master\lib\Cake\Model\Model.php(3653): Model->setSource('right_categorie...')
#1 D:\xampp\htdocs\leminhhoan-01-master\lib\Cake\Model\Model.php(3031): Model->getDataSource()
#2 D:\xampp\htdocs\leminhhoan-01-master\lib\Cake\Model\Model.php(3003): Model->_readDataSource('all', Array)
#3 D:\xampp\htdocs\leminhhoan-01-master\lib\Cake\Controller\Component\PaginatorComponent.php(196): Model->find('all', Array)
#4 D:\xampp\htdocs\leminhhoan-01-master\lib\Cake\Controller\Controller.php(1086): PaginatorComponent->paginate('RightCategory', Array, Array)
#5 D:\xampp\htdocs\leminhhoan-01-master\admin\Controller\RightcategoryController.php(36): Controller->paginate('RightCategory')
#6 [internal function]: RightcategoryController->index()
#7 D:\xampp\htdocs\leminhhoan-01-master\lib\Cake\Controller\Controller.php(490): ReflectionMethod->invokeArgs(Object(RightcategoryController), Array)
#8 D:\xampp\htdocs\leminhhoan-01-master\lib\Cake\Routing\Dispatcher.php(193): Controller->invokeAction(Object(CakeRequest))
#9 D:\xampp\htdocs\leminhhoan-01-master\lib\Cake\Routing\Dispatcher.php(167): Dispatcher->_invoke(Object(RightcategoryController), Object(CakeRequest))
#10 D:\xampp\htdocs\leminhhoan-01-master\admin\webroot\index.php(92): Dispatcher->dispatch(Object(CakeRequest), Object(CakeResponse))
#11 {main}
2016-01-20 15:01:02 Error: [MissingTableException] Table right_categories for model RightCategory was not found in datasource default.
Exception Attributes: array (
  'table' => 'right_categories',
  'class' => 'RightCategory',
  'ds' => 'default',
)
Request URL: /admin/right_category
Stack Trace:
#0 D:\xampp\htdocs\leminhhoan-01-master\lib\Cake\Model\Model.php(3653): Model->setSource('right_categorie...')
#1 D:\xampp\htdocs\leminhhoan-01-master\lib\Cake\Model\Model.php(3031): Model->getDataSource()
#2 D:\xampp\htdocs\leminhhoan-01-master\lib\Cake\Model\Model.php(3003): Model->_readDataSource('all', Array)
#3 D:\xampp\htdocs\leminhhoan-01-master\lib\Cake\Controller\Component\PaginatorComponent.php(196): Model->find('all', Array)
#4 D:\xampp\htdocs\leminhhoan-01-master\lib\Cake\Controller\Controller.php(1086): PaginatorComponent->paginate('RightCategory', Array, Array)
#5 D:\xampp\htdocs\leminhhoan-01-master\admin\Controller\RightcategoryController.php(36): Controller->paginate('RightCategory')
#6 [internal function]: RightCategoryController->index()
#7 D:\xampp\htdocs\leminhhoan-01-master\lib\Cake\Controller\Controller.php(490): ReflectionMethod->invokeArgs(Object(RightCategoryController), Array)
#8 D:\xampp\htdocs\leminhhoan-01-master\lib\Cake\Routing\Dispatcher.php(193): Controller->invokeAction(Object(CakeRequest))
#9 D:\xampp\htdocs\leminhhoan-01-master\lib\Cake\Routing\Dispatcher.php(167): Dispatcher->_invoke(Object(RightCategoryController), Object(CakeRequest))
#10 D:\xampp\htdocs\leminhhoan-01-master\admin\webroot\index.php(92): Dispatcher->dispatch(Object(CakeRequest), Object(CakeResponse))
#11 {main}
2016-01-20 15:01:51 Error: [MissingTableException] Table right_categories for model RightCategory was not found in datasource default.
Exception Attributes: array (
  'table' => 'right_categories',
  'class' => 'RightCategory',
  'ds' => 'default',
)
Request URL: /admin/right_category
Stack Trace:
#0 D:\xampp\htdocs\leminhhoan-01-master\lib\Cake\Model\Model.php(3653): Model->setSource('right_categorie...')
#1 D:\xampp\htdocs\leminhhoan-01-master\lib\Cake\Model\Model.php(3031): Model->getDataSource()
#2 D:\xampp\htdocs\leminhhoan-01-master\lib\Cake\Model\Model.php(3003): Model->_readDataSource('all', Array)
#3 D:\xampp\htdocs\leminhhoan-01-master\lib\Cake\Controller\Component\PaginatorComponent.php(196): Model->find('all', Array)
#4 D:\xampp\htdocs\leminhhoan-01-master\lib\Cake\Controller\Controller.php(1086): PaginatorComponent->paginate('RightCategory', Array, Array)
#5 D:\xampp\htdocs\leminhhoan-01-master\admin\Controller\RightcategoryController.php(36): Controller->paginate('RightCategory')
#6 [internal function]: RightCategoryController->index()
#7 D:\xampp\htdocs\leminhhoan-01-master\lib\Cake\Controller\Controller.php(490): ReflectionMethod->invokeArgs(Object(RightCategoryController), Array)
#8 D:\xampp\htdocs\leminhhoan-01-master\lib\Cake\Routing\Dispatcher.php(193): Controller->invokeAction(Object(CakeRequest))
#9 D:\xampp\htdocs\leminhhoan-01-master\lib\Cake\Routing\Dispatcher.php(167): Dispatcher->_invoke(Object(RightCategoryController), Object(CakeRequest))
#10 D:\xampp\htdocs\leminhhoan-01-master\admin\webroot\index.php(92): Dispatcher->dispatch(Object(CakeRequest), Object(CakeResponse))
#11 {main}
2016-01-20 15:12:47 Error: [MissingTableException] Table gallery_categories for model GalleryCategory was not found in datasource default.
Exception Attributes: array (
  'table' => 'gallery_categories',
  'class' => 'GalleryCategory',
  'ds' => 'default',
)
Request URL: /admin/gallery_category/edit/7
Stack Trace:
#0 D:\xampp\htdocs\leminhhoan-01-master\lib\Cake\Model\Model.php(3653): Model->setSource('gallery_categor...')
#1 D:\xampp\htdocs\leminhhoan-01-master\lib\Cake\Model\Model.php(3031): Model->getDataSource()
#2 D:\xampp\htdocs\leminhhoan-01-master\lib\Cake\Model\Model.php(3003): Model->_readDataSource('first', Array)
#3 D:\xampp\htdocs\leminhhoan-01-master\lib\Cake\Model\Model.php(1630): Model->find('first', Array)
#4 D:\xampp\htdocs\leminhhoan-01-master\admin\Controller\GalleryCategoryController.php(80): Model->read(NULL, '7')
#5 [internal function]: GalleryCategoryController->edit('7')
#6 D:\xampp\htdocs\leminhhoan-01-master\lib\Cake\Controller\Controller.php(490): ReflectionMethod->invokeArgs(Object(GalleryCategoryController), Array)
#7 D:\xampp\htdocs\leminhhoan-01-master\lib\Cake\Routing\Dispatcher.php(193): Controller->invokeAction(Object(CakeRequest))
#8 D:\xampp\htdocs\leminhhoan-01-master\lib\Cake\Routing\Dispatcher.php(167): Dispatcher->_invoke(Object(GalleryCategoryController), Object(CakeRequest))
#9 D:\xampp\htdocs\leminhhoan-01-master\admin\webroot\index.php(92): Dispatcher->dispatch(Object(CakeRequest), Object(CakeResponse))
#10 {main}
2016-01-20 15:15:30 Error: [MissingTableException] Table gallery_categories for model GalleryCategory was not found in datasource default.
Exception Attributes: array (
  'table' => 'gallery_categories',
  'class' => 'GalleryCategory',
  'ds' => 'default',
)
Request URL: /admin/gallery_category/edit/7
Stack Trace:
#0 D:\xampp\htdocs\leminhhoan-01-master\lib\Cake\Model\Model.php(3653): Model->setSource('gallery_categor...')
#1 D:\xampp\htdocs\leminhhoan-01-master\lib\Cake\Model\Model.php(3031): Model->getDataSource()
#2 D:\xampp\htdocs\leminhhoan-01-master\lib\Cake\Model\Model.php(3003): Model->_readDataSource('first', Array)
#3 D:\xampp\htdocs\leminhhoan-01-master\lib\Cake\Model\Model.php(1630): Model->find('first', Array)
#4 D:\xampp\htdocs\leminhhoan-01-master\admin\Controller\GalleryCategoryController.php(80): Model->read(NULL, '7')
#5 [internal function]: GalleryCategoryController->edit('7')
#6 D:\xampp\htdocs\leminhhoan-01-master\lib\Cake\Controller\Controller.php(490): ReflectionMethod->invokeArgs(Object(GalleryCategoryController), Array)
#7 D:\xampp\htdocs\leminhhoan-01-master\lib\Cake\Routing\Dispatcher.php(193): Controller->invokeAction(Object(CakeRequest))
#8 D:\xampp\htdocs\leminhhoan-01-master\lib\Cake\Routing\Dispatcher.php(167): Dispatcher->_invoke(Object(GalleryCategoryController), Object(CakeRequest))
#9 D:\xampp\htdocs\leminhhoan-01-master\admin\webroot\index.php(92): Dispatcher->dispatch(Object(CakeRequest), Object(CakeResponse))
#10 {main}
2016-01-20 15:16:57 Error: [MissingTableException] Table gallery_categories for model GalleryCategory was not found in datasource default.
Exception Attributes: array (
  'table' => 'gallery_categories',
  'class' => 'GalleryCategory',
  'ds' => 'default',
)
Request URL: /admin/gallery_category/edit/7
Stack Trace:
#0 D:\xampp\htdocs\leminhhoan-01-master\lib\Cake\Model\Model.php(3653): Model->setSource('gallery_categor...')
#1 D:\xampp\htdocs\leminhhoan-01-master\lib\Cake\Model\Model.php(3031): Model->getDataSource()
#2 D:\xampp\htdocs\leminhhoan-01-master\lib\Cake\Model\Model.php(3003): Model->_readDataSource('first', Array)
#3 D:\xampp\htdocs\leminhhoan-01-master\lib\Cake\Model\Model.php(1630): Model->find('first', Array)
#4 D:\xampp\htdocs\leminhhoan-01-master\admin\Controller\GalleryCategoryController.php(80): Model->read(NULL, '7')
#5 [internal function]: GalleryCategoryController->edit('7')
#6 D:\xampp\htdocs\leminhhoan-01-master\lib\Cake\Controller\Controller.php(490): ReflectionMethod->invokeArgs(Object(GalleryCategoryController), Array)
#7 D:\xampp\htdocs\leminhhoan-01-master\lib\Cake\Routing\Dispatcher.php(193): Controller->invokeAction(Object(CakeRequest))
#8 D:\xampp\htdocs\leminhhoan-01-master\lib\Cake\Routing\Dispatcher.php(167): Dispatcher->_invoke(Object(GalleryCategoryController), Object(CakeRequest))
#9 D:\xampp\htdocs\leminhhoan-01-master\admin\webroot\index.php(92): Dispatcher->dispatch(Object(CakeRequest), Object(CakeResponse))
#10 {main}
2016-01-20 15:17:02 Error: [PDOException] SQLSTATE[42000]: Syntax error or access violation: 1064 You have an error in your SQL syntax; check the manual that corresponds to your MySQL server version for the right syntax to use near 'generateTreeList' at line 1
Request URL: /admin/right_category/edit/7
Stack Trace:
#0 D:\xampp\htdocs\leminhhoan-01-master\lib\Cake\Model\Datasource\DboSource.php(461): PDOStatement->execute(Array)
#1 D:\xampp\htdocs\leminhhoan-01-master\lib\Cake\Model\Datasource\DboSource.php(427): DboSource->_execute('generateTreeLis...', Array)
#2 D:\xampp\htdocs\leminhhoan-01-master\lib\Cake\Model\Datasource\DboSource.php(669): DboSource->execute('generateTreeLis...', Array, Array)
#3 D:\xampp\htdocs\leminhhoan-01-master\lib\Cake\Model\Datasource\DboSource.php(612): DboSource->fetchAll('generateTreeLis...', Array, Array)
#4 D:\xampp\htdocs\leminhhoan-01-master\lib\Cake\Model\Model.php(827): DboSource->query('generateTreeLis...', Array, Object(AppModel))
#5 D:\xampp\htdocs\leminhhoan-01-master\admin\Controller\RightcategoryController.php(82): Model->__call('generateTreeLis...', Array)
#6 D:\xampp\htdocs\leminhhoan-01-master\admin\Controller\RightcategoryController.php(82): AppModel->generateTreeList(NULL, NULL, NULL, ' _ ')
#7 [internal function]: RightCategoryController->edit('7')
#8 D:\xampp\htdocs\leminhhoan-01-master\lib\Cake\Controller\Controller.php(490): ReflectionMethod->invokeArgs(Object(RightCategoryController), Array)
#9 D:\xampp\htdocs\leminhhoan-01-master\lib\Cake\Routing\Dispatcher.php(193): Controller->invokeAction(Object(CakeRequest))
#10 D:\xampp\htdocs\leminhhoan-01-master\lib\Cake\Routing\Dispatcher.php(167): Dispatcher->_invoke(Object(RightCategoryController), Object(CakeRequest))
#11 D:\xampp\htdocs\leminhhoan-01-master\admin\webroot\index.php(92): Dispatcher->dispatch(Object(CakeRequest), Object(CakeResponse))
#12 {main}
2016-01-20 16:07:34 Error: [MissingControllerException] Controller class WebrootController could not be found.
Exception Attributes: array (
  'class' => 'WebrootController',
  'plugin' => NULL,
)
Request URL: /admin/webroot/upload/image/images/News/092015/muc-luong-it-toan-cau.jpg
Stack Trace:
#0 D:\xampp\htdocs\leminhhoan-01-master\admin\webroot\index.php(92): Dispatcher->dispatch(Object(CakeRequest), Object(CakeResponse))
#1 {main}
2016-01-20 16:07:34 Error: [MissingControllerException] Controller class WebrootController could not be found.
Exception Attributes: array (
  'class' => 'WebrootController',
  'plugin' => NULL,
)
Request URL: /admin/webroot/upload/image/images/News/092015/Antivirus%20scan%20for%201b8e36f8562ffbdbcbc4f2ac469d5630d374174a97aa35766c08119549ecee37%20at%202015-09-17%2002-35-24%20UTC%20-%20VirusTotal%202015-09-17%2013-39-46.png
Stack Trace:
#0 D:\xampp\htdocs\leminhhoan-01-master\admin\webroot\index.php(92): Dispatcher->dispatch(Object(CakeRequest), Object(CakeResponse))
#1 {main}
2016-01-20 16:07:34 Error: [MissingControllerException] Controller class WebrootController could not be found.
Exception Attributes: array (
  'class' => 'WebrootController',
  'plugin' => NULL,
)
Request URL: /admin/webroot/upload/image/images/News/092015/virus-total-com-scan.jpg
Stack Trace:
#0 D:\xampp\htdocs\leminhhoan-01-master\admin\webroot\index.php(92): Dispatcher->dispatch(Object(CakeRequest), Object(CakeResponse))
#1 {main}
2016-01-20 16:07:34 Error: [MissingControllerException] Controller class WebrootController could not be found.
Exception Attributes: array (
  'class' => 'WebrootController',
  'plugin' => NULL,
)
Request URL: /admin/webroot/upload/image/images/News/092015/virus-total-com.jpg
Stack Trace:
#0 D:\xampp\htdocs\leminhhoan-01-master\admin\webroot\index.php(92): Dispatcher->dispatch(Object(CakeRequest), Object(CakeResponse))
#1 {main}
2016-01-20 16:07:34 Error: [MissingControllerException] Controller class WebrootController could not be found.
Exception Attributes: array (
  'class' => 'WebrootController',
  'plugin' => NULL,
)
Request URL: /admin/webroot/upload/image/images/News/092015/slideshow-product.jpg
Stack Trace:
#0 D:\xampp\htdocs\leminhhoan-01-master\admin\webroot\index.php(92): Dispatcher->dispatch(Object(CakeRequest), Object(CakeResponse))
#1 {main}
2016-01-20 16:07:34 Error: [MissingControllerException] Controller class WebrootController could not be found.
Exception Attributes: array (
  'class' => 'WebrootController',
  'plugin' => NULL,
)
Request URL: /admin/webroot/upload/image/images/News/092015/cakephp-smarty-vendor.jpg
Stack Trace:
#0 D:\xampp\htdocs\leminhhoan-01-master\admin\webroot\index.php(92): Dispatcher->dispatch(Object(CakeRequest), Object(CakeResponse))
#1 {main}
2016-01-20 16:07:34 Error: [MissingControllerException] Controller class WebrootController could not be found.
Exception Attributes: array (
  'class' => 'WebrootController',
  'plugin' => NULL,
)
Request URL: /admin/webroot/upload/image/images/News/092015/cakephp-smarty-plugin.jpg
Stack Trace:
#0 D:\xampp\htdocs\leminhhoan-01-master\admin\webroot\index.php(92): Dispatcher->dispatch(Object(CakeRequest), Object(CakeResponse))
#1 {main}
2016-01-20 16:07:34 Error: [MissingControllerException] Controller class WebrootController could not be found.
Exception Attributes: array (
  'class' => 'WebrootController',
  'plugin' => NULL,
)
Request URL: /admin/webroot/upload/image/images/News/092015/cakephp-smarty-pages-controller.jpg
Stack Trace:
#0 D:\xampp\htdocs\leminhhoan-01-master\admin\webroot\index.php(92): Dispatcher->dispatch(Object(CakeRequest), Object(CakeResponse))
#1 {main}
2016-01-20 16:07:34 Error: [MissingControllerException] Controller class WebrootController could not be found.
Exception Attributes: array (
  'class' => 'WebrootController',
  'plugin' => NULL,
)
Request URL: /admin/webroot/upload/image/images/News/092015/cakephp-smarty-result.jpg
Stack Trace:
#0 D:\xampp\htdocs\leminhhoan-01-master\admin\webroot\index.php(92): Dispatcher->dispatch(Object(CakeRequest), Object(CakeResponse))
#1 {main}
2016-01-20 16:07:34 Error: [MissingControllerException] Controller class WebrootController could not be found.
Exception Attributes: array (
  'class' => 'WebrootController',
  'plugin' => NULL,
)
Request URL: /admin/webroot/upload/image/images/News/092015/formatting-number-jquery-short-code.jpg
Stack Trace:
#0 D:\xampp\htdocs\leminhhoan-01-master\admin\webroot\index.php(92): Dispatcher->dispatch(Object(CakeRequest), Object(CakeResponse))
#1 {main}
2016-01-20 16:07:34 Error: [MissingControllerException] Controller class WebrootController could not be found.
Exception Attributes: array (
  'class' => 'WebrootController',
  'plugin' => NULL,
)
Request URL: /admin/webroot/upload/image/images/News/092015/adwords-for-vps.png
Stack Trace:
#0 D:\xampp\htdocs\leminhhoan-01-master\admin\webroot\index.php(92): Dispatcher->dispatch(Object(CakeRequest), Object(CakeResponse))
#1 {main}
2016-01-20 16:07:34 Error: [MissingControllerException] Controller class WebrootController could not be found.
Exception Attributes: array (
  'class' => 'WebrootController',
  'plugin' => NULL,
)
Request URL: /admin/webroot/upload/image/images/News/092015/adwords-for-vai-len.jpg
Stack Trace:
#0 D:\xampp\htdocs\leminhhoan-01-master\admin\webroot\index.php(92): Dispatcher->dispatch(Object(CakeRequest), Object(CakeResponse))
#1 {main}
2016-01-20 16:07:34 Error: [MissingControllerException] Controller class WebrootController could not be found.
Exception Attributes: array (
  'class' => 'WebrootController',
  'plugin' => NULL,
)
Request URL: /admin/webroot/upload/image/images/News/092015/social-window-box-tweeter.jpg
Stack Trace:
#0 D:\xampp\htdocs\leminhhoan-01-master\admin\webroot\index.php(92): Dispatcher->dispatch(Object(CakeRequest), Object(CakeResponse))
#1 {main}
2016-01-20 16:07:34 Error: [MissingControllerException] Controller class WebrootController could not be found.
Exception Attributes: array (
  'class' => 'WebrootController',
  'plugin' => NULL,
)
Request URL: /admin/webroot/upload/image/images/News/092015/social-window-box-avatar.jpg
Stack Trace:
#0 D:\xampp\htdocs\leminhhoan-01-master\admin\webroot\index.php(92): Dispatcher->dispatch(Object(CakeRequest), Object(CakeResponse))
#1 {main}
2016-01-20 16:07:35 Error: [MissingControllerException] Controller class WebrootController could not be found.
Exception Attributes: array (
  'class' => 'WebrootController',
  'plugin' => NULL,
)
Request URL: /admin/webroot/upload/image/images/News/082015/cau-truc-bang-table.png
Stack Trace:
#0 D:\xampp\htdocs\leminhhoan-01-master\admin\webroot\index.php(92): Dispatcher->dispatch(Object(CakeRequest), Object(CakeResponse))
#1 {main}
2016-01-20 16:07:35 Error: [MissingControllerException] Controller class WebrootController could not be found.
Exception Attributes: array (
  'class' => 'WebrootController',
  'plugin' => NULL,
)
Request URL: /admin/webroot/upload/image/images/News/082015/B%C3%A0i%20s%E1%BB%91%203-%20table%2C%20form%20v%C3%A0%20c%E1%BA%A5u%20h%C3%ACnh%20vhost%202015-08-31%2016-24-36.png
Stack Trace:
#0 D:\xampp\htdocs\leminhhoan-01-master\admin\webroot\index.php(92): Dispatcher->dispatch(Object(CakeRequest), Object(CakeResponse))
#1 {main}
2016-01-20 16:07:35 Error: [MissingControllerException] Controller class WebrootController could not be found.
Exception Attributes: array (
  'class' => 'WebrootController',
  'plugin' => NULL,
)
Request URL: /admin/webroot/upload/image/images/News/082015/B%C3%A0i%20s%E1%BB%91%203-%20table%2C%20form%20v%C3%A0%20c%E1%BA%A5u%20h%C3%ACnh%20vhost%202015-08-31%2020-51-36.png
Stack Trace:
#0 D:\xampp\htdocs\leminhhoan-01-master\admin\webroot\index.php(92): Dispatcher->dispatch(Object(CakeRequest), Object(CakeResponse))
#1 {main}
2016-01-20 16:07:35 Error: [MissingControllerException] Controller class WebrootController could not be found.
Exception Attributes: array (
  'class' => 'WebrootController',
  'plugin' => NULL,
)
Request URL: /admin/webroot/upload/image/images/News/082015/B%C3%A0i%20s%E1%BB%91%203-%20table%2C%20form%20v%C3%A0%20c%E1%BA%A5u%20h%C3%ACnh%20vhost%20bai%20tap%20ve%20nha.png
Stack Trace:
#0 D:\xampp\htdocs\leminhhoan-01-master\admin\webroot\index.php(92): Dispatcher->dispatch(Object(CakeRequest), Object(CakeResponse))
#1 {main}
2016-01-20 16:07:35 Error: [MissingControllerException] Controller class WebrootController could not be found.
Exception Attributes: array (
  'class' => 'WebrootController',
  'plugin' => NULL,
)
Request URL: /admin/webroot/upload/image/images/News/082015/cau-hinh-vhost.png
Stack Trace:
#0 D:\xampp\htdocs\leminhhoan-01-master\admin\webroot\index.php(92): Dispatcher->dispatch(Object(CakeRequest), Object(CakeResponse))
#1 {main}
2016-01-20 16:07:35 Error: [MissingControllerException] Controller class WebrootController could not be found.
Exception Attributes: array (
  'class' => 'WebrootController',
  'plugin' => NULL,
)
Request URL: /admin/webroot/upload/image/images/News/082015/cau-hinh-vhost-02.png
Stack Trace:
#0 D:\xampp\htdocs\leminhhoan-01-master\admin\webroot\index.php(92): Dispatcher->dispatch(Object(CakeRequest), Object(CakeResponse))
#1 {main}
2016-01-20 16:07:35 Error: [MissingControllerException] Controller class WebrootController could not be found.
Exception Attributes: array (
  'class' => 'WebrootController',
  'plugin' => NULL,
)
Request URL: /admin/webroot/upload/image/images/News/082015/cau-hinh-vhost-03.png
Stack Trace:
#0 D:\xampp\htdocs\leminhhoan-01-master\admin\webroot\index.php(92): Dispatcher->dispatch(Object(CakeRequest), Object(CakeResponse))
#1 {main}
2016-01-20 16:07:35 Error: [MissingControllerException] Controller class WebrootController could not be found.
Exception Attributes: array (
  'class' => 'WebrootController',
  'plugin' => NULL,
)
Request URL: /admin/webroot/upload/image/images/News/082015/cau-hinh-vhost-04.png
Stack Trace:
#0 D:\xampp\htdocs\leminhhoan-01-master\admin\webroot\index.php(92): Dispatcher->dispatch(Object(CakeRequest), Object(CakeResponse))
#1 {main}
2016-01-20 16:07:35 Error: [MissingControllerException] Controller class WebrootController could not be found.
Exception Attributes: array (
  'class' => 'WebrootController',
  'plugin' => NULL,
)
Request URL: /admin/webroot/upload/image/images/News/082015/cau-hinh-vhost-05.png
Stack Trace:
#0 D:\xampp\htdocs\leminhhoan-01-master\admin\webroot\index.php(92): Dispatcher->dispatch(Object(CakeRequest), Object(CakeResponse))
#1 {main}
2016-01-20 16:07:35 Error: [MissingControllerException] Controller class WebrootController could not be found.
Exception Attributes: array (
  'class' => 'WebrootController',
  'plugin' => NULL,
)
Request URL: /admin/webroot/upload/image/images/News/082015/cau-hinh-vhost-06.png
Stack Trace:
#0 D:\xampp\htdocs\leminhhoan-01-master\admin\webroot\index.php(92): Dispatcher->dispatch(Object(CakeRequest), Object(CakeResponse))
#1 {main}
2016-01-20 16:07:35 Error: [MissingControllerException] Controller class WebrootController could not be found.
Exception Attributes: array (
  'class' => 'WebrootController',
  'plugin' => NULL,
)
Request URL: /admin/webroot/upload/image/images/News/082015/cau-hinh-vhost-07.png
Stack Trace:
#0 D:\xampp\htdocs\leminhhoan-01-master\admin\webroot\index.php(92): Dispatcher->dispatch(Object(CakeRequest), Object(CakeResponse))
#1 {main}
2016-01-20 16:07:35 Error: [MissingControllerException] Controller class WebrootController could not be found.
Exception Attributes: array (
  'class' => 'WebrootController',
  'plugin' => NULL,
)
Request URL: /admin/webroot/upload/image/images/News/082015/cau-hinh-vhost-08.png
Stack Trace:
#0 D:\xampp\htdocs\leminhhoan-01-master\admin\webroot\index.php(92): Dispatcher->dispatch(Object(CakeRequest), Object(CakeResponse))
#1 {main}
2016-01-20 16:07:35 Error: [MissingControllerException] Controller class WebrootController could not be found.
Exception Attributes: array (
  'class' => 'WebrootController',
  'plugin' => NULL,
)
Request URL: /admin/webroot/upload/image/images/News/082015/cau-hinh-vhost-10.png
Stack Trace:
#0 D:\xampp\htdocs\leminhhoan-01-master\admin\webroot\index.php(92): Dispatcher->dispatch(Object(CakeRequest), Object(CakeResponse))
#1 {main}
2016-01-20 16:07:35 Error: [MissingControllerException] Controller class WebrootController could not be found.
Exception Attributes: array (
  'class' => 'WebrootController',
  'plugin' => NULL,
)
Request URL: /admin/webroot/upload/image/images/News/082015/cau-hinh-vhost-11.png
Stack Trace:
#0 D:\xampp\htdocs\leminhhoan-01-master\admin\webroot\index.php(92): Dispatcher->dispatch(Object(CakeRequest), Object(CakeResponse))
#1 {main}
2016-01-20 16:07:35 Error: [MissingControllerException] Controller class WebrootController could not be found.
Exception Attributes: array (
  'class' => 'WebrootController',
  'plugin' => NULL,
)
Request URL: /admin/webroot/upload/image/images/News/082015/cau-hinh-vhost-09.png
Stack Trace:
#0 D:\xampp\htdocs\leminhhoan-01-master\admin\webroot\index.php(92): Dispatcher->dispatch(Object(CakeRequest), Object(CakeResponse))
#1 {main}
2016-01-20 16:07:35 Error: [MissingControllerException] Controller class WebrootController could not be found.
Exception Attributes: array (
  'class' => 'WebrootController',
  'plugin' => NULL,
)
Request URL: /admin/webroot/upload/image/images/News/082015/cau-hinh-vhost-12.png
Stack Trace:
#0 D:\xampp\htdocs\leminhhoan-01-master\admin\webroot\index.php(92): Dispatcher->dispatch(Object(CakeRequest), Object(CakeResponse))
#1 {main}
2016-01-20 16:07:35 Error: [MissingControllerException] Controller class WebrootController could not be found.
Exception Attributes: array (
  'class' => 'WebrootController',
  'plugin' => NULL,
)
Request URL: /admin/webroot/upload/image/images/News/082015/cau-hinh-vhost-13.png
Stack Trace:
#0 D:\xampp\htdocs\leminhhoan-01-master\admin\webroot\index.php(92): Dispatcher->dispatch(Object(CakeRequest), Object(CakeResponse))
#1 {main}
2016-01-20 16:07:35 Error: [MissingControllerException] Controller class WebrootController could not be found.
Exception Attributes: array (
  'class' => 'WebrootController',
  'plugin' => NULL,
)
Request URL: /admin/webroot/upload/image/images/News/082015/cau-hinh-vhost-14.png
Stack Trace:
#0 D:\xampp\htdocs\leminhhoan-01-master\admin\webroot\index.php(92): Dispatcher->dispatch(Object(CakeRequest), Object(CakeResponse))
#1 {main}
2016-01-20 16:07:35 Error: [MissingControllerException] Controller class WebrootController could not be found.
Exception Attributes: array (
  'class' => 'WebrootController',
  'plugin' => NULL,
)
Request URL: /admin/webroot/upload/image/images/News/082015/cau-hinh-vhost-15.png
Stack Trace:
#0 D:\xampp\htdocs\leminhhoan-01-master\admin\webroot\index.php(92): Dispatcher->dispatch(Object(CakeRequest), Object(CakeResponse))
#1 {main}
2016-01-20 16:07:36 Error: [MissingControllerException] Controller class WebrootController could not be found.
Exception Attributes: array (
  'class' => 'WebrootController',
  'plugin' => NULL,
)
Request URL: /admin/webroot/upload/image/images/News/082015/cau-hinh-vhost-16.png
Stack Trace:
#0 D:\xampp\htdocs\leminhhoan-01-master\admin\webroot\index.php(92): Dispatcher->dispatch(Object(CakeRequest), Object(CakeResponse))
#1 {main}
2016-01-20 16:07:36 Error: [MissingControllerException] Controller class WebrootController could not be found.
Exception Attributes: array (
  'class' => 'WebrootController',
  'plugin' => NULL,
)
Request URL: /admin/webroot/upload/image/images/News/082015/cau-hinh-vhost-17.png
Stack Trace:
#0 D:\xampp\htdocs\leminhhoan-01-master\admin\webroot\index.php(92): Dispatcher->dispatch(Object(CakeRequest), Object(CakeResponse))
#1 {main}
2016-01-20 16:07:36 Error: [MissingControllerException] Controller class WebrootController could not be found.
Exception Attributes: array (
  'class' => 'WebrootController',
  'plugin' => NULL,
)
Request URL: /admin/webroot/upload/image/images/News/082015/cau-hinh-vhost-18.png
Stack Trace:
#0 D:\xampp\htdocs\leminhhoan-01-master\admin\webroot\index.php(92): Dispatcher->dispatch(Object(CakeRequest), Object(CakeResponse))
#1 {main}
2016-01-20 16:07:36 Error: [MissingControllerException] Controller class WebrootController could not be found.
Exception Attributes: array (
  'class' => 'WebrootController',
  'plugin' => NULL,
)
Request URL: /admin/webroot/upload/image/images/News/082015/cau-hinh-vhost-19.png
Stack Trace:
#0 D:\xampp\htdocs\leminhhoan-01-master\admin\webroot\index.php(92): Dispatcher->dispatch(Object(CakeRequest), Object(CakeResponse))
#1 {main}
2016-01-20 16:07:36 Error: [MissingControllerException] Controller class WebrootController could not be found.
Exception Attributes: array (
  'class' => 'WebrootController',
  'plugin' => NULL,
)
Request URL: /admin/webroot/upload/image/images/News/082015/cau-hinh-vhost-20.png
Stack Trace:
#0 D:\xampp\htdocs\leminhhoan-01-master\admin\webroot\index.php(92): Dispatcher->dispatch(Object(CakeRequest), Object(CakeResponse))
#1 {main}
2016-01-20 16:07:36 Error: [MissingControllerException] Controller class WebrootController could not be found.
Exception Attributes: array (
  'class' => 'WebrootController',
  'plugin' => NULL,
)
Request URL: /admin/webroot/upload/image/images/News/082015/cau-hinh-vhost-21.png
Stack Trace:
#0 D:\xampp\htdocs\leminhhoan-01-master\admin\webroot\index.php(92): Dispatcher->dispatch(Object(CakeRequest), Object(CakeResponse))
#1 {main}
2016-01-20 16:07:36 Error: [MissingControllerException] Controller class WebrootController could not be found.
Exception Attributes: array (
  'class' => 'WebrootController',
  'plugin' => NULL,
)
Request URL: /admin/webroot/upload/image/images/News/082015/cau-hinh-vhost-22.png
Stack Trace:
#0 D:\xampp\htdocs\leminhhoan-01-master\admin\webroot\index.php(92): Dispatcher->dispatch(Object(CakeRequest), Object(CakeResponse))
#1 {main}
2016-01-20 16:07:36 Error: [MissingControllerException] Controller class WebrootController could not be found.
Exception Attributes: array (
  'class' => 'WebrootController',
  'plugin' => NULL,
)
Request URL: /admin/webroot/upload/image/images/News/082015/tao-nut-an-hien-noi-dung-qua-dai-bang-css3.jpg
Stack Trace:
#0 D:\xampp\htdocs\leminhhoan-01-master\admin\webroot\index.php(92): Dispatcher->dispatch(Object(CakeRequest), Object(CakeResponse))
#1 {main}
2016-01-20 16:14:43 Error: Fatal Error (64): Cannot redeclare class News in [D:\xampp\htdocs\leminhhoan-01-master\admin\Model\Right.php, line 38]
2016-01-20 16:14:43 Error: [FatalErrorException] Cannot redeclare class News
Request URL: /admin/right
Stack Trace:
#0 D:\xampp\htdocs\leminhhoan-01-master\lib\Cake\Error\ErrorHandler.php(213): ErrorHandler::handleFatalError(64, 'Cannot redeclar...', 'D:\xampp\htdocs...', 38)
#1 [internal function]: ErrorHandler::handleError(64, 'Cannot redeclar...', 'D:\xampp\htdocs...', 38, Array)
#2 D:\xampp\htdocs\leminhhoan-01-master\lib\Cake\Core\App.php(933): call_user_func('ErrorHandler::h...', 64, 'Cannot redeclar...', 'D:\xampp\htdocs...', 38, Array)
#3 D:\xampp\htdocs\leminhhoan-01-master\lib\Cake\Core\App.php(906): App::_checkFatalError()
#4 [internal function]: App::shutdown()
#5 {main}
2016-01-20 17:43:11 Error: [MissingControllerException] Controller class ContentCategoryController could not be found.
Exception Attributes: array (
  'class' => 'ContentCategoryController',
  'plugin' => NULL,
)
Request URL: /admin/content_category
Stack Trace:
#0 D:\xampp\htdocs\leminhhoan-01-master\admin\webroot\index.php(92): Dispatcher->dispatch(Object(CakeRequest), Object(CakeResponse))
#1 {main}
2016-01-20 17:51:43 Error: [MissingControllerException] Controller class ContentCategoryController could not be found.
Exception Attributes: array (
  'class' => 'ContentCategoryController',
  'plugin' => NULL,
)
Request URL: /admin/content_category
Stack Trace:
#0 D:\xampp\htdocs\leminhhoan-01-master\admin\webroot\index.php(92): Dispatcher->dispatch(Object(CakeRequest), Object(CakeResponse))
#1 {main}
2016-01-20 18:16:52 Error: [MissingControllerException] Controller class GroupCategoryController could not be found.
Exception Attributes: array (
  'class' => 'GroupCategoryController',
  'plugin' => NULL,
)
Request URL: /admin/Group_category
Stack Trace:
#0 D:\xampp\htdocs\leminhhoan-01-master\admin\webroot\index.php(92): Dispatcher->dispatch(Object(CakeRequest), Object(CakeResponse))
#1 {main}
2016-01-20 18:20:55 Error: [MissingControllerException] Controller class GroupController could not be found.
Exception Attributes: array (
  'class' => 'GroupController',
  'plugin' => NULL,
)
Request URL: /admin/Group
Stack Trace:
#0 D:\xampp\htdocs\leminhhoan-01-master\admin\webroot\index.php(92): Dispatcher->dispatch(Object(CakeRequest), Object(CakeResponse))
#1 {main}
2016-01-20 19:01:41 Error: [MissingTableException] Table get_groups for model Group was not found in datasource default.
Exception Attributes: array (
  'table' => 'get_groups',
  'class' => 'Group',
  'ds' => 'default',
)
Request URL: /admin/Group
Stack Trace:
#0 D:\xampp\htdocs\leminhhoan-01-master\lib\Cake\Model\Model.php(3653): Model->setSource('get_groups')
#1 D:\xampp\htdocs\leminhhoan-01-master\lib\Cake\Model\Model.php(3031): Model->getDataSource()
#2 D:\xampp\htdocs\leminhhoan-01-master\lib\Cake\Model\Model.php(3003): Model->_readDataSource('all', Array)
#3 D:\xampp\htdocs\leminhhoan-01-master\lib\Cake\Controller\Component\PaginatorComponent.php(196): Model->find('all', Array)
#4 D:\xampp\htdocs\leminhhoan-01-master\lib\Cake\Controller\Controller.php(1086): PaginatorComponent->paginate('Group', Array, Array)
#5 D:\xampp\htdocs\leminhhoan-01-master\admin\Controller\GroupController.php(40): Controller->paginate('Group')
#6 [internal function]: GroupController->index()
#7 D:\xampp\htdocs\leminhhoan-01-master\lib\Cake\Controller\Controller.php(490): ReflectionMethod->invokeArgs(Object(GroupController), Array)
#8 D:\xampp\htdocs\leminhhoan-01-master\lib\Cake\Routing\Dispatcher.php(193): Controller->invokeAction(Object(CakeRequest))
#9 D:\xampp\htdocs\leminhhoan-01-master\lib\Cake\Routing\Dispatcher.php(167): Dispatcher->_invoke(Object(GroupController), Object(CakeRequest))
#10 D:\xampp\htdocs\leminhhoan-01-master\admin\webroot\index.php(92): Dispatcher->dispatch(Object(CakeRequest), Object(CakeResponse))
#11 {main}
2016-01-22 13:58:44 Error: [MissingTableException] Table orders for model Order was not found in datasource default.
Exception Attributes: array (
  'table' => 'orders',
  'class' => 'Order',
  'ds' => 'default',
)
Request URL: /admin/
Stack Trace:
#0 D:\wamp\www\letshop\lib\Cake\Model\Model.php(3653): Model->setSource('orders')
#1 D:\wamp\www\letshop\lib\Cake\Model\Model.php(3031): Model->getDataSource()
#2 D:\wamp\www\letshop\lib\Cake\Model\Model.php(3003): Model->_readDataSource('all', Array)
#3 D:\wamp\www\letshop\lib\Cake\Controller\Component\PaginatorComponent.php(196): Model->find('all', Array)
#4 D:\wamp\www\letshop\lib\Cake\Controller\Controller.php(1086): PaginatorComponent->paginate('Order', Array, Array)
#5 D:\wamp\www\letshop\admin\Controller\HomeController.php(23): Controller->paginate('Order')
#6 [internal function]: HomeController->index()
#7 D:\wamp\www\letshop\lib\Cake\Controller\Controller.php(490): ReflectionMethod->invokeArgs(Object(HomeController), Array)
#8 D:\wamp\www\letshop\lib\Cake\Routing\Dispatcher.php(193): Controller->invokeAction(Object(CakeRequest))
#9 D:\wamp\www\letshop\lib\Cake\Routing\Dispatcher.php(167): Dispatcher->_invoke(Object(HomeController), Object(CakeRequest))
#10 D:\wamp\www\letshop\admin\webroot\index.php(92): Dispatcher->dispatch(Object(CakeRequest), Object(CakeResponse))
#11 {main}
2016-01-22 13:59:24 Error: [MissingTableException] Table orders for model Order was not found in datasource default.
Exception Attributes: array (
  'table' => 'orders',
  'class' => 'Order',
  'ds' => 'default',
)
Request URL: /admin/
Stack Trace:
#0 D:\wamp\www\letshop\lib\Cake\Model\Model.php(3653): Model->setSource('orders')
#1 D:\wamp\www\letshop\lib\Cake\Model\Model.php(3031): Model->getDataSource()
#2 D:\wamp\www\letshop\lib\Cake\Model\Model.php(3003): Model->_readDataSource('all', Array)
#3 D:\wamp\www\letshop\lib\Cake\Controller\Component\PaginatorComponent.php(196): Model->find('all', Array)
#4 D:\wamp\www\letshop\lib\Cake\Controller\Controller.php(1086): PaginatorComponent->paginate('Order', Array, Array)
#5 D:\wamp\www\letshop\admin\Controller\HomeController.php(23): Controller->paginate('Order')
#6 [internal function]: HomeController->index()
#7 D:\wamp\www\letshop\lib\Cake\Controller\Controller.php(490): ReflectionMethod->invokeArgs(Object(HomeController), Array)
#8 D:\wamp\www\letshop\lib\Cake\Routing\Dispatcher.php(193): Controller->invokeAction(Object(CakeRequest))
#9 D:\wamp\www\letshop\lib\Cake\Routing\Dispatcher.php(167): Dispatcher->_invoke(Object(HomeController), Object(CakeRequest))
#10 D:\wamp\www\letshop\admin\webroot\index.php(92): Dispatcher->dispatch(Object(CakeRequest), Object(CakeResponse))
#11 {main}
2016-01-22 14:00:21 Error: [MissingTableException] Table right_categories for model RightCategory was not found in datasource default.
Exception Attributes: array (
  'table' => 'right_categories',
  'class' => 'RightCategory',
  'ds' => 'default',
)
Request URL: /admin/right_category
Stack Trace:
#0 D:\wamp\www\letshop\lib\Cake\Model\Model.php(3653): Model->setSource('right_categorie...')
#1 D:\wamp\www\letshop\lib\Cake\Model\Model.php(3031): Model->getDataSource()
#2 D:\wamp\www\letshop\lib\Cake\Model\Model.php(3003): Model->_readDataSource('all', Array)
#3 D:\wamp\www\letshop\lib\Cake\Controller\Component\PaginatorComponent.php(196): Model->find('all', Array)
#4 D:\wamp\www\letshop\lib\Cake\Controller\Controller.php(1086): PaginatorComponent->paginate('RightCategory', Array, Array)
#5 D:\wamp\www\letshop\admin\Controller\RightCategoryController.php(36): Controller->paginate('RightCategory')
#6 [internal function]: RightCategoryController->index()
#7 D:\wamp\www\letshop\lib\Cake\Controller\Controller.php(490): ReflectionMethod->invokeArgs(Object(RightCategoryController), Array)
#8 D:\wamp\www\letshop\lib\Cake\Routing\Dispatcher.php(193): Controller->invokeAction(Object(CakeRequest))
#9 D:\wamp\www\letshop\lib\Cake\Routing\Dispatcher.php(167): Dispatcher->_invoke(Object(RightCategoryController), Object(CakeRequest))
#10 D:\wamp\www\letshop\admin\webroot\index.php(92): Dispatcher->dispatch(Object(CakeRequest), Object(CakeResponse))
#11 {main}
2016-01-22 14:02:43 Error: [MissingTableException] Table right_categories for model RightCategory was not found in datasource default.
Exception Attributes: array (
  'table' => 'right_categories',
  'class' => 'RightCategory',
  'ds' => 'default',
)
Request URL: /admin/right_category
Stack Trace:
#0 D:\wamp\www\letshop\lib\Cake\Model\Model.php(3653): Model->setSource('right_categorie...')
#1 D:\wamp\www\letshop\lib\Cake\Model\Model.php(3031): Model->getDataSource()
#2 D:\wamp\www\letshop\lib\Cake\Model\Model.php(3003): Model->_readDataSource('all', Array)
#3 D:\wamp\www\letshop\lib\Cake\Controller\Component\PaginatorComponent.php(196): Model->find('all', Array)
#4 D:\wamp\www\letshop\lib\Cake\Controller\Controller.php(1086): PaginatorComponent->paginate('RightCategory', Array, Array)
#5 D:\wamp\www\letshop\admin\Controller\RightCategoryController.php(36): Controller->paginate('RightCategory')
#6 [internal function]: RightCategoryController->index()
#7 D:\wamp\www\letshop\lib\Cake\Controller\Controller.php(490): ReflectionMethod->invokeArgs(Object(RightCategoryController), Array)
#8 D:\wamp\www\letshop\lib\Cake\Routing\Dispatcher.php(193): Controller->invokeAction(Object(CakeRequest))
#9 D:\wamp\www\letshop\lib\Cake\Routing\Dispatcher.php(167): Dispatcher->_invoke(Object(RightCategoryController), Object(CakeRequest))
#10 D:\wamp\www\letshop\admin\webroot\index.php(92): Dispatcher->dispatch(Object(CakeRequest), Object(CakeResponse))
#11 {main}
2016-01-22 14:57:57 Error: [MissingTableException] Table orders for model Order was not found in datasource default.
Exception Attributes: array (
  'table' => 'orders',
  'class' => 'Order',
  'ds' => 'default',
)
Request URL: /admin/
Stack Trace:
#0 D:\wamp\www\letshop\lib\Cake\Model\Model.php(3653): Model->setSource('orders')
#1 D:\wamp\www\letshop\lib\Cake\Model\Model.php(3031): Model->getDataSource()
#2 D:\wamp\www\letshop\lib\Cake\Model\Model.php(3003): Model->_readDataSource('all', Array)
#3 D:\wamp\www\letshop\lib\Cake\Controller\Component\PaginatorComponent.php(196): Model->find('all', Array)
#4 D:\wamp\www\letshop\lib\Cake\Controller\Controller.php(1086): PaginatorComponent->paginate('Order', Array, Array)
#5 D:\wamp\www\letshop\admin\Controller\HomeController.php(24): Controller->paginate('Order')
#6 [internal function]: HomeController->index()
#7 D:\wamp\www\letshop\lib\Cake\Controller\Controller.php(490): ReflectionMethod->invokeArgs(Object(HomeController), Array)
#8 D:\wamp\www\letshop\lib\Cake\Routing\Dispatcher.php(193): Controller->invokeAction(Object(CakeRequest))
#9 D:\wamp\www\letshop\lib\Cake\Routing\Dispatcher.php(167): Dispatcher->_invoke(Object(HomeController), Object(CakeRequest))
#10 D:\wamp\www\letshop\admin\webroot\index.php(92): Dispatcher->dispatch(Object(CakeRequest), Object(CakeResponse))
#11 {main}
2016-01-22 16:40:29 Error: [MissingControllerException] Controller class HomController could not be found.
Exception Attributes: array (
  'class' => 'HomController',
  'plugin' => NULL,
)
Request URL: /admin/hom
Stack Trace:
#0 D:\xampp\htdocs\leminhhoan-01-master\admin\webroot\index.php(92): Dispatcher->dispatch(Object(CakeRequest), Object(CakeResponse))
#1 {main}
2016-01-22 17:08:23 Error: [MissingControllerException] Controller class ImgController could not be found.
Exception Attributes: array (
  'class' => 'ImgController',
  'plugin' => NULL,
)
Request URL: /admin/img/news//admin/webroot/upload/image/images/News/092015/huong-dan-ngan-nhanh-cakephp-2.jpg
Stack Trace:
#0 D:\xampp\htdocs\leminhhoan-01-master\admin\webroot\index.php(92): Dispatcher->dispatch(Object(CakeRequest), Object(CakeResponse))
#1 {main}
2016-01-22 17:08:23 Error: [MissingControllerException] Controller class ImgController could not be found.
Exception Attributes: array (
  'class' => 'ImgController',
  'plugin' => NULL,
)
Request URL: /admin/img/news//admin/webroot/upload/image/images/-Dragon-Ball-Super-dragon-ball-super-38841846-1280-720.jpg
Stack Trace:
#0 D:\xampp\htdocs\leminhhoan-01-master\admin\webroot\index.php(92): Dispatcher->dispatch(Object(CakeRequest), Object(CakeResponse))
#1 {main}
2016-01-22 17:08:23 Error: [MissingControllerException] Controller class ImgController could not be found.
Exception Attributes: array (
  'class' => 'ImgController',
  'plugin' => NULL,
)
Request URL: /admin/img/news//admin/webroot/upload/image/images/News/092015/slideshow-product.jpg
Stack Trace:
#0 D:\xampp\htdocs\leminhhoan-01-master\admin\webroot\index.php(92): Dispatcher->dispatch(Object(CakeRequest), Object(CakeResponse))
#1 {main}
2016-01-22 17:08:23 Error: [MissingControllerException] Controller class ImgController could not be found.
Exception Attributes: array (
  'class' => 'ImgController',
  'plugin' => NULL,
)
Request URL: /admin/img/news//admin/webroot/upload/image/images/News/092015/formatting-number-jquery.jpg
Stack Trace:
#0 D:\xampp\htdocs\leminhhoan-01-master\admin\webroot\index.php(92): Dispatcher->dispatch(Object(CakeRequest), Object(CakeResponse))
#1 {main}
2016-01-22 17:08:23 Error: [MissingControllerException] Controller class ImgController could not be found.
Exception Attributes: array (
  'class' => 'ImgController',
  'plugin' => NULL,
)
Request URL: /admin/img/news//admin/webroot/upload/image/images/News/092015/trojan-word-cloud.jpg
Stack Trace:
#0 D:\xampp\htdocs\leminhhoan-01-master\admin\webroot\index.php(92): Dispatcher->dispatch(Object(CakeRequest), Object(CakeResponse))
#1 {main}
2016-01-22 17:08:23 Error: [MissingControllerException] Controller class ImgController could not be found.
Exception Attributes: array (
  'class' => 'ImgController',
  'plugin' => NULL,
)
Request URL: /admin/img/news//admin/webroot/upload/image/images/News/092015/luong-it-vietnam.jpg
Stack Trace:
#0 D:\xampp\htdocs\leminhhoan-01-master\admin\webroot\index.php(92): Dispatcher->dispatch(Object(CakeRequest), Object(CakeResponse))
#1 {main}
2016-01-22 17:08:23 Error: [MissingControllerException] Controller class ImgController could not be found.
Exception Attributes: array (
  'class' => 'ImgController',
  'plugin' => NULL,
)
Request URL: /admin/img/news//admin/webroot/upload/image/images/News/092015/Make-Money-Using-Google-AdSense.jpg
Stack Trace:
#0 D:\xampp\htdocs\leminhhoan-01-master\admin\webroot\index.php(92): Dispatcher->dispatch(Object(CakeRequest), Object(CakeResponse))
#1 {main}
2016-01-22 17:08:23 Error: [MissingControllerException] Controller class ImgController could not be found.
Exception Attributes: array (
  'class' => 'ImgController',
  'plugin' => NULL,
)
Request URL: /admin/img/news//admin/webroot/upload/image/images/News/092015/social-tooltips-effect.jpg
Stack Trace:
#0 D:\xampp\htdocs\leminhhoan-01-master\admin\webroot\index.php(92): Dispatcher->dispatch(Object(CakeRequest), Object(CakeResponse))
#1 {main}
2016-01-22 17:08:39 Error: [MissingControllerException] Controller class ImgController could not be found.
Exception Attributes: array (
  'class' => 'ImgController',
  'plugin' => NULL,
)
Request URL: /admin/img/news//admin/webroot/upload/image/images/-Dragon-Ball-Super-dragon-ball-super-38841846-1280-720.jpg
Stack Trace:
#0 D:\xampp\htdocs\leminhhoan-01-master\admin\webroot\index.php(92): Dispatcher->dispatch(Object(CakeRequest), Object(CakeResponse))
#1 {main}
2016-01-22 17:08:39 Error: [MissingControllerException] Controller class ImgController could not be found.
Exception Attributes: array (
  'class' => 'ImgController',
  'plugin' => NULL,
)
Request URL: /admin/img/news//admin/webroot/upload/image/images/News/092015/slideshow-product.jpg
Stack Trace:
#0 D:\xampp\htdocs\leminhhoan-01-master\admin\webroot\index.php(92): Dispatcher->dispatch(Object(CakeRequest), Object(CakeResponse))
#1 {main}
2016-01-22 17:08:39 Error: [MissingControllerException] Controller class ImgController could not be found.
Exception Attributes: array (
  'class' => 'ImgController',
  'plugin' => NULL,
)
Request URL: /admin/img/news//admin/webroot/upload/image/images/News/092015/luong-it-vietnam.jpg
Stack Trace:
#0 D:\xampp\htdocs\leminhhoan-01-master\admin\webroot\index.php(92): Dispatcher->dispatch(Object(CakeRequest), Object(CakeResponse))
#1 {main}
2016-01-22 17:08:39 Error: [MissingControllerException] Controller class ImgController could not be found.
Exception Attributes: array (
  'class' => 'ImgController',
  'plugin' => NULL,
)
Request URL: /admin/img/news//admin/webroot/upload/image/images/News/092015/trojan-word-cloud.jpg
Stack Trace:
#0 D:\xampp\htdocs\leminhhoan-01-master\admin\webroot\index.php(92): Dispatcher->dispatch(Object(CakeRequest), Object(CakeResponse))
#1 {main}
2016-01-22 17:08:39 Error: [MissingControllerException] Controller class ImgController could not be found.
Exception Attributes: array (
  'class' => 'ImgController',
  'plugin' => NULL,
)
Request URL: /admin/img/news//admin/webroot/upload/image/images/News/092015/formatting-number-jquery.jpg
Stack Trace:
#0 D:\xampp\htdocs\leminhhoan-01-master\admin\webroot\index.php(92): Dispatcher->dispatch(Object(CakeRequest), Object(CakeResponse))
#1 {main}
2016-01-22 17:08:39 Error: [MissingControllerException] Controller class ImgController could not be found.
Exception Attributes: array (
  'class' => 'ImgController',
  'plugin' => NULL,
)
Request URL: /admin/img/news//admin/webroot/upload/image/images/News/092015/huong-dan-ngan-nhanh-cakephp-2.jpg
Stack Trace:
#0 D:\xampp\htdocs\leminhhoan-01-master\admin\webroot\index.php(92): Dispatcher->dispatch(Object(CakeRequest), Object(CakeResponse))
#1 {main}
2016-01-22 17:08:39 Error: [MissingControllerException] Controller class ImgController could not be found.
Exception Attributes: array (
  'class' => 'ImgController',
  'plugin' => NULL,
)
Request URL: /admin/img/news//admin/webroot/upload/image/images/News/092015/Make-Money-Using-Google-AdSense.jpg
Stack Trace:
#0 D:\xampp\htdocs\leminhhoan-01-master\admin\webroot\index.php(92): Dispatcher->dispatch(Object(CakeRequest), Object(CakeResponse))
#1 {main}
2016-01-22 17:08:39 Error: [MissingControllerException] Controller class ImgController could not be found.
Exception Attributes: array (
  'class' => 'ImgController',
  'plugin' => NULL,
)
Request URL: /admin/img/news//admin/webroot/upload/image/images/News/092015/social-tooltips-effect.jpg
Stack Trace:
#0 D:\xampp\htdocs\leminhhoan-01-master\admin\webroot\index.php(92): Dispatcher->dispatch(Object(CakeRequest), Object(CakeResponse))
#1 {main}
2016-01-22 17:18:25 Error: [MissingControllerException] Controller class WebrootController could not be found.
Exception Attributes: array (
  'class' => 'WebrootController',
  'plugin' => NULL,
)
Request URL: /admin/webroot/upload/image/images/News/092015/muc-luong-it-toan-cau.jpg
Stack Trace:
#0 D:\xampp\htdocs\leminhhoan-01-master\admin\webroot\index.php(92): Dispatcher->dispatch(Object(CakeRequest), Object(CakeResponse))
#1 {main}
2016-01-22 17:18:25 Error: [MissingControllerException] Controller class WebrootController could not be found.
Exception Attributes: array (
  'class' => 'WebrootController',
  'plugin' => NULL,
)
Request URL: /admin/webroot/upload/image/images/News/092015/muc-luong-it-toan-cau.jpg
Stack Trace:
#0 D:\xampp\htdocs\leminhhoan-01-master\admin\webroot\index.php(92): Dispatcher->dispatch(Object(CakeRequest), Object(CakeResponse))
#1 {main}
2016-01-22 17:18:43 Error: [MissingControllerException] Controller class WebrootController could not be found.
Exception Attributes: array (
  'class' => 'WebrootController',
  'plugin' => NULL,
)
Request URL: /admin/webroot/upload/image/images/News/092015/slideshow-product.jpg
Stack Trace:
#0 D:\xampp\htdocs\leminhhoan-01-master\admin\webroot\index.php(92): Dispatcher->dispatch(Object(CakeRequest), Object(CakeResponse))
#1 {main}
2016-01-22 17:19:49 Error: [MissingControllerException] Controller class WebrootController could not be found.
Exception Attributes: array (
  'class' => 'WebrootController',
  'plugin' => NULL,
)
Request URL: /admin/webroot/upload/image/images/News/092015/slideshow-product.jpg
Stack Trace:
#0 D:\xampp\htdocs\leminhhoan-01-master\admin\webroot\index.php(92): Dispatcher->dispatch(Object(CakeRequest), Object(CakeResponse))
#1 {main}
2016-01-22 17:19:49 Error: [MissingControllerException] Controller class WebrootController could not be found.
Exception Attributes: array (
  'class' => 'WebrootController',
  'plugin' => NULL,
)
Request URL: /admin/webroot/upload/image/images/News/092015/slideshow-product.jpg
Stack Trace:
#0 D:\xampp\htdocs\leminhhoan-01-master\admin\webroot\index.php(92): Dispatcher->dispatch(Object(CakeRequest), Object(CakeResponse))
#1 {main}
2016-01-22 18:13:55 Error: [MissingControllerException] Controller class WebrootController could not be found.
Exception Attributes: array (
  'class' => 'WebrootController',
  'plugin' => NULL,
)
Request URL: /admin/webroot/upload/image/images/News/092015/Antivirus%20scan%20for%201b8e36f8562ffbdbcbc4f2ac469d5630d374174a97aa35766c08119549ecee37%20at%202015-09-17%2002-35-24%20UTC%20-%20VirusTotal%202015-09-17%2013-39-46.png
Stack Trace:
#0 D:\xampp\htdocs\leminhhoan-01-master\admin\webroot\index.php(92): Dispatcher->dispatch(Object(CakeRequest), Object(CakeResponse))
#1 {main}
2016-01-22 18:13:55 Error: [MissingControllerException] Controller class WebrootController could not be found.
Exception Attributes: array (
  'class' => 'WebrootController',
  'plugin' => NULL,
)
Request URL: /admin/webroot/upload/image/images/News/092015/Antivirus%20scan%20for%201b8e36f8562ffbdbcbc4f2ac469d5630d374174a97aa35766c08119549ecee37%20at%202015-09-17%2002-35-24%20UTC%20-%20VirusTotal%202015-09-17%2013-39-46.png
Stack Trace:
#0 D:\xampp\htdocs\leminhhoan-01-master\admin\webroot\index.php(92): Dispatcher->dispatch(Object(CakeRequest), Object(CakeResponse))
#1 {main}
2016-01-22 18:13:55 Error: [MissingControllerException] Controller class WebrootController could not be found.
Exception Attributes: array (
  'class' => 'WebrootController',
  'plugin' => NULL,
)
Request URL: /admin/webroot/upload/image/images/News/092015/virus-total-com-scan.jpg
Stack Trace:
#0 D:\xampp\htdocs\leminhhoan-01-master\admin\webroot\index.php(92): Dispatcher->dispatch(Object(CakeRequest), Object(CakeResponse))
#1 {main}
2016-01-22 18:13:55 Error: [MissingControllerException] Controller class WebrootController could not be found.
Exception Attributes: array (
  'class' => 'WebrootController',
  'plugin' => NULL,
)
Request URL: /admin/webroot/upload/image/images/News/092015/virus-total-com.jpg
Stack Trace:
#0 D:\xampp\htdocs\leminhhoan-01-master\admin\webroot\index.php(92): Dispatcher->dispatch(Object(CakeRequest), Object(CakeResponse))
#1 {main}
2016-01-22 18:13:55 Error: [MissingControllerException] Controller class WebrootController could not be found.
Exception Attributes: array (
  'class' => 'WebrootController',
  'plugin' => NULL,
)
Request URL: /admin/webroot/upload/image/images/News/092015/virus-total-com-scan.jpg
Stack Trace:
#0 D:\xampp\htdocs\leminhhoan-01-master\admin\webroot\index.php(92): Dispatcher->dispatch(Object(CakeRequest), Object(CakeResponse))
#1 {main}
2016-01-22 18:13:55 Error: [MissingControllerException] Controller class WebrootController could not be found.
Exception Attributes: array (
  'class' => 'WebrootController',
  'plugin' => NULL,
)
Request URL: /admin/webroot/upload/image/images/News/092015/virus-total-com.jpg
Stack Trace:
#0 D:\xampp\htdocs\leminhhoan-01-master\admin\webroot\index.php(92): Dispatcher->dispatch(Object(CakeRequest), Object(CakeResponse))
#1 {main}
2016-01-22 18:14:11 Error: [MissingControllerException] Controller class WebrootController could not be found.
Exception Attributes: array (
  'class' => 'WebrootController',
  'plugin' => NULL,
)
Request URL: /admin/webroot/upload/image/images/News/092015/cakephp-smarty-vendor.jpg
Stack Trace:
#0 D:\xampp\htdocs\leminhhoan-01-master\admin\webroot\index.php(92): Dispatcher->dispatch(Object(CakeRequest), Object(CakeResponse))
#1 {main}
2016-01-22 18:14:11 Error: [MissingControllerException] Controller class WebrootController could not be found.
Exception Attributes: array (
  'class' => 'WebrootController',
  'plugin' => NULL,
)
Request URL: /admin/webroot/upload/image/images/News/092015/cakephp-smarty-plugin.jpg
Stack Trace:
#0 D:\xampp\htdocs\leminhhoan-01-master\admin\webroot\index.php(92): Dispatcher->dispatch(Object(CakeRequest), Object(CakeResponse))
#1 {main}
2016-01-22 18:14:11 Error: [MissingControllerException] Controller class WebrootController could not be found.
Exception Attributes: array (
  'class' => 'WebrootController',
  'plugin' => NULL,
)
Request URL: /admin/webroot/upload/image/images/News/092015/cakephp-smarty-result.jpg
Stack Trace:
#0 D:\xampp\htdocs\leminhhoan-01-master\admin\webroot\index.php(92): Dispatcher->dispatch(Object(CakeRequest), Object(CakeResponse))
#1 {main}
2016-01-22 18:14:11 Error: [MissingControllerException] Controller class WebrootController could not be found.
Exception Attributes: array (
  'class' => 'WebrootController',
  'plugin' => NULL,
)
Request URL: /admin/webroot/upload/image/images/News/092015/cakephp-smarty-pages-controller.jpg
Stack Trace:
#0 D:\xampp\htdocs\leminhhoan-01-master\admin\webroot\index.php(92): Dispatcher->dispatch(Object(CakeRequest), Object(CakeResponse))
#1 {main}
2016-01-22 18:45:33 Error: [MissingControllerException] Controller class WebrootController could not be found.
Exception Attributes: array (
  'class' => 'WebrootController',
  'plugin' => NULL,
)
Request URL: /admin/webroot/upload/image/images/News/092015/muc-luong-it-toan-cau.jpg
Stack Trace:
#0 D:\xampp\htdocs\leminhhoan-01-master\admin\webroot\index.php(92): Dispatcher->dispatch(Object(CakeRequest), Object(CakeResponse))
#1 {main}
2016-01-22 18:45:33 Error: [MissingControllerException] Controller class WebrootController could not be found.
Exception Attributes: array (
  'class' => 'WebrootController',
  'plugin' => NULL,
)
Request URL: /admin/webroot/upload/image/images/News/092015/muc-luong-it-toan-cau.jpg
Stack Trace:
#0 D:\xampp\htdocs\leminhhoan-01-master\admin\webroot\index.php(92): Dispatcher->dispatch(Object(CakeRequest), Object(CakeResponse))
#1 {main}
2016-01-22 18:45:54 Error: [MissingControllerException] Controller class WebrootController could not be found.
Exception Attributes: array (
  'class' => 'WebrootController',
  'plugin' => NULL,
)
Request URL: /admin/webroot/upload/image/images/News/092015/muc-luong-it-toan-cau.jpg
Stack Trace:
#0 D:\xampp\htdocs\leminhhoan-01-master\admin\webroot\index.php(92): Dispatcher->dispatch(Object(CakeRequest), Object(CakeResponse))
#1 {main}
2016-01-22 18:45:54 Error: [MissingControllerException] Controller class WebrootController could not be found.
Exception Attributes: array (
  'class' => 'WebrootController',
  'plugin' => NULL,
)
Request URL: /admin/webroot/upload/image/images/News/092015/muc-luong-it-toan-cau.jpg
Stack Trace:
#0 D:\xampp\htdocs\leminhhoan-01-master\admin\webroot\index.php(92): Dispatcher->dispatch(Object(CakeRequest), Object(CakeResponse))
#1 {main}
2016-01-22 18:46:05 Error: [MissingControllerException] Controller class WebrootController could not be found.
Exception Attributes: array (
  'class' => 'WebrootController',
  'plugin' => NULL,
)
Request URL: /admin/webroot/upload/image/images/News/092015/slideshow-product.jpg
Stack Trace:
#0 D:\xampp\htdocs\leminhhoan-01-master\admin\webroot\index.php(92): Dispatcher->dispatch(Object(CakeRequest), Object(CakeResponse))
#1 {main}
2016-01-22 18:46:05 Error: [MissingControllerException] Controller class WebrootController could not be found.
Exception Attributes: array (
  'class' => 'WebrootController',
  'plugin' => NULL,
)
Request URL: /admin/webroot/upload/image/images/News/092015/slideshow-product.jpg
Stack Trace:
#0 D:\xampp\htdocs\leminhhoan-01-master\admin\webroot\index.php(92): Dispatcher->dispatch(Object(CakeRequest), Object(CakeResponse))
#1 {main}
2016-01-22 18:46:15 Error: [MissingControllerException] Controller class WebrootController could not be found.
Exception Attributes: array (
  'class' => 'WebrootController',
  'plugin' => NULL,
)
Request URL: /admin/webroot/upload/image/images/News/092015/virus-total-com.jpg
Stack Trace:
#0 D:\xampp\htdocs\leminhhoan-01-master\admin\webroot\index.php(92): Dispatcher->dispatch(Object(CakeRequest), Object(CakeResponse))
#1 {main}
2016-01-22 18:46:15 Error: [MissingControllerException] Controller class WebrootController could not be found.
Exception Attributes: array (
  'class' => 'WebrootController',
  'plugin' => NULL,
)
Request URL: /admin/webroot/upload/image/images/News/092015/virus-total-com-scan.jpg
Stack Trace:
#0 D:\xampp\htdocs\leminhhoan-01-master\admin\webroot\index.php(92): Dispatcher->dispatch(Object(CakeRequest), Object(CakeResponse))
#1 {main}
2016-01-22 18:46:15 Error: [MissingControllerException] Controller class WebrootController could not be found.
Exception Attributes: array (
  'class' => 'WebrootController',
  'plugin' => NULL,
)
Request URL: /admin/webroot/upload/image/images/News/092015/Antivirus%20scan%20for%201b8e36f8562ffbdbcbc4f2ac469d5630d374174a97aa35766c08119549ecee37%20at%202015-09-17%2002-35-24%20UTC%20-%20VirusTotal%202015-09-17%2013-39-46.png
Stack Trace:
#0 D:\xampp\htdocs\leminhhoan-01-master\admin\webroot\index.php(92): Dispatcher->dispatch(Object(CakeRequest), Object(CakeResponse))
#1 {main}
2016-01-22 18:46:42 Error: [MissingControllerException] Controller class WebrootController could not be found.
Exception Attributes: array (
  'class' => 'WebrootController',
  'plugin' => NULL,
)
Request URL: /admin/webroot/upload/image/images/News/092015/cakephp-smarty-result.jpg
Stack Trace:
#0 D:\xampp\htdocs\leminhhoan-01-master\admin\webroot\index.php(92): Dispatcher->dispatch(Object(CakeRequest), Object(CakeResponse))
#1 {main}
2016-01-22 18:46:42 Error: [MissingControllerException] Controller class WebrootController could not be found.
Exception Attributes: array (
  'class' => 'WebrootController',
  'plugin' => NULL,
)
Request URL: /admin/webroot/upload/image/images/News/092015/cakephp-smarty-pages-controller.jpg
Stack Trace:
#0 D:\xampp\htdocs\leminhhoan-01-master\admin\webroot\index.php(92): Dispatcher->dispatch(Object(CakeRequest), Object(CakeResponse))
#1 {main}
2016-01-22 18:46:42 Error: [MissingControllerException] Controller class WebrootController could not be found.
Exception Attributes: array (
  'class' => 'WebrootController',
  'plugin' => NULL,
)
Request URL: /admin/webroot/upload/image/images/News/092015/cakephp-smarty-vendor.jpg
Stack Trace:
#0 D:\xampp\htdocs\leminhhoan-01-master\admin\webroot\index.php(92): Dispatcher->dispatch(Object(CakeRequest), Object(CakeResponse))
#1 {main}
2016-01-22 18:46:42 Error: [MissingControllerException] Controller class WebrootController could not be found.
Exception Attributes: array (
  'class' => 'WebrootController',
  'plugin' => NULL,
)
Request URL: /admin/webroot/upload/image/images/News/092015/cakephp-smarty-plugin.jpg
Stack Trace:
#0 D:\xampp\htdocs\leminhhoan-01-master\admin\webroot\index.php(92): Dispatcher->dispatch(Object(CakeRequest), Object(CakeResponse))
#1 {main}
